<?xml version="1.0" encoding="UTF-8"?>
<testsuite xmlns:xsi="http://www.w3.org/2001/XMLSchema-instance" xsi:noNamespaceSchemaLocation="https://maven.apache.org/surefire/maven-surefire-plugin/xsd/surefire-test-report-3.0.xsd" version="3.0" name="com.CentroMedico.CentroMedico.CentroMedicoApplicationTests" time="2.311" tests="1" errors="0" skipped="0" failures="0">
  <properties>
[...]
</properties>
  <testcase name="contextLoads" classname="com.CentroMedico.CentroMedico.CentroMedicoApplicationTests" time="0.004">
    <system-out><![CDATA[2024-05-05T13:25:46.543-04:00 DEBUG 87501 --- [centromedico] [           main] .b.t.c.SpringBootTestContextBootstrapper : Neither @ContextConfiguration nor @ContextHierarchy found for test class [CentroMedicoApplicationTests]: using SpringBootContextLoader
2024-05-05T13:25:46.544-04:00 DEBUG 87501 --- [centromedico] [           main] o.s.t.c.support.AbstractContextLoader    : Could not detect default resource locations for test class [com.CentroMedico.CentroMedico.CentroMedicoApplicationTests]: no resource found for suffixes {-context.xml, Context.groovy}.
2024-05-05T13:25:46.544-04:00  INFO 87501 --- [centromedico] [           main] t.c.s.AnnotationConfigContextLoaderUtils : Could not detect default configuration classes for test class [com.CentroMedico.CentroMedico.CentroMedicoApplicationTests]: CentroMedicoApplicationTests does not declare any static, non-private, non-final, nested classes annotated with @Configuration.
2024-05-05T13:25:46.544-04:00 DEBUG 87501 --- [centromedico] [           main] .b.t.c.SpringBootTestContextBootstrapper : Using ContextCustomizerFactory implementations for test class [CentroMedicoApplicationTests]: [ImportsContextCustomizerFactory, ExcludeFilterContextCustomizerFactory, HttpGraphQlTesterContextCustomizerFactory, DuplicateJsonObjectContextCustomizerFactory, MockitoContextCustomizerFactory, TestRestTemplateContextCustomizerFactory, WebTestClientContextCustomizerFactory, OverrideAutoConfigurationContextCustomizerFactory, ObservabilityContextCustomizerFactory, TypeExcludeFiltersContextCustomizerFactory, PropertyMappingContextCustomizerFactory, WebDriverContextCustomizerFactory, MockServerContainerContextCustomizerFactory, DynamicPropertiesContextCustomizerFactory]
2024-05-05T13:25:46.546-04:00 DEBUG 87501 --- [centromedico] [           main] .b.t.c.SpringBootTestContextBootstrapper : Using ContextCustomizers for test class [CentroMedicoApplicationTests]: [ExcludeFilterContextCustomizer, DuplicateJsonObjectContextCustomizer, MockitoContextCustomizer, TestRestTemplateContextCustomizer, DisableObservabilityContextCustomizer, PropertyMappingContextCustomizer, WebDriverContextCustomizer]
2024-05-05T13:25:46.551-04:00 DEBUG 87501 --- [centromedico] [           main] ssPathScanningCandidateComponentProvider : Identified candidate component class: file [/Users/pablojavier/Documents/Study/Entregas Examen /Ejemplos/centromedico/target/classes/com/CentroMedico/CentroMedico/CentroMedicoApplication.class]
2024-05-05T13:25:46.551-04:00  INFO 87501 --- [centromedico] [           main] .b.t.c.SpringBootTestContextBootstrapper : Found @SpringBootConfiguration com.CentroMedico.CentroMedico.CentroMedicoApplication for test class com.CentroMedico.CentroMedico.CentroMedicoApplicationTests
2024-05-05T13:25:46.553-04:00 DEBUG 87501 --- [centromedico] [           main] .s.t.c.u.TestContextSpringFactoriesUtils : Skipping candidate TestExecutionListener [org.springframework.test.context.observation.MicrometerObservationRegistryTestExecutionListener] due to a missing dependency. Specify custom TestExecutionListener classes or make the default TestExecutionListener classes and their required dependencies available. Offending class: io.micrometer.context.ThreadLocalAccessor. MicrometerObservationRegistryTestExecutionListener requires io.micrometer:micrometer-observation:1.10.8 or higher and io.micrometer:context-propagation:1.0.3 or higher.
2024-05-05T13:25:46.553-04:00 DEBUG 87501 --- [centromedico] [           main] .b.t.c.SpringBootTestContextBootstrapper : Using TestExecutionListeners for test class [CentroMedicoApplicationTests]: [ServletTestExecutionListener, DirtiesContextBeforeModesTestExecutionListener, ApplicationEventsTestExecutionListener, MockitoTestExecutionListener, DependencyInjectionTestExecutionListener, DirtiesContextTestExecutionListener, TransactionalTestExecutionListener, SqlScriptsTestExecutionListener, EventPublishingTestExecutionListener, ResetMocksTestExecutionListener, RestDocsTestExecutionListener, MockRestServiceServerResetTestExecutionListener, MockMvcPrintOnlyOnFailureTestExecutionListener, WebDriverTestExecutionListener, MockWebServiceServerTestExecutionListener]
2024-05-05T13:25:46.553-04:00 DEBUG 87501 --- [centromedico] [           main] sContextBeforeModesTestExecutionListener : Before test class: class [CentroMedicoApplicationTests], class annotated with @DirtiesContext [false] with mode [null]
2024-05-05T13:25:46.555-04:00  INFO 87501 --- [centromedico] [           main] o.s.b.d.r.RestartApplicationListener     : Restart disabled due to context in which it is running
2024-05-05T13:25:46.570-04:00 DEBUG 87501 --- [centromedico] [           main] .s.b.w.s.c.ApplicationServletEnvironment : Activating profiles []
2024-05-05T13:25:46.571-04:00 DEBUG 87501 --- [centromedico] [           main] o.s.c.e.PropertySourcesPropertyResolver  : Found key 'spring.application.name' in PropertySource 'configurationProperties' with value of type String

  .   ____          _            __ _ _
 /\\ / ___'_ __ _ _(_)_ __  __ _ \ \ \ \
( ( )\___ | '_ | '_| | '_ \/ _` | \ \ \ \
 \\/  ___)| |_)| | | | | || (_| |  ) ) ) )
  '  |____| .__|_| |_|_| |_\__, | / / / /
 =========|_|==============|___/=/_/_/_/
 :: Spring Boot ::                (v3.2.4)

2024-05-05T13:25:46.574-04:00  INFO 87501 --- [centromedico] [           main] c.C.C.CentroMedicoApplicationTests       : Starting CentroMedicoApplicationTests using Java 21.0.2 with PID 87501 (started by pablojavier in /Users/pablojavier/Documents/Study/Entregas Examen /Ejemplos/centromedico)
2024-05-05T13:25:46.574-04:00  INFO 87501 --- [centromedico] [           main] c.C.C.CentroMedicoApplicationTests       : No active profile set, falling back to 1 default profile: "default"
2024-05-05T13:25:46.574-04:00 DEBUG 87501 --- [centromedico] [           main] o.s.boot.SpringApplication               : Loading source class com.CentroMedico.CentroMedico.CentroMedicoApplication
2024-05-05T13:25:46.575-04:00 DEBUG 87501 --- [centromedico] [           main] o.s.w.c.s.GenericWebApplicationContext   : Refreshing org.springframework.web.context.support.GenericWebApplicationContext@664f1c53
2024-05-05T13:25:46.576-04:00 DEBUG 87501 --- [centromedico] [           main] o.s.b.f.s.DefaultListableBeanFactory     : Creating shared instance of singleton bean 'org.springframework.context.annotation.internalConfigurationAnnotationProcessor'
2024-05-05T13:25:46.576-04:00 DEBUG 87501 --- [centromedico] [           main] o.s.b.f.s.DefaultListableBeanFactory     : Creating shared instance of singleton bean 'org.springframework.boot.autoconfigure.internalCachingMetadataReaderFactory'
2024-05-05T13:25:46.581-04:00 DEBUG 87501 --- [centromedico] [           main] o.s.c.a.ClassPathBeanDefinitionScanner   : Identified candidate component class: file [/Users/pablojavier/Documents/Study/Entregas Examen /Ejemplos/centromedico/target/classes/com/CentroMedico/CentroMedico/controller/ConsultaMedicaController.class]
2024-05-05T13:25:46.582-04:00 DEBUG 87501 --- [centromedico] [           main] o.s.c.a.ClassPathBeanDefinitionScanner   : Identified candidate component class: file [/Users/pablojavier/Documents/Study/Entregas Examen /Ejemplos/centromedico/target/classes/com/CentroMedico/CentroMedico/controller/HistorialMedicoController.class]
2024-05-05T13:25:46.582-04:00 DEBUG 87501 --- [centromedico] [           main] o.s.c.a.ClassPathBeanDefinitionScanner   : Identified candidate component class: file [/Users/pablojavier/Documents/Study/Entregas Examen /Ejemplos/centromedico/target/classes/com/CentroMedico/CentroMedico/controller/PacienteController.class]
2024-05-05T13:25:46.583-04:00 DEBUG 87501 --- [centromedico] [           main] o.s.c.a.ClassPathBeanDefinitionScanner   : Identified candidate component class: file [/Users/pablojavier/Documents/Study/Entregas Examen /Ejemplos/centromedico/target/classes/com/CentroMedico/CentroMedico/controller/ProfesionalController.class]
2024-05-05T13:25:46.584-04:00 DEBUG 87501 --- [centromedico] [           main] o.s.c.a.ClassPathBeanDefinitionScanner   : Identified candidate component class: file [/Users/pablojavier/Documents/Study/Entregas Examen /Ejemplos/centromedico/target/classes/com/CentroMedico/CentroMedico/service/ConsultaMedicaServiceImpl.class]
2024-05-05T13:25:46.584-04:00 DEBUG 87501 --- [centromedico] [           main] o.s.c.a.ClassPathBeanDefinitionScanner   : Identified candidate component class: file [/Users/pablojavier/Documents/Study/Entregas Examen /Ejemplos/centromedico/target/classes/com/CentroMedico/CentroMedico/service/EspecialidadServiceImpl.class]
2024-05-05T13:25:46.585-04:00 DEBUG 87501 --- [centromedico] [           main] o.s.c.a.ClassPathBeanDefinitionScanner   : Identified candidate component class: file [/Users/pablojavier/Documents/Study/Entregas Examen /Ejemplos/centromedico/target/classes/com/CentroMedico/CentroMedico/service/PacienteServiceImpl.class]
2024-05-05T13:25:46.585-04:00 DEBUG 87501 --- [centromedico] [           main] o.s.c.a.ClassPathBeanDefinitionScanner   : Identified candidate component class: file [/Users/pablojavier/Documents/Study/Entregas Examen /Ejemplos/centromedico/target/classes/com/CentroMedico/CentroMedico/service/ProfesionalServiceImpl.class]
2024-05-05T13:25:46.836-04:00  INFO 87501 --- [centromedico] [           main] .s.d.r.c.RepositoryConfigurationDelegate : Bootstrapping Spring Data JPA repositories in DEFAULT mode.
2024-05-05T13:25:46.836-04:00 DEBUG 87501 --- [centromedico] [           main] o.s.b.f.s.DefaultListableBeanFactory     : Creating shared instance of singleton bean 'org.springframework.boot.autoconfigure.AutoConfigurationPackages'
2024-05-05T13:25:46.837-04:00 DEBUG 87501 --- [centromedico] [           main] o.s.b.a.AutoConfigurationPackages        : @EnableAutoConfiguration was declared on a class in the package 'com.CentroMedico.CentroMedico'. Automatic @Repository and @Entity scanning is enabled.
2024-05-05T13:25:46.837-04:00 DEBUG 87501 --- [centromedico] [           main] .s.d.r.c.RepositoryConfigurationDelegate : Scanning for JPA repositories in packages com.CentroMedico.CentroMedico.
2024-05-05T13:25:46.840-04:00 DEBUG 87501 --- [centromedico] [           main] o.s.d.r.c.RepositoryComponentProvider    : Identified candidate component class: file [/Users/pablojavier/Documents/Study/Entregas Examen /Ejemplos/centromedico/target/classes/com/CentroMedico/CentroMedico/repository/ConsultaMedicaRepository.class]
2024-05-05T13:25:46.840-04:00 DEBUG 87501 --- [centromedico] [           main] o.s.d.r.c.RepositoryComponentProvider    : Identified candidate component class: file [/Users/pablojavier/Documents/Study/Entregas Examen /Ejemplos/centromedico/target/classes/com/CentroMedico/CentroMedico/repository/EspecialidadRepository.class]
2024-05-05T13:25:46.840-04:00 DEBUG 87501 --- [centromedico] [           main] o.s.d.r.c.RepositoryComponentProvider    : Identified candidate component class: file [/Users/pablojavier/Documents/Study/Entregas Examen /Ejemplos/centromedico/target/classes/com/CentroMedico/CentroMedico/repository/PacienteRepository.class]
2024-05-05T13:25:46.840-04:00 DEBUG 87501 --- [centromedico] [           main] o.s.d.r.c.RepositoryComponentProvider    : Identified candidate component class: file [/Users/pablojavier/Documents/Study/Entregas Examen /Ejemplos/centromedico/target/classes/com/CentroMedico/CentroMedico/repository/ProfesionalRepository.class]
2024-05-05T13:25:46.844-04:00 DEBUG 87501 --- [centromedico] [           main] ssPathScanningCandidateComponentProvider : Identified candidate component class: file [/Users/pablojavier/Documents/Study/Entregas Examen /Ejemplos/centromedico/target/classes/com/CentroMedico/CentroMedico/service/ConsultaMedicaServiceImpl.class]
2024-05-05T13:25:46.844-04:00 DEBUG 87501 --- [centromedico] [           main] ssPathScanningCandidateComponentProvider : Identified candidate component class: file [/Users/pablojavier/Documents/Study/Entregas Examen /Ejemplos/centromedico/target/classes/com/CentroMedico/CentroMedico/service/EspecialidadServiceImpl.class]
2024-05-05T13:25:46.844-04:00 DEBUG 87501 --- [centromedico] [           main] ssPathScanningCandidateComponentProvider : Identified candidate component class: file [/Users/pablojavier/Documents/Study/Entregas Examen /Ejemplos/centromedico/target/classes/com/CentroMedico/CentroMedico/service/PacienteServiceImpl.class]
2024-05-05T13:25:46.844-04:00 DEBUG 87501 --- [centromedico] [           main] ssPathScanningCandidateComponentProvider : Identified candidate component class: file [/Users/pablojavier/Documents/Study/Entregas Examen /Ejemplos/centromedico/target/classes/com/CentroMedico/CentroMedico/service/ProfesionalServiceImpl.class]
2024-05-05T13:25:46.846-04:00  INFO 87501 --- [centromedico] [           main] .s.d.r.c.RepositoryConfigurationDelegate : Finished Spring Data repository scanning in 8 ms. Found 4 JPA repository interfaces.
2024-05-05T13:25:46.867-04:00 DEBUG 87501 --- [centromedico] [           main] o.s.b.f.s.DefaultListableBeanFactory     : Creating shared instance of singleton bean 'propertySourcesPlaceholderConfigurer'
2024-05-05T13:25:46.869-04:00 DEBUG 87501 --- [centromedico] [           main] o.s.b.f.s.DefaultListableBeanFactory     : Creating shared instance of singleton bean 'org.springframework.boot.test.mock.mockito.MockitoPostProcessor'
2024-05-05T13:25:46.870-04:00 DEBUG 87501 --- [centromedico] [           main] o.s.b.f.s.DefaultListableBeanFactory     : Creating shared instance of singleton bean 'emBeanDefinitionRegistrarPostProcessor'
2024-05-05T13:25:46.870-04:00 DEBUG 87501 --- [centromedico] [           main] o.s.b.f.s.DefaultListableBeanFactory     : Creating shared instance of singleton bean 'org.springframework.boot.sql.init.dependency.DatabaseInitializationDependencyConfigurer$DependsOnDatabaseInitializationPostProcessor'
2024-05-05T13:25:46.886-04:00 DEBUG 87501 --- [centromedico] [           main] o.s.b.f.s.DefaultListableBeanFactory     : Creating shared instance of singleton bean 'org.springframework.context.event.internalEventListenerProcessor'
2024-05-05T13:25:46.886-04:00 DEBUG 87501 --- [centromedico] [           main] o.s.b.f.s.DefaultListableBeanFactory     : Creating shared instance of singleton bean 'preserveErrorControllerTargetClassPostProcessor'
2024-05-05T13:25:46.886-04:00 DEBUG 87501 --- [centromedico] [           main] o.s.b.f.s.DefaultListableBeanFactory     : Creating shared instance of singleton bean 'org.springframework.context.event.internalEventListenerFactory'
2024-05-05T13:25:46.886-04:00 DEBUG 87501 --- [centromedico] [           main] o.s.b.f.s.DefaultListableBeanFactory     : Creating shared instance of singleton bean 'org.springframework.transaction.config.internalTransactionalEventListenerFactory'
2024-05-05T13:25:46.887-04:00 DEBUG 87501 --- [centromedico] [           main] o.s.b.f.s.DefaultListableBeanFactory     : Creating shared instance of singleton bean 'org.springframework.boot.test.mock.mockito.MockitoPostProcessor$SpyPostProcessor'
2024-05-05T13:25:46.887-04:00 DEBUG 87501 --- [centromedico] [           main] o.s.b.f.s.DefaultListableBeanFactory     : Creating shared instance of singleton bean 'org.springframework.context.annotation.internalAutowiredAnnotationProcessor'
2024-05-05T13:25:46.888-04:00 DEBUG 87501 --- [centromedico] [           main] o.s.b.f.s.DefaultListableBeanFactory     : Creating shared instance of singleton bean 'org.springframework.context.annotation.internalCommonAnnotationProcessor'
2024-05-05T13:25:46.888-04:00 DEBUG 87501 --- [centromedico] [           main] o.s.b.f.s.DefaultListableBeanFactory     : Creating shared instance of singleton bean 'org.springframework.context.annotation.internalPersistenceAnnotationProcessor'
2024-05-05T13:25:46.888-04:00 DEBUG 87501 --- [centromedico] [           main] o.s.b.f.s.DefaultListableBeanFactory     : Creating shared instance of singleton bean 'org.springframework.boot.context.properties.ConfigurationPropertiesBindingPostProcessor'
2024-05-05T13:25:46.888-04:00 DEBUG 87501 --- [centromedico] [           main] o.s.b.f.s.DefaultListableBeanFactory     : Creating shared instance of singleton bean 'org.springframework.boot.context.internalConfigurationPropertiesBinder'
2024-05-05T13:25:46.888-04:00 DEBUG 87501 --- [centromedico] [           main] o.s.b.f.s.DefaultListableBeanFactory     : Creating shared instance of singleton bean 'jdbcConnectionDetailsHikariBeanPostProcessor'
2024-05-05T13:25:46.888-04:00 DEBUG 87501 --- [centromedico] [           main] o.s.b.f.s.DefaultListableBeanFactory     : Creating shared instance of singleton bean 'org.springframework.aop.config.internalAutoProxyCreator'
2024-05-05T13:25:46.899-04:00 DEBUG 87501 --- [centromedico] [           main] o.s.b.f.s.DefaultListableBeanFactory     : Creating shared instance of singleton bean 'persistenceExceptionTranslationPostProcessor'
2024-05-05T13:25:46.901-04:00 DEBUG 87501 --- [centromedico] [           main] o.s.b.f.s.DefaultListableBeanFactory     : Autowiring by type from bean name 'persistenceExceptionTranslationPostProcessor' via factory method to bean named 'environment'
2024-05-05T13:25:46.902-04:00 DEBUG 87501 --- [centromedico] [           main] o.s.b.f.s.DefaultListableBeanFactory     : Creating shared instance of singleton bean 'webServerFactoryCustomizerBeanPostProcessor'
2024-05-05T13:25:46.902-04:00 DEBUG 87501 --- [centromedico] [           main] o.s.b.f.s.DefaultListableBeanFactory     : Creating shared instance of singleton bean 'errorPageRegistrarBeanPostProcessor'
2024-05-05T13:25:46.903-04:00 DEBUG 87501 --- [centromedico] [           main] o.s.b.f.s.DefaultListableBeanFactory     : Creating shared instance of singleton bean 'healthEndpointGroupsBeanPostProcessor'
2024-05-05T13:25:46.903-04:00 DEBUG 87501 --- [centromedico] [           main] o.s.b.f.s.DefaultListableBeanFactory     : Creating shared instance of singleton bean 'org.springframework.transaction.config.internalTransactionAdvisor'
2024-05-05T13:25:46.903-04:00 DEBUG 87501 --- [centromedico] [           main] o.s.b.f.s.DefaultListableBeanFactory     : Creating shared instance of singleton bean 'org.springframework.transaction.annotation.ProxyTransactionManagementConfiguration'
2024-05-05T13:25:46.912-04:00 DEBUG 87501 --- [centromedico] [           main] .s.a.a.a.ReflectiveAspectJAdvisorFactory : Found AspectJ method: public java.lang.Object io.micrometer.observation.aop.ObservedAspect.observeClass(org.aspectj.lang.ProceedingJoinPoint) throws java.lang.Throwable
2024-05-05T13:25:46.913-04:00 DEBUG 87501 --- [centromedico] [           main] .s.a.a.a.ReflectiveAspectJAdvisorFactory : Found AspectJ method: public java.lang.Object io.micrometer.observation.aop.ObservedAspect.observeMethod(org.aspectj.lang.ProceedingJoinPoint) throws java.lang.Throwable
2024-05-05T13:25:46.995-04:00 DEBUG 87501 --- [centromedico] [           main] o.s.b.f.s.DefaultListableBeanFactory     : Creating shared instance of singleton bean 'transactionAttributeSource'
2024-05-05T13:25:46.998-04:00 DEBUG 87501 --- [centromedico] [           main] o.s.b.f.s.DefaultListableBeanFactory     : Creating shared instance of singleton bean 'transactionInterceptor'
2024-05-05T13:25:46.998-04:00 DEBUG 87501 --- [centromedico] [           main] o.s.b.f.s.DefaultListableBeanFactory     : Autowiring by type from bean name 'transactionInterceptor' via factory method to bean named 'transactionAttributeSource'
2024-05-05T13:25:46.998-04:00 DEBUG 87501 --- [centromedico] [           main] o.s.b.f.s.DefaultListableBeanFactory     : Autowiring by type from bean name 'org.springframework.transaction.config.internalTransactionAdvisor' via factory method to bean named 'transactionAttributeSource'
2024-05-05T13:25:46.998-04:00 DEBUG 87501 --- [centromedico] [           main] o.s.b.f.s.DefaultListableBeanFactory     : Autowiring by type from bean name 'org.springframework.transaction.config.internalTransactionAdvisor' via factory method to bean named 'transactionInterceptor'
2024-05-05T13:25:47.002-04:00 DEBUG 87501 --- [centromedico] [           main] o.s.b.f.s.DefaultListableBeanFactory     : Creating shared instance of singleton bean 'meterRegistryPostProcessor'
2024-05-05T13:25:47.003-04:00 DEBUG 87501 --- [centromedico] [           main] o.s.b.f.s.DefaultListableBeanFactory     : Autowiring by type from bean name 'meterRegistryPostProcessor' via factory method to bean named 'org.springframework.web.context.support.GenericWebApplicationContext@664f1c53'
2024-05-05T13:25:47.006-04:00 DEBUG 87501 --- [centromedico] [           main] o.s.b.f.s.DefaultListableBeanFactory     : Creating shared instance of singleton bean 'metricsRepositoryMethodInvocationListenerBeanPostProcessor'
2024-05-05T13:25:47.007-04:00 DEBUG 87501 --- [centromedico] [           main] o.s.b.f.s.DefaultListableBeanFactory     : Creating shared instance of singleton bean 'observationRegistryPostProcessor'
2024-05-05T13:25:47.009-04:00 DEBUG 87501 --- [centromedico] [           main] o.s.b.f.s.DefaultListableBeanFactory     : Creating shared instance of singleton bean 'projectingArgumentResolverBeanPostProcessor'
2024-05-05T13:25:47.010-04:00 DEBUG 87501 --- [centromedico] [           main] o.s.b.f.s.DefaultListableBeanFactory     : Creating shared instance of singleton bean 'hypermediaRepresentionModelProcessorConfigurator'
2024-05-05T13:25:47.011-04:00 DEBUG 87501 --- [centromedico] [           main] o.s.b.f.s.DefaultListableBeanFactory     : Creating shared instance of singleton bean 'hypermediaRestTemplateBeanPostProcessor'
2024-05-05T13:25:47.012-04:00 DEBUG 87501 --- [centromedico] [           main] o.s.u.c.s.UiApplicationContextUtils      : Unable to locate ThemeSource with name 'themeSource': using default [org.springframework.ui.context.support.ResourceBundleThemeSource@1fc892c]
2024-05-05T13:25:47.013-04:00 DEBUG 87501 --- [centromedico] [           main] o.s.b.f.s.DefaultListableBeanFactory     : Creating shared instance of singleton bean 'dataSourceScriptDatabaseInitializer'
2024-05-05T13:25:47.013-04:00 DEBUG 87501 --- [centromedico] [           main] o.s.b.f.s.DefaultListableBeanFactory     : Creating shared instance of singleton bean 'org.springframework.boot.autoconfigure.sql.init.DataSourceInitializationConfiguration'
2024-05-05T13:25:47.014-04:00 DEBUG 87501 --- [centromedico] [           main] o.s.b.f.s.DefaultListableBeanFactory     : Creating shared instance of singleton bean 'dataSource'
2024-05-05T13:25:47.014-04:00 DEBUG 87501 --- [centromedico] [           main] o.s.b.f.s.DefaultListableBeanFactory     : Creating shared instance of singleton bean 'org.springframework.boot.autoconfigure.jdbc.DataSourceConfiguration$Hikari'
2024-05-05T13:25:47.015-04:00 DEBUG 87501 --- [centromedico] [           main] o.s.b.f.s.DefaultListableBeanFactory     : Creating shared instance of singleton bean 'spring.datasource-org.springframework.boot.autoconfigure.jdbc.DataSourceProperties'
2024-05-05T13:25:47.015-04:00 DEBUG 87501 --- [centromedico] [           main] o.s.b.f.s.DefaultListableBeanFactory     : Creating shared instance of singleton bean 'org.springframework.boot.context.properties.BoundConfigurationProperties'
2024-05-05T13:25:47.021-04:00 DEBUG 87501 --- [centromedico] [           main] o.s.b.f.s.DefaultListableBeanFactory     : Creating shared instance of singleton bean 'jdbcConnectionDetails'
2024-05-05T13:25:47.021-04:00 DEBUG 87501 --- [centromedico] [           main] o.s.b.f.s.DefaultListableBeanFactory     : Creating shared instance of singleton bean 'org.springframework.boot.autoconfigure.jdbc.DataSourceAutoConfiguration$PooledDataSourceConfiguration'
2024-05-05T13:25:47.022-04:00 DEBUG 87501 --- [centromedico] [           main] o.s.b.f.s.DefaultListableBeanFactory     : Autowiring by type from bean name 'jdbcConnectionDetails' via factory method to bean named 'spring.datasource-org.springframework.boot.autoconfigure.jdbc.DataSourceProperties'
2024-05-05T13:25:47.023-04:00 DEBUG 87501 --- [centromedico] [           main] o.s.b.f.s.DefaultListableBeanFactory     : Autowiring by type from bean name 'dataSource' via factory method to bean named 'spring.datasource-org.springframework.boot.autoconfigure.jdbc.DataSourceProperties'
2024-05-05T13:25:47.023-04:00 DEBUG 87501 --- [centromedico] [           main] o.s.b.f.s.DefaultListableBeanFactory     : Autowiring by type from bean name 'dataSource' via factory method to bean named 'jdbcConnectionDetails'
2024-05-05T13:25:47.036-04:00 DEBUG 87501 --- [centromedico] [           main] o.s.b.f.s.DefaultListableBeanFactory     : Creating shared instance of singleton bean 'spring.sql.init-org.springframework.boot.autoconfigure.sql.init.SqlInitializationProperties'
2024-05-05T13:25:47.039-04:00 DEBUG 87501 --- [centromedico] [           main] o.s.b.f.s.DefaultListableBeanFactory     : Autowiring by type from bean name 'dataSourceScriptDatabaseInitializer' via factory method to bean named 'dataSource'
2024-05-05T13:25:47.039-04:00 DEBUG 87501 --- [centromedico] [           main] o.s.b.f.s.DefaultListableBeanFactory     : Autowiring by type from bean name 'dataSourceScriptDatabaseInitializer' via factory method to bean named 'spring.sql.init-org.springframework.boot.autoconfigure.sql.init.SqlInitializationProperties'
2024-05-05T13:25:47.041-04:00 DEBUG 87501 --- [centromedico] [           main] o.s.b.f.s.DefaultListableBeanFactory     : Creating shared instance of singleton bean 'entityManagerFactory'
2024-05-05T13:25:47.041-04:00 DEBUG 87501 --- [centromedico] [           main] o.s.b.f.s.DefaultListableBeanFactory     : Creating shared instance of singleton bean 'org.springframework.boot.autoconfigure.orm.jpa.HibernateJpaConfiguration'
2024-05-05T13:25:47.042-04:00 DEBUG 87501 --- [centromedico] [           main] o.s.b.f.s.DefaultListableBeanFactory     : Creating shared instance of singleton bean 'spring.jpa-org.springframework.boot.autoconfigure.orm.jpa.JpaProperties'
2024-05-05T13:25:47.045-04:00 DEBUG 87501 --- [centromedico] [           main] o.s.b.f.s.DefaultListableBeanFactory     : Creating shared instance of singleton bean 'spring.jpa.hibernate-org.springframework.boot.autoconfigure.orm.jpa.HibernateProperties'
2024-05-05T13:25:47.046-04:00 DEBUG 87501 --- [centromedico] [           main] o.s.b.f.s.DefaultListableBeanFactory     : Autowiring by type from bean name 'org.springframework.boot.autoconfigure.orm.jpa.HibernateJpaConfiguration' via constructor to bean named 'dataSource'
2024-05-05T13:25:47.046-04:00 DEBUG 87501 --- [centromedico] [           main] o.s.b.f.s.DefaultListableBeanFactory     : Autowiring by type from bean name 'org.springframework.boot.autoconfigure.orm.jpa.HibernateJpaConfiguration' via constructor to bean named 'spring.jpa-org.springframework.boot.autoconfigure.orm.jpa.JpaProperties'
2024-05-05T13:25:47.046-04:00 DEBUG 87501 --- [centromedico] [           main] o.s.b.f.s.DefaultListableBeanFactory     : Autowiring by type from bean name 'org.springframework.boot.autoconfigure.orm.jpa.HibernateJpaConfiguration' via constructor to bean named 'org.springframework.beans.factory.support.DefaultListableBeanFactory@21eb33d4'
2024-05-05T13:25:47.046-04:00 DEBUG 87501 --- [centromedico] [           main] o.s.b.f.s.DefaultListableBeanFactory     : Autowiring by type from bean name 'org.springframework.boot.autoconfigure.orm.jpa.HibernateJpaConfiguration' via constructor to bean named 'spring.jpa.hibernate-org.springframework.boot.autoconfigure.orm.jpa.HibernateProperties'
2024-05-05T13:25:47.047-04:00 DEBUG 87501 --- [centromedico] [           main] o.s.b.f.s.DefaultListableBeanFactory     : Creating shared instance of singleton bean 'oracleUcpPoolDataSourceMetadataProvider'
2024-05-05T13:25:47.047-04:00 DEBUG 87501 --- [centromedico] [           main] o.s.b.f.s.DefaultListableBeanFactory     : Creating shared instance of singleton bean 'org.springframework.boot.autoconfigure.jdbc.metadata.DataSourcePoolMetadataProvidersConfiguration$OracleUcpPoolDataSourceMetadataProviderConfiguration'
2024-05-05T13:25:47.049-04:00 DEBUG 87501 --- [centromedico] [           main] o.s.b.f.s.DefaultListableBeanFactory     : Creating shared instance of singleton bean 'hikariPoolDataSourceMetadataProvider'
2024-05-05T13:25:47.049-04:00 DEBUG 87501 --- [centromedico] [           main] o.s.b.f.s.DefaultListableBeanFactory     : Creating shared instance of singleton bean 'org.springframework.boot.autoconfigure.jdbc.metadata.DataSourcePoolMetadataProvidersConfiguration$HikariPoolDataSourceMetadataProviderConfiguration'
2024-05-05T13:25:47.053-04:00 DEBUG 87501 --- [centromedico] [           main] o.s.b.f.s.DefaultListableBeanFactory     : Creating shared instance of singleton bean 'entityManagerFactoryBuilder'
2024-05-05T13:25:47.053-04:00 DEBUG 87501 --- [centromedico] [           main] o.s.b.f.s.DefaultListableBeanFactory     : Creating shared instance of singleton bean 'jpaVendorAdapter'
2024-05-05T13:25:47.055-04:00 DEBUG 87501 --- [centromedico] [           main] o.s.b.f.s.DefaultListableBeanFactory     : Autowiring by type from bean name 'entityManagerFactoryBuilder' via factory method to bean named 'jpaVendorAdapter'
2024-05-05T13:25:47.056-04:00 DEBUG 87501 --- [centromedico] [           main] o.s.b.f.s.DefaultListableBeanFactory     : Creating shared instance of singleton bean 'persistenceManagedTypes'
2024-05-05T13:25:47.057-04:00 DEBUG 87501 --- [centromedico] [           main] o.s.b.f.s.DefaultListableBeanFactory     : Autowiring by type from bean name 'persistenceManagedTypes' via factory method to bean named 'org.springframework.beans.factory.support.DefaultListableBeanFactory@21eb33d4'
2024-05-05T13:25:47.057-04:00 DEBUG 87501 --- [centromedico] [           main] o.s.b.f.s.DefaultListableBeanFactory     : Autowiring by type from bean name 'persistenceManagedTypes' via factory method to bean named 'org.springframework.web.context.support.GenericWebApplicationContext@664f1c53'
2024-05-05T13:25:47.060-04:00 DEBUG 87501 --- [centromedico] [           main] o.s.b.f.s.DefaultListableBeanFactory     : Autowiring by type from bean name 'entityManagerFactory' via factory method to bean named 'entityManagerFactoryBuilder'
2024-05-05T13:25:47.060-04:00 DEBUG 87501 --- [centromedico] [           main] o.s.b.f.s.DefaultListableBeanFactory     : Autowiring by type from bean name 'entityManagerFactory' via factory method to bean named 'persistenceManagedTypes'
2024-05-05T13:25:47.061-04:00 DEBUG 87501 --- [centromedico] [           main] j.LocalContainerEntityManagerFactoryBean : Building JPA container EntityManagerFactory for persistence unit 'default'
2024-05-05T13:25:47.061-04:00 DEBUG 87501 --- [centromedico] [           main] o.hibernate.jpa.internal.util.LogHelper  : PersistenceUnitInfo [
	name: default
	persistence provider classname: null
	classloader: jdk.internal.loader.ClassLoaders$AppClassLoader@1cf4f579
	excludeUnlistedClasses: true
	JTA datasource: null
	Non JTA datasource: HikariDataSource (null)
	Transaction type: RESOURCE_LOCAL
	PU root URL: file:/Users/pablojavier/Documents/Study/Entregas%20Examen%20/Ejemplos/centromedico/target/test-classes/
	Shared Cache Mode: UNSPECIFIED
	Validation Mode: AUTO
	Jar files URLs []
	Managed classes names [
		com.CentroMedico.CentroMedico.model.ConsultaMedica
		com.CentroMedico.CentroMedico.model.Especialidad
		com.CentroMedico.CentroMedico.model.Paciente
		com.CentroMedico.CentroMedico.model.Profesional]
	Mapping files names []
	Properties []
2024-05-05T13:25:47.061-04:00 DEBUG 87501 --- [centromedico] [           main] o.h.i.internal.IntegratorServiceImpl     : Adding Integrator [org.hibernate.boot.beanvalidation.BeanValidationIntegrator].
2024-05-05T13:25:47.061-04:00 DEBUG 87501 --- [centromedico] [           main] o.h.i.internal.IntegratorServiceImpl     : Adding Integrator [org.hibernate.cache.internal.CollectionCacheInvalidator].
2024-05-05T13:25:47.063-04:00 DEBUG 87501 --- [centromedico] [           main] org.hibernate.orm.idgen.factory          : Registering IdentifierGenerator strategy [uuid2] -> [org.hibernate.id.UUIDGenerator]
2024-05-05T13:25:47.063-04:00 DEBUG 87501 --- [centromedico] [           main] org.hibernate.orm.idgen.factory          : Registering IdentifierGenerator strategy [guid] -> [org.hibernate.id.GUIDGenerator]
2024-05-05T13:25:47.064-04:00 DEBUG 87501 --- [centromedico] [           main] org.hibernate.orm.idgen.factory          : Registering IdentifierGenerator strategy [uuid] -> [org.hibernate.id.UUIDHexGenerator]
2024-05-05T13:25:47.064-04:00 DEBUG 87501 --- [centromedico] [           main] org.hibernate.orm.idgen.factory          : Registering IdentifierGenerator strategy [uuid.hex] -> [org.hibernate.id.UUIDHexGenerator]
2024-05-05T13:25:47.064-04:00 DEBUG 87501 --- [centromedico] [           main] org.hibernate.orm.idgen.factory          : Registering IdentifierGenerator strategy [assigned] -> [org.hibernate.id.Assigned]
2024-05-05T13:25:47.064-04:00 DEBUG 87501 --- [centromedico] [           main] org.hibernate.orm.idgen.factory          : Registering IdentifierGenerator strategy [identity] -> [org.hibernate.id.IdentityGenerator]
2024-05-05T13:25:47.064-04:00 DEBUG 87501 --- [centromedico] [           main] org.hibernate.orm.idgen.factory          : Registering IdentifierGenerator strategy [select] -> [org.hibernate.id.SelectGenerator]
2024-05-05T13:25:47.064-04:00 DEBUG 87501 --- [centromedico] [           main] org.hibernate.orm.idgen.factory          : Registering IdentifierGenerator strategy [sequence] -> [org.hibernate.id.enhanced.SequenceStyleGenerator]
2024-05-05T13:25:47.064-04:00 DEBUG 87501 --- [centromedico] [           main] org.hibernate.orm.idgen.factory          : Registering IdentifierGenerator strategy [increment] -> [org.hibernate.id.IncrementGenerator]
2024-05-05T13:25:47.064-04:00 DEBUG 87501 --- [centromedico] [           main] org.hibernate.orm.idgen.factory          : Registering IdentifierGenerator strategy [foreign] -> [org.hibernate.id.ForeignGenerator]
2024-05-05T13:25:47.064-04:00 DEBUG 87501 --- [centromedico] [           main] org.hibernate.orm.idgen.factory          : Registering IdentifierGenerator strategy [enhanced-sequence] -> [org.hibernate.id.enhanced.SequenceStyleGenerator]
2024-05-05T13:25:47.064-04:00 DEBUG 87501 --- [centromedico] [           main] org.hibernate.orm.idgen.factory          : Registering IdentifierGenerator strategy [enhanced-table] -> [org.hibernate.id.enhanced.TableGenerator]
2024-05-05T13:25:47.064-04:00 DEBUG 87501 --- [centromedico] [           main] o.h.c.internal.RegionFactoryInitiator    : Cannot default RegionFactory based on registered strategies as `[]` RegionFactory strategies were registered
2024-05-05T13:25:47.064-04:00  INFO 87501 --- [centromedico] [           main] o.h.c.internal.RegionFactoryInitiator    : HHH000026: Second-level cache disabled
2024-05-05T13:25:47.064-04:00 DEBUG 87501 --- [centromedico] [           main] org.hibernate.type.BasicTypeRegistry     : Adding type registration boolean -> org.hibernate.type.BasicTypeReference@259b85d6
2024-05-05T13:25:47.064-04:00 DEBUG 87501 --- [centromedico] [           main] org.hibernate.type.BasicTypeRegistry     : Adding type registration boolean -> org.hibernate.type.BasicTypeReference@259b85d6
2024-05-05T13:25:47.064-04:00 DEBUG 87501 --- [centromedico] [           main] org.hibernate.type.BasicTypeRegistry     : Adding type registration java.lang.Boolean -> org.hibernate.type.BasicTypeReference@259b85d6
2024-05-05T13:25:47.064-04:00 DEBUG 87501 --- [centromedico] [           main] org.hibernate.type.BasicTypeRegistry     : Adding type registration numeric_boolean -> org.hibernate.type.BasicTypeReference@48eaf42f
2024-05-05T13:25:47.064-04:00 DEBUG 87501 --- [centromedico] [           main] org.hibernate.type.BasicTypeRegistry     : Adding type registration org.hibernate.type.NumericBooleanConverter -> org.hibernate.type.BasicTypeReference@48eaf42f
2024-05-05T13:25:47.064-04:00 DEBUG 87501 --- [centromedico] [           main] org.hibernate.type.BasicTypeRegistry     : Adding type registration true_false -> org.hibernate.type.BasicTypeReference@488f3dd1
2024-05-05T13:25:47.064-04:00 DEBUG 87501 --- [centromedico] [           main] org.hibernate.type.BasicTypeRegistry     : Adding type registration org.hibernate.type.TrueFalseConverter -> org.hibernate.type.BasicTypeReference@488f3dd1
2024-05-05T13:25:47.064-04:00 DEBUG 87501 --- [centromedico] [           main] org.hibernate.type.BasicTypeRegistry     : Adding type registration yes_no -> org.hibernate.type.BasicTypeReference@2091833
2024-05-05T13:25:47.064-04:00 DEBUG 87501 --- [centromedico] [           main] org.hibernate.type.BasicTypeRegistry     : Adding type registration org.hibernate.type.YesNoConverter -> org.hibernate.type.BasicTypeReference@2091833
2024-05-05T13:25:47.065-04:00 DEBUG 87501 --- [centromedico] [           main] org.hibernate.type.BasicTypeRegistry     : Adding type registration byte -> org.hibernate.type.BasicTypeReference@7bc58891
2024-05-05T13:25:47.065-04:00 DEBUG 87501 --- [centromedico] [           main] org.hibernate.type.BasicTypeRegistry     : Adding type registration byte -> org.hibernate.type.BasicTypeReference@7bc58891
2024-05-05T13:25:47.065-04:00 DEBUG 87501 --- [centromedico] [           main] org.hibernate.type.BasicTypeRegistry     : Adding type registration java.lang.Byte -> org.hibernate.type.BasicTypeReference@7bc58891
2024-05-05T13:25:47.065-04:00 DEBUG 87501 --- [centromedico] [           main] org.hibernate.type.BasicTypeRegistry     : Adding type registration binary -> org.hibernate.type.BasicTypeReference@6411504a
2024-05-05T13:25:47.065-04:00 DEBUG 87501 --- [centromedico] [           main] org.hibernate.type.BasicTypeRegistry     : Adding type registration byte[] -> org.hibernate.type.BasicTypeReference@6411504a
2024-05-05T13:25:47.065-04:00 DEBUG 87501 --- [centromedico] [           main] org.hibernate.type.BasicTypeRegistry     : Adding type registration [B -> org.hibernate.type.BasicTypeReference@6411504a
2024-05-05T13:25:47.065-04:00 DEBUG 87501 --- [centromedico] [           main] org.hibernate.type.BasicTypeRegistry     : Adding type registration binary_wrapper -> org.hibernate.type.BasicTypeReference@554188ac
2024-05-05T13:25:47.065-04:00 DEBUG 87501 --- [centromedico] [           main] org.hibernate.type.BasicTypeRegistry     : Adding type registration wrapper-binary -> org.hibernate.type.BasicTypeReference@554188ac
2024-05-05T13:25:47.065-04:00 DEBUG 87501 --- [centromedico] [           main] org.hibernate.type.BasicTypeRegistry     : Adding type registration image -> org.hibernate.type.BasicTypeReference@1f43cab7
2024-05-05T13:25:47.065-04:00 DEBUG 87501 --- [centromedico] [           main] org.hibernate.type.BasicTypeRegistry     : Adding type registration blob -> org.hibernate.type.BasicTypeReference@481558ce
2024-05-05T13:25:47.065-04:00 DEBUG 87501 --- [centromedico] [           main] org.hibernate.type.BasicTypeRegistry     : Adding type registration java.sql.Blob -> org.hibernate.type.BasicTypeReference@481558ce
2024-05-05T13:25:47.065-04:00 DEBUG 87501 --- [centromedico] [           main] org.hibernate.type.BasicTypeRegistry     : Adding type registration materialized_blob -> org.hibernate.type.BasicTypeReference@2668c286
2024-05-05T13:25:47.065-04:00 DEBUG 87501 --- [centromedico] [           main] org.hibernate.type.BasicTypeRegistry     : Adding type registration materialized_blob_wrapper -> org.hibernate.type.BasicTypeReference@7f353a0f
2024-05-05T13:25:47.065-04:00 DEBUG 87501 --- [centromedico] [           main] org.hibernate.type.BasicTypeRegistry     : Adding type registration short -> org.hibernate.type.BasicTypeReference@7ea2412c
2024-05-05T13:25:47.065-04:00 DEBUG 87501 --- [centromedico] [           main] org.hibernate.type.BasicTypeRegistry     : Adding type registration short -> org.hibernate.type.BasicTypeReference@7ea2412c
2024-05-05T13:25:47.065-04:00 DEBUG 87501 --- [centromedico] [           main] org.hibernate.type.BasicTypeRegistry     : Adding type registration java.lang.Short -> org.hibernate.type.BasicTypeReference@7ea2412c
2024-05-05T13:25:47.065-04:00 DEBUG 87501 --- [centromedico] [           main] org.hibernate.type.BasicTypeRegistry     : Adding type registration integer -> org.hibernate.type.BasicTypeReference@1c93b51e
2024-05-05T13:25:47.065-04:00 DEBUG 87501 --- [centromedico] [           main] org.hibernate.type.BasicTypeRegistry     : Adding type registration int -> org.hibernate.type.BasicTypeReference@1c93b51e
2024-05-05T13:25:47.065-04:00 DEBUG 87501 --- [centromedico] [           main] org.hibernate.type.BasicTypeRegistry     : Adding type registration java.lang.Integer -> org.hibernate.type.BasicTypeReference@1c93b51e
2024-05-05T13:25:47.065-04:00 DEBUG 87501 --- [centromedico] [           main] org.hibernate.type.BasicTypeRegistry     : Adding type registration long -> org.hibernate.type.BasicTypeReference@7c0f28f8
2024-05-05T13:25:47.065-04:00 DEBUG 87501 --- [centromedico] [           main] org.hibernate.type.BasicTypeRegistry     : Adding type registration long -> org.hibernate.type.BasicTypeReference@7c0f28f8
2024-05-05T13:25:47.065-04:00 DEBUG 87501 --- [centromedico] [           main] org.hibernate.type.BasicTypeRegistry     : Adding type registration java.lang.Long -> org.hibernate.type.BasicTypeReference@7c0f28f8
2024-05-05T13:25:47.065-04:00 DEBUG 87501 --- [centromedico] [           main] org.hibernate.type.BasicTypeRegistry     : Adding type registration float -> org.hibernate.type.BasicTypeReference@2abc8034
2024-05-05T13:25:47.065-04:00 DEBUG 87501 --- [centromedico] [           main] org.hibernate.type.BasicTypeRegistry     : Adding type registration float -> org.hibernate.type.BasicTypeReference@2abc8034
2024-05-05T13:25:47.065-04:00 DEBUG 87501 --- [centromedico] [           main] org.hibernate.type.BasicTypeRegistry     : Adding type registration java.lang.Float -> org.hibernate.type.BasicTypeReference@2abc8034
2024-05-05T13:25:47.065-04:00 DEBUG 87501 --- [centromedico] [           main] org.hibernate.type.BasicTypeRegistry     : Adding type registration double -> org.hibernate.type.BasicTypeReference@467b0f6e
2024-05-05T13:25:47.065-04:00 DEBUG 87501 --- [centromedico] [           main] org.hibernate.type.BasicTypeRegistry     : Adding type registration double -> org.hibernate.type.BasicTypeReference@467b0f6e
2024-05-05T13:25:47.065-04:00 DEBUG 87501 --- [centromedico] [           main] org.hibernate.type.BasicTypeRegistry     : Adding type registration java.lang.Double -> org.hibernate.type.BasicTypeReference@467b0f6e
2024-05-05T13:25:47.065-04:00 DEBUG 87501 --- [centromedico] [           main] org.hibernate.type.BasicTypeRegistry     : Adding type registration big_integer -> org.hibernate.type.BasicTypeReference@474179fa
2024-05-05T13:25:47.065-04:00 DEBUG 87501 --- [centromedico] [           main] org.hibernate.type.BasicTypeRegistry     : Adding type registration java.math.BigInteger -> org.hibernate.type.BasicTypeReference@474179fa
2024-05-05T13:25:47.065-04:00 DEBUG 87501 --- [centromedico] [           main] org.hibernate.type.BasicTypeRegistry     : Adding type registration big_decimal -> org.hibernate.type.BasicTypeReference@420cd102
2024-05-05T13:25:47.065-04:00 DEBUG 87501 --- [centromedico] [           main] org.hibernate.type.BasicTypeRegistry     : Adding type registration java.math.BigDecimal -> org.hibernate.type.BasicTypeReference@420cd102
2024-05-05T13:25:47.065-04:00 DEBUG 87501 --- [centromedico] [           main] org.hibernate.type.BasicTypeRegistry     : Adding type registration character -> org.hibernate.type.BasicTypeReference@c7f4457
2024-05-05T13:25:47.065-04:00 DEBUG 87501 --- [centromedico] [           main] org.hibernate.type.BasicTypeRegistry     : Adding type registration char -> org.hibernate.type.BasicTypeReference@c7f4457
2024-05-05T13:25:47.065-04:00 DEBUG 87501 --- [centromedico] [           main] org.hibernate.type.BasicTypeRegistry     : Adding type registration java.lang.Character -> org.hibernate.type.BasicTypeReference@c7f4457
2024-05-05T13:25:47.065-04:00 DEBUG 87501 --- [centromedico] [           main] org.hibernate.type.BasicTypeRegistry     : Adding type registration character_nchar -> org.hibernate.type.BasicTypeReference@12e12ac9
2024-05-05T13:25:47.065-04:00 DEBUG 87501 --- [centromedico] [           main] org.hibernate.type.BasicTypeRegistry     : Adding type registration string -> org.hibernate.type.BasicTypeReference@5e230fc6
2024-05-05T13:25:47.065-04:00 DEBUG 87501 --- [centromedico] [           main] org.hibernate.type.BasicTypeRegistry     : Adding type registration java.lang.String -> org.hibernate.type.BasicTypeReference@5e230fc6
2024-05-05T13:25:47.065-04:00 DEBUG 87501 --- [centromedico] [           main] org.hibernate.type.BasicTypeRegistry     : Adding type registration nstring -> org.hibernate.type.BasicTypeReference@7a8341c1
2024-05-05T13:25:47.065-04:00 DEBUG 87501 --- [centromedico] [           main] org.hibernate.type.BasicTypeRegistry     : Adding type registration characters -> org.hibernate.type.BasicTypeReference@ca8ef3a
2024-05-05T13:25:47.065-04:00 DEBUG 87501 --- [centromedico] [           main] org.hibernate.type.BasicTypeRegistry     : Adding type registration char[] -> org.hibernate.type.BasicTypeReference@ca8ef3a
2024-05-05T13:25:47.065-04:00 DEBUG 87501 --- [centromedico] [           main] org.hibernate.type.BasicTypeRegistry     : Adding type registration [C -> org.hibernate.type.BasicTypeReference@ca8ef3a
2024-05-05T13:25:47.065-04:00 DEBUG 87501 --- [centromedico] [           main] org.hibernate.type.BasicTypeRegistry     : Adding type registration wrapper-characters -> org.hibernate.type.BasicTypeReference@17043b04
2024-05-05T13:25:47.065-04:00 DEBUG 87501 --- [centromedico] [           main] org.hibernate.type.BasicTypeRegistry     : Adding type registration text -> org.hibernate.type.BasicTypeReference@511f5b1d
2024-05-05T13:25:47.065-04:00 DEBUG 87501 --- [centromedico] [           main] org.hibernate.type.BasicTypeRegistry     : Adding type registration ntext -> org.hibernate.type.BasicTypeReference@31f295b6
2024-05-05T13:25:47.065-04:00 DEBUG 87501 --- [centromedico] [           main] org.hibernate.type.BasicTypeRegistry     : Adding type registration clob -> org.hibernate.type.BasicTypeReference@7a687d8d
2024-05-05T13:25:47.065-04:00 DEBUG 87501 --- [centromedico] [           main] org.hibernate.type.BasicTypeRegistry     : Adding type registration java.sql.Clob -> org.hibernate.type.BasicTypeReference@7a687d8d
2024-05-05T13:25:47.065-04:00 DEBUG 87501 --- [centromedico] [           main] org.hibernate.type.BasicTypeRegistry     : Adding type registration nclob -> org.hibernate.type.BasicTypeReference@4c82b5df
2024-05-05T13:25:47.066-04:00 DEBUG 87501 --- [centromedico] [           main] org.hibernate.type.BasicTypeRegistry     : Adding type registration java.sql.NClob -> org.hibernate.type.BasicTypeReference@4c82b5df
2024-05-05T13:25:47.066-04:00 DEBUG 87501 --- [centromedico] [           main] org.hibernate.type.BasicTypeRegistry     : Adding type registration materialized_clob -> org.hibernate.type.BasicTypeReference@67eec8e1
2024-05-05T13:25:47.066-04:00 DEBUG 87501 --- [centromedico] [           main] org.hibernate.type.BasicTypeRegistry     : Adding type registration materialized_clob_char_array -> org.hibernate.type.BasicTypeReference@4214ae8f
2024-05-05T13:25:47.066-04:00 DEBUG 87501 --- [centromedico] [           main] org.hibernate.type.BasicTypeRegistry     : Adding type registration materialized_clob_character_array -> org.hibernate.type.BasicTypeReference@7ba93755
2024-05-05T13:25:47.066-04:00 DEBUG 87501 --- [centromedico] [           main] org.hibernate.type.BasicTypeRegistry     : Adding type registration materialized_nclob -> org.hibernate.type.BasicTypeReference@22dc59b2
2024-05-05T13:25:47.066-04:00 DEBUG 87501 --- [centromedico] [           main] org.hibernate.type.BasicTypeRegistry     : Adding type registration materialized_nclob_character_array -> org.hibernate.type.BasicTypeReference@33e434c8
2024-05-05T13:25:47.066-04:00 DEBUG 87501 --- [centromedico] [           main] org.hibernate.type.BasicTypeRegistry     : Adding type registration materialized_nclob_char_array -> org.hibernate.type.BasicTypeReference@546394ed
2024-05-05T13:25:47.066-04:00 DEBUG 87501 --- [centromedico] [           main] org.hibernate.type.BasicTypeRegistry     : Adding type registration Duration -> org.hibernate.type.BasicTypeReference@664212ab
2024-05-05T13:25:47.066-04:00 DEBUG 87501 --- [centromedico] [           main] org.hibernate.type.BasicTypeRegistry     : Adding type registration java.time.Duration -> org.hibernate.type.BasicTypeReference@664212ab
2024-05-05T13:25:47.066-04:00 DEBUG 87501 --- [centromedico] [           main] org.hibernate.type.BasicTypeRegistry     : Adding type registration LocalDateTime -> org.hibernate.type.BasicTypeReference@2693c618
2024-05-05T13:25:47.066-04:00 DEBUG 87501 --- [centromedico] [           main] org.hibernate.type.BasicTypeRegistry     : Adding type registration java.time.LocalDateTime -> org.hibernate.type.BasicTypeReference@2693c618
2024-05-05T13:25:47.066-04:00 DEBUG 87501 --- [centromedico] [           main] org.hibernate.type.BasicTypeRegistry     : Adding type registration LocalDate -> org.hibernate.type.BasicTypeReference@3443e476
2024-05-05T13:25:47.066-04:00 DEBUG 87501 --- [centromedico] [           main] org.hibernate.type.BasicTypeRegistry     : Adding type registration java.time.LocalDate -> org.hibernate.type.BasicTypeReference@3443e476
2024-05-05T13:25:47.066-04:00 DEBUG 87501 --- [centromedico] [           main] org.hibernate.type.BasicTypeRegistry     : Adding type registration LocalTime -> org.hibernate.type.BasicTypeReference@7ccfdaef
2024-05-05T13:25:47.066-04:00 DEBUG 87501 --- [centromedico] [           main] org.hibernate.type.BasicTypeRegistry     : Adding type registration java.time.LocalTime -> org.hibernate.type.BasicTypeReference@7ccfdaef
2024-05-05T13:25:47.066-04:00 DEBUG 87501 --- [centromedico] [           main] org.hibernate.type.BasicTypeRegistry     : Adding type registration OffsetDateTime -> org.hibernate.type.BasicTypeReference@a6e4897
2024-05-05T13:25:47.066-04:00 DEBUG 87501 --- [centromedico] [           main] org.hibernate.type.BasicTypeRegistry     : Adding type registration java.time.OffsetDateTime -> org.hibernate.type.BasicTypeReference@a6e4897
2024-05-05T13:25:47.066-04:00 DEBUG 87501 --- [centromedico] [           main] org.hibernate.type.BasicTypeRegistry     : Adding type registration OffsetDateTimeWithTimezone -> org.hibernate.type.BasicTypeReference@32f5ecc4
2024-05-05T13:25:47.066-04:00 DEBUG 87501 --- [centromedico] [           main] org.hibernate.type.BasicTypeRegistry     : Adding type registration OffsetDateTimeWithoutTimezone -> org.hibernate.type.BasicTypeReference@19bedeb8
2024-05-05T13:25:47.066-04:00 DEBUG 87501 --- [centromedico] [           main] org.hibernate.type.BasicTypeRegistry     : Adding type registration OffsetTime -> org.hibernate.type.BasicTypeReference@1ba467c2
2024-05-05T13:25:47.066-04:00 DEBUG 87501 --- [centromedico] [           main] org.hibernate.type.BasicTypeRegistry     : Adding type registration java.time.OffsetTime -> org.hibernate.type.BasicTypeReference@1ba467c2
2024-05-05T13:25:47.066-04:00 DEBUG 87501 --- [centromedico] [           main] org.hibernate.type.BasicTypeRegistry     : Adding type registration OffsetTimeUtc -> org.hibernate.type.BasicTypeReference@63f6bed1
2024-05-05T13:25:47.066-04:00 DEBUG 87501 --- [centromedico] [           main] org.hibernate.type.BasicTypeRegistry     : Adding type registration OffsetTimeWithTimezone -> org.hibernate.type.BasicTypeReference@7ef8eda7
2024-05-05T13:25:47.066-04:00 DEBUG 87501 --- [centromedico] [           main] org.hibernate.type.BasicTypeRegistry     : Adding type registration OffsetTimeWithoutTimezone -> org.hibernate.type.BasicTypeReference@115ca7de
2024-05-05T13:25:47.066-04:00 DEBUG 87501 --- [centromedico] [           main] org.hibernate.type.BasicTypeRegistry     : Adding type registration ZonedDateTime -> org.hibernate.type.BasicTypeReference@29fe4840
2024-05-05T13:25:47.066-04:00 DEBUG 87501 --- [centromedico] [           main] org.hibernate.type.BasicTypeRegistry     : Adding type registration java.time.ZonedDateTime -> org.hibernate.type.BasicTypeReference@29fe4840
2024-05-05T13:25:47.066-04:00 DEBUG 87501 --- [centromedico] [           main] org.hibernate.type.BasicTypeRegistry     : Adding type registration ZonedDateTimeWithTimezone -> org.hibernate.type.BasicTypeReference@7f287b98
2024-05-05T13:25:47.066-04:00 DEBUG 87501 --- [centromedico] [           main] org.hibernate.type.BasicTypeRegistry     : Adding type registration ZonedDateTimeWithoutTimezone -> org.hibernate.type.BasicTypeReference@4684240f
2024-05-05T13:25:47.066-04:00 DEBUG 87501 --- [centromedico] [           main] org.hibernate.type.BasicTypeRegistry     : Adding type registration date -> org.hibernate.type.BasicTypeReference@32120956
2024-05-05T13:25:47.066-04:00 DEBUG 87501 --- [centromedico] [           main] org.hibernate.type.BasicTypeRegistry     : Adding type registration java.sql.Date -> org.hibernate.type.BasicTypeReference@32120956
2024-05-05T13:25:47.066-04:00 DEBUG 87501 --- [centromedico] [           main] org.hibernate.type.BasicTypeRegistry     : Adding type registration time -> org.hibernate.type.BasicTypeReference@6975fb1c
2024-05-05T13:25:47.066-04:00 DEBUG 87501 --- [centromedico] [           main] org.hibernate.type.BasicTypeRegistry     : Adding type registration java.sql.Time -> org.hibernate.type.BasicTypeReference@6975fb1c
2024-05-05T13:25:47.066-04:00 DEBUG 87501 --- [centromedico] [           main] org.hibernate.type.BasicTypeRegistry     : Adding type registration timestamp -> org.hibernate.type.BasicTypeReference@553da911
2024-05-05T13:25:47.066-04:00 DEBUG 87501 --- [centromedico] [           main] org.hibernate.type.BasicTypeRegistry     : Adding type registration java.sql.Timestamp -> org.hibernate.type.BasicTypeReference@553da911
2024-05-05T13:25:47.066-04:00 DEBUG 87501 --- [centromedico] [           main] org.hibernate.type.BasicTypeRegistry     : Adding type registration java.util.Date -> org.hibernate.type.BasicTypeReference@553da911
2024-05-05T13:25:47.066-04:00 DEBUG 87501 --- [centromedico] [           main] org.hibernate.type.BasicTypeRegistry     : Adding type registration calendar -> org.hibernate.type.BasicTypeReference@327e5be5
2024-05-05T13:25:47.066-04:00 DEBUG 87501 --- [centromedico] [           main] org.hibernate.type.BasicTypeRegistry     : Adding type registration java.util.Calendar -> org.hibernate.type.BasicTypeReference@327e5be5
2024-05-05T13:25:47.066-04:00 DEBUG 87501 --- [centromedico] [           main] org.hibernate.type.BasicTypeRegistry     : Adding type registration java.util.GregorianCalendar -> org.hibernate.type.BasicTypeReference@327e5be5
2024-05-05T13:25:47.066-04:00 DEBUG 87501 --- [centromedico] [           main] org.hibernate.type.BasicTypeRegistry     : Adding type registration calendar_date -> org.hibernate.type.BasicTypeReference@1084ac45
2024-05-05T13:25:47.066-04:00 DEBUG 87501 --- [centromedico] [           main] org.hibernate.type.BasicTypeRegistry     : Adding type registration calendar_time -> org.hibernate.type.BasicTypeReference@566f1852
2024-05-05T13:25:47.066-04:00 DEBUG 87501 --- [centromedico] [           main] org.hibernate.type.BasicTypeRegistry     : Adding type registration instant -> org.hibernate.type.BasicTypeReference@6ea246af
2024-05-05T13:25:47.066-04:00 DEBUG 87501 --- [centromedico] [           main] org.hibernate.type.BasicTypeRegistry     : Adding type registration java.time.Instant -> org.hibernate.type.BasicTypeReference@6ea246af
2024-05-05T13:25:47.066-04:00 DEBUG 87501 --- [centromedico] [           main] org.hibernate.type.BasicTypeRegistry     : Adding type registration uuid -> org.hibernate.type.BasicTypeReference@2e4389ed
2024-05-05T13:25:47.066-04:00 DEBUG 87501 --- [centromedico] [           main] org.hibernate.type.BasicTypeRegistry     : Adding type registration java.util.UUID -> org.hibernate.type.BasicTypeReference@2e4389ed
2024-05-05T13:25:47.066-04:00 DEBUG 87501 --- [centromedico] [           main] org.hibernate.type.BasicTypeRegistry     : Adding type registration pg-uuid -> org.hibernate.type.BasicTypeReference@2e4389ed
2024-05-05T13:25:47.066-04:00 DEBUG 87501 --- [centromedico] [           main] org.hibernate.type.BasicTypeRegistry     : Adding type registration uuid-binary -> org.hibernate.type.BasicTypeReference@1b90fee4
2024-05-05T13:25:47.066-04:00 DEBUG 87501 --- [centromedico] [           main] org.hibernate.type.BasicTypeRegistry     : Adding type registration uuid-char -> org.hibernate.type.BasicTypeReference@3513c84c
2024-05-05T13:25:47.066-04:00 DEBUG 87501 --- [centromedico] [           main] org.hibernate.type.BasicTypeRegistry     : Adding type registration class -> org.hibernate.type.BasicTypeReference@4978777f
2024-05-05T13:25:47.066-04:00 DEBUG 87501 --- [centromedico] [           main] org.hibernate.type.BasicTypeRegistry     : Adding type registration java.lang.Class -> org.hibernate.type.BasicTypeReference@4978777f
2024-05-05T13:25:47.066-04:00 DEBUG 87501 --- [centromedico] [           main] org.hibernate.type.BasicTypeRegistry     : Adding type registration currency -> org.hibernate.type.BasicTypeReference@7bc6935c
2024-05-05T13:25:47.066-04:00 DEBUG 87501 --- [centromedico] [           main] org.hibernate.type.BasicTypeRegistry     : Adding type registration Currency -> org.hibernate.type.BasicTypeReference@7bc6935c
2024-05-05T13:25:47.066-04:00 DEBUG 87501 --- [centromedico] [           main] org.hibernate.type.BasicTypeRegistry     : Adding type registration java.util.Currency -> org.hibernate.type.BasicTypeReference@7bc6935c
2024-05-05T13:25:47.066-04:00 DEBUG 87501 --- [centromedico] [           main] org.hibernate.type.BasicTypeRegistry     : Adding type registration locale -> org.hibernate.type.BasicTypeReference@4cc7d00d
2024-05-05T13:25:47.066-04:00 DEBUG 87501 --- [centromedico] [           main] org.hibernate.type.BasicTypeRegistry     : Adding type registration java.util.Locale -> org.hibernate.type.BasicTypeReference@4cc7d00d
2024-05-05T13:25:47.066-04:00 DEBUG 87501 --- [centromedico] [           main] org.hibernate.type.BasicTypeRegistry     : Adding type registration serializable -> org.hibernate.type.BasicTypeReference@468e8565
2024-05-05T13:25:47.067-04:00 DEBUG 87501 --- [centromedico] [           main] org.hibernate.type.BasicTypeRegistry     : Adding type registration java.io.Serializable -> org.hibernate.type.BasicTypeReference@468e8565
2024-05-05T13:25:47.067-04:00 DEBUG 87501 --- [centromedico] [           main] org.hibernate.type.BasicTypeRegistry     : Adding type registration timezone -> org.hibernate.type.BasicTypeReference@91da29b
2024-05-05T13:25:47.067-04:00 DEBUG 87501 --- [centromedico] [           main] org.hibernate.type.BasicTypeRegistry     : Adding type registration java.util.TimeZone -> org.hibernate.type.BasicTypeReference@91da29b
2024-05-05T13:25:47.067-04:00 DEBUG 87501 --- [centromedico] [           main] org.hibernate.type.BasicTypeRegistry     : Adding type registration ZoneOffset -> org.hibernate.type.BasicTypeReference@7066363
2024-05-05T13:25:47.067-04:00 DEBUG 87501 --- [centromedico] [           main] org.hibernate.type.BasicTypeRegistry     : Adding type registration java.time.ZoneOffset -> org.hibernate.type.BasicTypeReference@7066363
2024-05-05T13:25:47.067-04:00 DEBUG 87501 --- [centromedico] [           main] org.hibernate.type.BasicTypeRegistry     : Adding type registration url -> org.hibernate.type.BasicTypeReference@75b38c36
2024-05-05T13:25:47.067-04:00 DEBUG 87501 --- [centromedico] [           main] org.hibernate.type.BasicTypeRegistry     : Adding type registration java.net.URL -> org.hibernate.type.BasicTypeReference@75b38c36
2024-05-05T13:25:47.067-04:00 DEBUG 87501 --- [centromedico] [           main] org.hibernate.type.BasicTypeRegistry     : Adding type registration vector -> org.hibernate.type.BasicTypeReference@47248a48
2024-05-05T13:25:47.067-04:00 DEBUG 87501 --- [centromedico] [           main] org.hibernate.type.BasicTypeRegistry     : Adding type registration row_version -> org.hibernate.type.BasicTypeReference@2349f14d
2024-05-05T13:25:47.067-04:00 DEBUG 87501 --- [centromedico] [           main] org.hibernate.type.BasicTypeRegistry     : Adding type registration object -> org.hibernate.type.JavaObjectType@39666e42
2024-05-05T13:25:47.067-04:00 DEBUG 87501 --- [centromedico] [           main] org.hibernate.type.BasicTypeRegistry     : Adding type registration java.lang.Object -> org.hibernate.type.JavaObjectType@39666e42
2024-05-05T13:25:47.067-04:00 DEBUG 87501 --- [centromedico] [           main] org.hibernate.type.BasicTypeRegistry     : Adding type registration null -> org.hibernate.type.NullType@52ae997b
2024-05-05T13:25:47.067-04:00 DEBUG 87501 --- [centromedico] [           main] org.hibernate.type.BasicTypeRegistry     : Adding type registration imm_date -> org.hibernate.type.BasicTypeReference@42930a42
2024-05-05T13:25:47.067-04:00 DEBUG 87501 --- [centromedico] [           main] org.hibernate.type.BasicTypeRegistry     : Adding type registration imm_time -> org.hibernate.type.BasicTypeReference@6a702361
2024-05-05T13:25:47.067-04:00 DEBUG 87501 --- [centromedico] [           main] org.hibernate.type.BasicTypeRegistry     : Adding type registration imm_timestamp -> org.hibernate.type.BasicTypeReference@35d53d53
2024-05-05T13:25:47.067-04:00 DEBUG 87501 --- [centromedico] [           main] org.hibernate.type.BasicTypeRegistry     : Adding type registration imm_calendar -> org.hibernate.type.BasicTypeReference@93d6f4
2024-05-05T13:25:47.067-04:00 DEBUG 87501 --- [centromedico] [           main] org.hibernate.type.BasicTypeRegistry     : Adding type registration imm_calendar_date -> org.hibernate.type.BasicTypeReference@5a880dbe
2024-05-05T13:25:47.067-04:00 DEBUG 87501 --- [centromedico] [           main] org.hibernate.type.BasicTypeRegistry     : Adding type registration imm_calendar_time -> org.hibernate.type.BasicTypeReference@318856a5
2024-05-05T13:25:47.067-04:00 DEBUG 87501 --- [centromedico] [           main] org.hibernate.type.BasicTypeRegistry     : Adding type registration imm_binary -> org.hibernate.type.BasicTypeReference@2d2bda62
2024-05-05T13:25:47.067-04:00 DEBUG 87501 --- [centromedico] [           main] org.hibernate.type.BasicTypeRegistry     : Adding type registration imm_serializable -> org.hibernate.type.BasicTypeReference@33918d45
2024-05-05T13:25:47.068-04:00 DEBUG 87501 --- [centromedico] [           main] o.h.boot.internal.BootstrapContextImpl   : Injecting JPA temp ClassLoader [org.springframework.instrument.classloading.SimpleThrowawayClassLoader@5a20c592] into BootstrapContext; was [null]
2024-05-05T13:25:47.068-04:00 DEBUG 87501 --- [centromedico] [           main] o.h.boot.internal.ClassLoaderAccessImpl  : ClassLoaderAccessImpl#injectTempClassLoader(org.springframework.instrument.classloading.SimpleThrowawayClassLoader@5a20c592) [was null]
2024-05-05T13:25:47.068-04:00 DEBUG 87501 --- [centromedico] [           main] o.h.boot.internal.BootstrapContextImpl   : Injecting ScanEnvironment [org.hibernate.jpa.boot.internal.StandardJpaScanEnvironmentImpl@29abec7e] into BootstrapContext; was [null]
2024-05-05T13:25:47.068-04:00 DEBUG 87501 --- [centromedico] [           main] o.h.boot.internal.BootstrapContextImpl   : Injecting ScanOptions [org.hibernate.boot.archive.scan.internal.StandardScanOptions@166fa7ab] into BootstrapContext; was [org.hibernate.boot.archive.scan.internal.StandardScanOptions@4bc76331]
2024-05-05T13:25:47.070-04:00  INFO 87501 --- [centromedico] [           main] o.s.o.j.p.SpringPersistenceUnitInfo      : No LoadTimeWeaver setup: ignoring JPA class transformer
2024-05-05T13:25:47.070-04:00 DEBUG 87501 --- [centromedico] [           main] o.h.boot.internal.BootstrapContextImpl   : Injecting JPA temp ClassLoader [null] into BootstrapContext; was [org.springframework.instrument.classloading.SimpleThrowawayClassLoader@5a20c592]
2024-05-05T13:25:47.070-04:00 DEBUG 87501 --- [centromedico] [           main] o.h.boot.internal.ClassLoaderAccessImpl  : ClassLoaderAccessImpl#injectTempClassLoader(null) [was org.springframework.instrument.classloading.SimpleThrowawayClassLoader@5a20c592]
2024-05-05T13:25:47.070-04:00  INFO 87501 --- [centromedico] [           main] com.zaxxer.hikari.HikariDataSource       : HikariPool-2 - Starting...
2024-05-05T13:25:47.070-04:00  WARN 87501 --- [centromedico] [           main] c.zaxxer.hikari.util.DriverDataSource    : Registered driver with driverClassName=oracle.jdbc.driver.OracleDriver was not found, trying direct instantiation.
2024-05-05T13:25:47.499-04:00  INFO 87501 --- [centromedico] [           main] com.zaxxer.hikari.pool.HikariPool        : HikariPool-2 - Added connection oracle.jdbc.driver.T4CConnection@40b0c9be
2024-05-05T13:25:47.499-04:00  INFO 87501 --- [centromedico] [           main] com.zaxxer.hikari.HikariDataSource       : HikariPool-2 - Start completed.
2024-05-05T13:25:47.499-04:00 DEBUG 87501 --- [centromedico] [           main] o.h.e.j.e.i.JdbcEnvironmentInitiator     : Database ->
       name : Oracle
    version : Oracle Database 19c Enterprise Edition Release 19.0.0.0.0 - Production
Version 19.23.0.1.0
      major : 19
      minor : 0
2024-05-05T13:25:47.499-04:00 DEBUG 87501 --- [centromedico] [           main] o.h.e.j.e.i.JdbcEnvironmentInitiator     : Driver ->
       name : Oracle JDBC driver
    version : 21.9.0.0.0
      major : 21
      minor : 9
2024-05-05T13:25:47.499-04:00 DEBUG 87501 --- [centromedico] [           main] o.h.e.j.e.i.JdbcEnvironmentInitiator     : JDBC version : 4.3
2024-05-05T13:25:47.516-04:00  WARN 87501 --- [centromedico] [           main] org.hibernate.orm.deprecation            : HHH90000025: OracleDialect does not need to be specified explicitly using 'hibernate.dialect' (remove the property setting and it will be selected by default)
2024-05-05T13:25:47.516-04:00 DEBUG 87501 --- [centromedico] [           main] org.hibernate.orm.dialect                : HHH035001: Using dialect: org.hibernate.dialect.OracleDialect, version: 19.0
2024-05-05T13:25:47.566-04:00 DEBUG 87501 --- [centromedico] [           main] o.h.t.d.jdbc.spi.JdbcTypeRegistry        : addDescriptor(NCharTypeDescriptor) replaced previous registration(CharTypeDescriptor)
2024-05-05T13:25:47.566-04:00 DEBUG 87501 --- [centromedico] [           main] o.h.t.d.jdbc.spi.JdbcTypeRegistry        : addDescriptor(NVarcharTypeDescriptor) replaced previous registration(VarcharTypeDescriptor)
2024-05-05T13:25:47.566-04:00 DEBUG 87501 --- [centromedico] [           main] o.h.t.d.jdbc.spi.JdbcTypeRegistry        : addDescriptor(LongNVarcharTypeDescriptor) replaced previous registration(LongVarcharTypeDescriptor)
2024-05-05T13:25:47.566-04:00 DEBUG 87501 --- [centromedico] [           main] o.h.t.d.jdbc.spi.JdbcTypeRegistry        : addDescriptor(NClobTypeDescriptor(DEFAULT)) replaced previous registration(ClobTypeDescriptor(DEFAULT))
2024-05-05T13:25:47.566-04:00 DEBUG 87501 --- [centromedico] [           main] o.h.t.d.jdbc.spi.JdbcTypeRegistry        : addDescriptor(2005, ClobTypeDescriptor(STREAM_BINDING)) replaced previous registration(ClobTypeDescriptor(DEFAULT))
2024-05-05T13:25:47.566-04:00 DEBUG 87501 --- [centromedico] [           main] o.h.t.d.jdbc.spi.JdbcTypeRegistry        : addDescriptor(BooleanTypeDescriptor) replaced previous registration(BooleanTypeDescriptor)
2024-05-05T13:25:47.567-04:00 DEBUG 87501 --- [centromedico] [           main] org.hibernate.type.BasicTypeRegistry     : Adding type registration null -> org.hibernate.type.NullType@1d0b4fe4
2024-05-05T13:25:47.567-04:00 DEBUG 87501 --- [centromedico] [           main] org.hibernate.type.BasicTypeRegistry     : Type registration key [null] overrode previous entry : `org.hibernate.type.NullType@52ae997b`
2024-05-05T13:25:47.567-04:00 DEBUG 87501 --- [centromedico] [           main] org.hibernate.type.BasicTypeRegistry     : Adding type registration JAVA_OBJECT -> org.hibernate.type.JavaObjectType@26107e6d
2024-05-05T13:25:47.567-04:00 DEBUG 87501 --- [centromedico] [           main] org.hibernate.type.BasicTypeRegistry     : Adding type registration java.lang.Object -> org.hibernate.type.JavaObjectType@26107e6d
2024-05-05T13:25:47.567-04:00 DEBUG 87501 --- [centromedico] [           main] org.hibernate.type.BasicTypeRegistry     : Type registration key [java.lang.Object] overrode previous entry : `org.hibernate.type.JavaObjectType@39666e42`
2024-05-05T13:25:47.567-04:00 DEBUG 87501 --- [centromedico] [           main] org.hibernate.type.BasicTypeRegistry     : Adding type registration org.hibernate.type.DurationType -> basicType@22(java.time.Duration,3015)
2024-05-05T13:25:47.567-04:00 DEBUG 87501 --- [centromedico] [           main] org.hibernate.type.BasicTypeRegistry     : Adding type registration Duration -> basicType@22(java.time.Duration,3015)
2024-05-05T13:25:47.567-04:00 DEBUG 87501 --- [centromedico] [           main] org.hibernate.type.BasicTypeRegistry     : Adding type registration java.time.Duration -> basicType@22(java.time.Duration,3015)
2024-05-05T13:25:47.567-04:00 DEBUG 87501 --- [centromedico] [           main] o.h.type.spi.TypeConfiguration$Scope     : Scoping TypeConfiguration [org.hibernate.type.spi.TypeConfiguration@bd99c67] to MetadataBuildingContext [org.hibernate.boot.internal.MetadataBuildingContextRootImpl@39ba2234]
2024-05-05T13:25:47.567-04:00 DEBUG 87501 --- [centromedico] [           main] o.h.boot.model.relational.Namespace      : Created database namespace [logicalName=Name{catalog=null, schema=null}, physicalName=Name{catalog=null, schema=null}]
2024-05-05T13:25:47.567-04:00 DEBUG 87501 --- [centromedico] [           main] o.h.boot.model.internal.EntityBinder     : Binding entity from annotated class: com.CentroMedico.CentroMedico.model.ConsultaMedica
2024-05-05T13:25:47.567-04:00 DEBUG 87501 --- [centromedico] [           main] o.h.boot.model.internal.EntityBinder     : Import with entity name ConsultaMedica
2024-05-05T13:25:47.567-04:00 DEBUG 87501 --- [centromedico] [           main] o.h.boot.model.internal.EntityBinder     : Bind entity com.CentroMedico.CentroMedico.model.ConsultaMedica on table consultamedica
2024-05-05T13:25:47.567-04:00 DEBUG 87501 --- [centromedico] [           main] o.h.boot.model.internal.AnnotatedColumn  : Binding column: AnnotatedDiscriminatorColumn(column='DTYPE')
2024-05-05T13:25:47.568-04:00 DEBUG 87501 --- [centromedico] [           main] o.h.boot.model.internal.AnnotatedColumn  : Binding column: AnnotatedColumn(column='idcon')
2024-05-05T13:25:47.568-04:00 DEBUG 87501 --- [centromedico] [           main] o.h.boot.internal.ClassLoaderAccessImpl  : Not known whether passed class name [com.CentroMedico.CentroMedico.model.ConsultaMedica] is safe
2024-05-05T13:25:47.568-04:00 DEBUG 87501 --- [centromedico] [           main] o.h.boot.internal.ClassLoaderAccessImpl  : No temp ClassLoader provided; using live ClassLoader for loading potentially unsafe class : com.CentroMedico.CentroMedico.model.ConsultaMedica
2024-05-05T13:25:47.568-04:00 DEBUG 87501 --- [centromedico] [           main] o.h.boot.model.internal.PropertyBinder   : MetadataSourceProcessor property idcon with lazy=false
2024-05-05T13:25:47.568-04:00 DEBUG 87501 --- [centromedico] [           main] o.h.b.m.internal.AbstractPropertyHolder  : Attempting to locate auto-apply AttributeConverter for property [com.CentroMedico.CentroMedico.model.ConsultaMedica:idcon]
2024-05-05T13:25:47.568-04:00 DEBUG 87501 --- [centromedico] [           main] o.h.b.model.internal.BasicValueBinder    : building BasicValue for idcon
2024-05-05T13:25:47.568-04:00 DEBUG 87501 --- [centromedico] [           main] org.hibernate.mapping.BasicValue         : Skipping column re-registration: consultamedica.idcon
2024-05-05T13:25:47.568-04:00 DEBUG 87501 --- [centromedico] [           main] o.h.boot.model.internal.PropertyBinder   : Building property idcon
2024-05-05T13:25:47.568-04:00 DEBUG 87501 --- [centromedico] [           main] o.h.boot.model.internal.BinderHelper     : #makeIdGenerator(BasicValue([Column(idcon)]), idcon, identity, , ...)
2024-05-05T13:25:47.568-04:00 DEBUG 87501 --- [centromedico] [           main] o.h.boot.model.internal.AnnotatedColumn  : Binding column: AnnotatedColumn(column='diagnostico')
2024-05-05T13:25:47.568-04:00 DEBUG 87501 --- [centromedico] [           main] o.h.boot.model.internal.PropertyBinder   : MetadataSourceProcessor property diagnostico with lazy=false
2024-05-05T13:25:47.568-04:00 DEBUG 87501 --- [centromedico] [           main] o.h.b.m.internal.AbstractPropertyHolder  : Attempting to locate auto-apply AttributeConverter for property [com.CentroMedico.CentroMedico.model.ConsultaMedica:diagnostico]
2024-05-05T13:25:47.568-04:00 DEBUG 87501 --- [centromedico] [           main] o.h.b.model.internal.BasicValueBinder    : building BasicValue for diagnostico
2024-05-05T13:25:47.568-04:00 DEBUG 87501 --- [centromedico] [           main] org.hibernate.mapping.BasicValue         : Skipping column re-registration: consultamedica.diagnostico
2024-05-05T13:25:47.568-04:00 DEBUG 87501 --- [centromedico] [           main] o.h.boot.model.internal.PropertyBinder   : Building property diagnostico
2024-05-05T13:25:47.568-04:00 DEBUG 87501 --- [centromedico] [           main] o.h.boot.model.internal.AnnotatedColumn  : Binding column: AnnotatedColumn(column='fechaconsulta')
2024-05-05T13:25:47.568-04:00 DEBUG 87501 --- [centromedico] [           main] o.h.boot.model.internal.PropertyBinder   : MetadataSourceProcessor property fechaconsulta with lazy=false
2024-05-05T13:25:47.568-04:00 DEBUG 87501 --- [centromedico] [           main] o.h.b.m.internal.AbstractPropertyHolder  : Attempting to locate auto-apply AttributeConverter for property [com.CentroMedico.CentroMedico.model.ConsultaMedica:fechaconsulta]
2024-05-05T13:25:47.568-04:00 DEBUG 87501 --- [centromedico] [           main] o.h.b.model.internal.BasicValueBinder    : building BasicValue for fechaconsulta
2024-05-05T13:25:47.568-04:00 DEBUG 87501 --- [centromedico] [           main] org.hibernate.mapping.BasicValue         : Skipping column re-registration: consultamedica.fechaconsulta
2024-05-05T13:25:47.569-04:00 DEBUG 87501 --- [centromedico] [           main] o.h.boot.model.internal.PropertyBinder   : Building property fechaconsulta
2024-05-05T13:25:47.569-04:00 DEBUG 87501 --- [centromedico] [           main] o.h.boot.model.internal.AnnotatedColumn  : Binding column: AnnotatedColumn()
2024-05-05T13:25:47.569-04:00 DEBUG 87501 --- [centromedico] [           main] o.h.boot.model.internal.PropertyBinder   : MetadataSourceProcessor property horario with lazy=false
2024-05-05T13:25:47.569-04:00 DEBUG 87501 --- [centromedico] [           main] o.h.b.m.internal.AbstractPropertyHolder  : Attempting to locate auto-apply AttributeConverter for property [com.CentroMedico.CentroMedico.model.ConsultaMedica:horario]
2024-05-05T13:25:47.569-04:00 DEBUG 87501 --- [centromedico] [           main] o.h.b.model.internal.BasicValueBinder    : building BasicValue for horario
2024-05-05T13:25:47.569-04:00 DEBUG 87501 --- [centromedico] [           main] org.hibernate.mapping.BasicValue         : Skipping column re-registration: consultamedica.horario
2024-05-05T13:25:47.569-04:00 DEBUG 87501 --- [centromedico] [           main] o.h.boot.model.internal.PropertyBinder   : Building property horario
2024-05-05T13:25:47.569-04:00 DEBUG 87501 --- [centromedico] [           main] o.h.boot.model.internal.AnnotatedColumn  : Binding column: AnnotatedJoinColumn(column='idpac')
2024-05-05T13:25:47.569-04:00 DEBUG 87501 --- [centromedico] [           main] o.h.boot.model.internal.AnnotatedColumn  : Binding column: AnnotatedColumn()
2024-05-05T13:25:47.569-04:00 DEBUG 87501 --- [centromedico] [           main] o.h.boot.model.internal.PropertyBinder   : Building property paciente
2024-05-05T13:25:47.569-04:00 DEBUG 87501 --- [centromedico] [           main] o.h.boot.model.internal.AnnotatedColumn  : Binding column: AnnotatedJoinColumn(column='idprof')
2024-05-05T13:25:47.569-04:00 DEBUG 87501 --- [centromedico] [           main] o.h.boot.model.internal.AnnotatedColumn  : Binding column: AnnotatedColumn()
2024-05-05T13:25:47.569-04:00 DEBUG 87501 --- [centromedico] [           main] o.h.boot.model.internal.PropertyBinder   : Building property profesional
2024-05-05T13:25:47.569-04:00 DEBUG 87501 --- [centromedico] [           main] o.h.boot.model.internal.AnnotatedColumn  : Binding column: AnnotatedColumn(column='tratamiento')
2024-05-05T13:25:47.569-04:00 DEBUG 87501 --- [centromedico] [           main] o.h.boot.model.internal.PropertyBinder   : MetadataSourceProcessor property tratamiento with lazy=false
2024-05-05T13:25:47.569-04:00 DEBUG 87501 --- [centromedico] [           main] o.h.b.m.internal.AbstractPropertyHolder  : Attempting to locate auto-apply AttributeConverter for property [com.CentroMedico.CentroMedico.model.ConsultaMedica:tratamiento]
2024-05-05T13:25:47.569-04:00 DEBUG 87501 --- [centromedico] [           main] o.h.b.model.internal.BasicValueBinder    : building BasicValue for tratamiento
2024-05-05T13:25:47.569-04:00 DEBUG 87501 --- [centromedico] [           main] org.hibernate.mapping.BasicValue         : Skipping column re-registration: consultamedica.tratamiento
2024-05-05T13:25:47.569-04:00 DEBUG 87501 --- [centromedico] [           main] o.h.boot.model.internal.PropertyBinder   : Building property tratamiento
2024-05-05T13:25:47.569-04:00 DEBUG 87501 --- [centromedico] [           main] o.h.b.r.c.i.ClassLoaderServiceImpl       : HHH000194: Package not found or wo package-info.java: com.CentroMedico.CentroMedico.model
2024-05-05T13:25:47.570-04:00 DEBUG 87501 --- [centromedico] [           main] o.h.boot.model.internal.EntityBinder     : Binding entity from annotated class: com.CentroMedico.CentroMedico.model.Especialidad
2024-05-05T13:25:47.570-04:00 DEBUG 87501 --- [centromedico] [           main] o.h.boot.model.internal.EntityBinder     : Import with entity name Especialidad
2024-05-05T13:25:47.570-04:00 DEBUG 87501 --- [centromedico] [           main] o.h.boot.model.internal.EntityBinder     : Bind entity com.CentroMedico.CentroMedico.model.Especialidad on table especialidad
2024-05-05T13:25:47.570-04:00 DEBUG 87501 --- [centromedico] [           main] o.h.boot.model.internal.AnnotatedColumn  : Binding column: AnnotatedDiscriminatorColumn(column='DTYPE')
2024-05-05T13:25:47.570-04:00 DEBUG 87501 --- [centromedico] [           main] o.h.boot.model.internal.AnnotatedColumn  : Binding column: AnnotatedColumn(column='ides')
2024-05-05T13:25:47.570-04:00 DEBUG 87501 --- [centromedico] [           main] o.h.boot.internal.ClassLoaderAccessImpl  : Not known whether passed class name [com.CentroMedico.CentroMedico.model.Especialidad] is safe
2024-05-05T13:25:47.570-04:00 DEBUG 87501 --- [centromedico] [           main] o.h.boot.internal.ClassLoaderAccessImpl  : No temp ClassLoader provided; using live ClassLoader for loading potentially unsafe class : com.CentroMedico.CentroMedico.model.Especialidad
[...]

   RedisRepositoriesAutoConfiguration:
      Did not match:
         - @ConditionalOnClass did not find required class 'org.springframework.data.redis.repository.configuration.EnableRedisRepositories' (OnClassCondition)

   RemoteDevToolsAutoConfiguration:
      Did not match:
         - @ConditionalOnProperty (spring.devtools.remote.secret) did not find property 'secret' (OnPropertyCondition)
      Matched:
         - @ConditionalOnClass found required classes 'jakarta.servlet.Filter', 'org.springframework.http.server.ServerHttpRequest' (OnClassCondition)

   RepositoryRestMvcAutoConfiguration:
      Did not match:
         - @ConditionalOnClass did not find required class 'org.springframework.data.rest.webmvc.config.RepositoryRestMvcConfiguration' (OnClassCondition)

   Saml2RelyingPartyAutoConfiguration:
      Did not match:
         - @ConditionalOnClass did not find required class 'org.springframework.security.saml2.provider.service.registration.RelyingPartyRegistrationRepository' (OnClassCondition)

   ScheduledTasksEndpointAutoConfiguration:
      Did not match:
         - @ConditionalOnAvailableEndpoint no 'management.endpoints' property marked it as exposed (OnAvailableEndpointCondition)

   SecurityAutoConfiguration:
      Did not match:
         - @ConditionalOnClass did not find required class 'org.springframework.security.authentication.DefaultAuthenticationEventPublisher' (OnClassCondition)

   SecurityFilterAutoConfiguration:
      Did not match:
         - @ConditionalOnClass did not find required class 'org.springframework.security.config.http.SessionCreationPolicy' (OnClassCondition)

   SecurityRequestMatchersManagementContextConfiguration:
      Did not match:
         - @ConditionalOnClass did not find required class 'org.springframework.security.web.util.matcher.RequestMatcher' (OnClassCondition)

   SendGridAutoConfiguration:
      Did not match:
         - @ConditionalOnClass did not find required class 'com.sendgrid.SendGrid' (OnClassCondition)

   ServletEndpointManagementContextConfiguration.JerseyServletEndpointManagementContextConfiguration:
      Did not match:
         - @ConditionalOnClass did not find required class 'org.glassfish.jersey.server.ResourceConfig' (OnClassCondition)

   ServletManagementContextAutoConfiguration.ApplicationContextFilterConfiguration:
      Did not match:
         - @ConditionalOnProperty (management.server.add-application-context-header=true) did not find property 'add-application-context-header' (OnPropertyCondition)

   ServletWebServerFactoryAutoConfiguration.ForwardedHeaderFilterConfiguration:
      Did not match:
         - @ConditionalOnProperty (server.forward-headers-strategy=framework) did not find property 'server.forward-headers-strategy' (OnPropertyCondition)

   ServletWebServerFactoryConfiguration.EmbeddedJetty:
      Did not match:
         - @ConditionalOnClass did not find required classes 'org.eclipse.jetty.server.Server', 'org.eclipse.jetty.util.Loader', 'org.eclipse.jetty.ee10.webapp.WebAppContext' (OnClassCondition)

   ServletWebServerFactoryConfiguration.EmbeddedUndertow:
      Did not match:
         - @ConditionalOnClass did not find required classes 'io.undertow.Undertow', 'org.xnio.SslClientAuthMode' (OnClassCondition)

   SessionAutoConfiguration:
      Did not match:
         - @ConditionalOnClass did not find required class 'org.springframework.session.Session' (OnClassCondition)

   SessionsEndpointAutoConfiguration:
      Did not match:
         - @ConditionalOnClass did not find required class 'org.springframework.session.FindByIndexNameSessionRepository' (OnClassCondition)

   ShutdownEndpointAutoConfiguration:
      Did not match:
         - @ConditionalOnAvailableEndpoint no property management.endpoint.shutdown.enabled found so using endpoint default of false (OnAvailableEndpointCondition)

   SignalFxMetricsExportAutoConfiguration:
      Did not match:
         - @ConditionalOnClass did not find required class 'io.micrometer.signalfx.SignalFxMeterRegistry' (OnClassCondition)

   SpringApplicationAdminJmxAutoConfiguration:
      Did not match:
         - @ConditionalOnProperty (spring.application.admin.enabled=true) did not find property 'enabled' (OnPropertyCondition)

   StackdriverMetricsExportAutoConfiguration:
      Did not match:
         - @ConditionalOnClass did not find required class 'io.micrometer.stackdriver.StackdriverMeterRegistry' (OnClassCondition)

   StartupEndpointAutoConfiguration:
      Did not match:
         - ApplicationStartup configured applicationStartup is of type class org.springframework.core.metrics.DefaultApplicationStartup, expected BufferingApplicationStartup. (StartupEndpointAutoConfiguration.ApplicationStartupCondition)

   StatsdMetricsExportAutoConfiguration:
      Did not match:
         - @ConditionalOnClass did not find required class 'io.micrometer.statsd.StatsdMeterRegistry' (OnClassCondition)

   TaskExecutorConfigurations.SimpleAsyncTaskExecutorBuilderConfiguration#simpleAsyncTaskExecutorBuilderVirtualThreads:
      Did not match:
         - @ConditionalOnMissingBean (types: org.springframework.boot.task.SimpleAsyncTaskExecutorBuilder; SearchStrategy: all) found beans of type 'org.springframework.boot.task.SimpleAsyncTaskExecutorBuilder' simpleAsyncTaskExecutorBuilder (OnBeanCondition)

   TaskExecutorConfigurations.TaskExecutorConfiguration#applicationTaskExecutorVirtualThreads:
      Did not match:
         - @ConditionalOnThreading did not find VIRTUAL (OnThreadingCondition)

   TaskSchedulingAutoConfiguration#scheduledBeanLazyInitializationExcludeFilter:
      Did not match:
         - @ConditionalOnBean (names: org.springframework.context.annotation.internalScheduledAnnotationProcessor; SearchStrategy: all) did not find any beans named org.springframework.context.annotation.internalScheduledAnnotationProcessor (OnBeanCondition)

   TaskSchedulingConfigurations.SimpleAsyncTaskSchedulerBuilderConfiguration#simpleAsyncTaskSchedulerBuilderVirtualThreads:
      Did not match:
         - @ConditionalOnMissingBean (types: org.springframework.boot.task.SimpleAsyncTaskSchedulerBuilder; SearchStrategy: all) found beans of type 'org.springframework.boot.task.SimpleAsyncTaskSchedulerBuilder' simpleAsyncTaskSchedulerBuilder (OnBeanCondition)

   TaskSchedulingConfigurations.TaskSchedulerConfiguration:
      Did not match:
         - @ConditionalOnBean (names: org.springframework.context.annotation.internalScheduledAnnotationProcessor; SearchStrategy: all) did not find any beans named org.springframework.context.annotation.internalScheduledAnnotationProcessor (OnBeanCondition)

   ThreadDumpEndpointAutoConfiguration:
      Did not match:
         - @ConditionalOnAvailableEndpoint no 'management.endpoints' property marked it as exposed (OnAvailableEndpointCondition)

   ThymeleafAutoConfiguration:
      Did not match:
         - @ConditionalOnClass did not find required class 'org.thymeleaf.spring6.SpringTemplateEngine' (OnClassCondition)

   TransactionAutoConfiguration#transactionalOperator:
      Did not match:
         - @ConditionalOnSingleCandidate (types: org.springframework.transaction.ReactiveTransactionManager; SearchStrategy: all) did not find any beans (OnBeanCondition)

   TransactionAutoConfiguration.AspectJTransactionManagementConfiguration:
      Did not match:
         - @ConditionalOnBean (types: org.springframework.transaction.aspectj.AbstractTransactionAspect; SearchStrategy: all) did not find any beans of type org.springframework.transaction.aspectj.AbstractTransactionAspect (OnBeanCondition)

   TransactionAutoConfiguration.EnableTransactionManagementConfiguration.JdkDynamicAutoProxyConfiguration:
      Did not match:
         - @ConditionalOnProperty (spring.aop.proxy-target-class=false) did not find property 'proxy-target-class' (OnPropertyCondition)

   UserDetailsServiceAutoConfiguration:
      Did not match:
         - @ConditionalOnClass did not find required class 'org.springframework.security.authentication.AuthenticationManager' (OnClassCondition)

   ValidationAutoConfiguration:
      Did not match:
         - @ConditionalOnClass did not find required class 'jakarta.validation.executable.ExecutableValidator' (OnClassCondition)

   WavefrontAutoConfiguration:
      Did not match:
         - @ConditionalOnClass did not find required class 'com.wavefront.sdk.common.application.ApplicationTags' (OnClassCondition)

   WavefrontMetricsExportAutoConfiguration:
      Did not match:
         - @ConditionalOnClass did not find required class 'com.wavefront.sdk.common.WavefrontSender' (OnClassCondition)

   WavefrontTracingAutoConfiguration:
      Did not match:
         - @ConditionalOnClass did not find required class 'com.wavefront.sdk.common.WavefrontSender' (OnClassCondition)

   WebClientAutoConfiguration:
      Did not match:
         - @ConditionalOnClass did not find required class 'org.springframework.web.reactive.function.client.WebClient' (OnClassCondition)

   WebClientObservationConfiguration:
      Did not match:
         - @ConditionalOnClass did not find required class 'org.springframework.web.reactive.function.client.WebClient' (OnClassCondition)

   WebFluxAutoConfiguration:
      Did not match:
         - @ConditionalOnClass did not find required class 'org.springframework.web.reactive.config.WebFluxConfigurer' (OnClassCondition)

   WebFluxEndpointManagementContextConfiguration:
      Did not match:
         - @ConditionalOnClass did not find required class 'org.springframework.web.reactive.DispatcherHandler' (OnClassCondition)

   WebFluxObservationAutoConfiguration:
      Did not match:
         - @ConditionalOnWebApplication did not find reactive web application classes (OnWebApplicationCondition)

   WebMvcAutoConfiguration#hiddenHttpMethodFilter:
      Did not match:
         - @ConditionalOnProperty (spring.mvc.hiddenmethod.filter.enabled) did not find property 'enabled' (OnPropertyCondition)

   WebMvcAutoConfiguration.ProblemDetailsErrorHandlingConfiguration:
      Did not match:
         - @ConditionalOnProperty (spring.mvc.problemdetails.enabled=true) did not find property 'enabled' (OnPropertyCondition)

   WebMvcAutoConfiguration.ResourceChainCustomizerConfiguration:
      Did not match:
         - @ConditionalOnEnabledResourceChain did not find class org.webjars.WebJarAssetLocator (OnEnabledResourceChainCondition)

   WebMvcAutoConfiguration.WebMvcAutoConfigurationAdapter#beanNameViewResolver:
      Did not match:
         - @ConditionalOnMissingBean (types: org.springframework.web.servlet.view.BeanNameViewResolver; SearchStrategy: all) found beans of type 'org.springframework.web.servlet.view.BeanNameViewResolver' beanNameViewResolver (OnBeanCondition)

   WebMvcEndpointManagementContextConfiguration#managementHealthEndpointWebMvcHandlerMapping:
      Did not match:
         - Management Port actual port type (SAME) did not match required type (DIFFERENT) (OnManagementPortCondition)

   WebServiceTemplateAutoConfiguration:
      Did not match:
         - @ConditionalOnClass did not find required class 'org.springframework.oxm.Marshaller' (OnClassCondition)

   WebServicesAutoConfiguration:
      Did not match:
         - @ConditionalOnClass did not find required class 'org.springframework.ws.transport.http.MessageDispatcherServlet' (OnClassCondition)

   WebSessionIdResolverAutoConfiguration:
      Did not match:
         - @ConditionalOnClass did not find required class 'reactor.core.publisher.Mono' (OnClassCondition)

   WebSocketMessagingAutoConfiguration:
      Did not match:
         - @ConditionalOnClass did not find required class 'org.springframework.web.socket.config.annotation.WebSocketMessageBrokerConfigurer' (OnClassCondition)

   WebSocketReactiveAutoConfiguration:
      Did not match:
         - @ConditionalOnWebApplication did not find reactive web application classes (OnWebApplicationCondition)

   WebSocketServletAutoConfiguration.JettyWebSocketConfiguration:
      Did not match:
         - @ConditionalOnClass did not find required class 'org.eclipse.jetty.ee10.websocket.jakarta.server.config.JakartaWebSocketServletContainerInitializer' (OnClassCondition)

   WebSocketServletAutoConfiguration.UndertowWebSocketConfiguration:
      Did not match:
         - @ConditionalOnClass did not find required class 'io.undertow.websockets.jsr.Bootstrap' (OnClassCondition)

   XADataSourceAutoConfiguration:
      Did not match:
         - @ConditionalOnBean (types: org.springframework.boot.jdbc.XADataSourceWrapper; SearchStrategy: all) did not find any beans of type org.springframework.boot.jdbc.XADataSourceWrapper (OnBeanCondition)
      Matched:
         - @ConditionalOnClass found required classes 'javax.sql.DataSource', 'jakarta.transaction.TransactionManager', 'org.springframework.jdbc.datasource.embedded.EmbeddedDatabaseType' (OnClassCondition)

   ZipkinAutoConfiguration:
      Did not match:
         - @ConditionalOnClass did not find required class 'zipkin2.reporter.Sender' (OnClassCondition)


Exclusions:
-----------

    None


Unconditional classes:
----------------------

    org.springframework.boot.autoconfigure.context.ConfigurationPropertiesAutoConfiguration

    org.springframework.boot.actuate.autoconfigure.availability.AvailabilityHealthContributorAutoConfiguration

    org.springframework.boot.autoconfigure.ssl.SslAutoConfiguration

    org.springframework.boot.actuate.autoconfigure.info.InfoContributorAutoConfiguration

    org.springframework.boot.autoconfigure.context.PropertyPlaceholderAutoConfiguration

    org.springframework.boot.autoconfigure.context.LifecycleAutoConfiguration

    org.springframework.boot.actuate.autoconfigure.metrics.integration.IntegrationMetricsAutoConfiguration

    org.springframework.boot.actuate.autoconfigure.endpoint.EndpointAutoConfiguration

    org.springframework.boot.actuate.autoconfigure.web.server.ManagementContextAutoConfiguration

    org.springframework.boot.actuate.autoconfigure.health.HealthContributorAutoConfiguration

    org.springframework.boot.actuate.autoconfigure.endpoint.jackson.JacksonEndpointAutoConfiguration

    org.springframework.boot.autoconfigure.availability.ApplicationAvailabilityAutoConfiguration

    org.springframework.boot.autoconfigure.info.ProjectInfoAutoConfiguration



2024-05-05T13:25:48.845-04:00  INFO 87501 --- [centromedico] [           main] c.C.C.CentroMedicoApplicationTests       : Started CentroMedicoApplicationTests in 2.29 seconds (process running for 10.611)
2024-05-05T13:25:48.847-04:00 DEBUG 87501 --- [centromedico] [           main] o.s.b.a.ApplicationAvailabilityBean      : Application availability state LivenessState changed to CORRECT
2024-05-05T13:25:48.847-04:00 DEBUG 87501 --- [centromedico] [           main] o.s.b.a.ApplicationAvailabilityBean      : Application availability state ReadinessState changed to ACCEPTING_TRAFFIC
2024-05-05T13:25:48.847-04:00 DEBUG 87501 --- [centromedico] [           main] org.springframework.test.context.cache   : Spring test ApplicationContext cache statistics: [DefaultContextCache@7611e295 size = 3, maxSize = 32, parentContextCount = 0, hitCount = 36, missCount = 3, failureCount = 0]
2024-05-05T13:25:48.847-04:00 DEBUG 87501 --- [centromedico] [           main] o.s.t.c.w.ServletTestExecutionListener   : Setting up MockHttpServletRequest, MockHttpServletResponse, ServletWebRequest, and RequestContextHolder for test class com.CentroMedico.CentroMedico.CentroMedicoApplicationTests
2024-05-05T13:25:48.848-04:00 DEBUG 87501 --- [centromedico] [           main] DependencyInjectionTestExecutionListener : Performing dependency injection for test class com.CentroMedico.CentroMedico.CentroMedicoApplicationTests
2024-05-05T13:25:48.848-04:00 DEBUG 87501 --- [centromedico] [           main] org.springframework.test.context.cache   : Spring test ApplicationContext cache statistics: [DefaultContextCache@7611e295 size = 3, maxSize = 32, parentContextCount = 0, hitCount = 37, missCount = 3, failureCount = 0]
2024-05-05T13:25:48.848-04:00 DEBUG 87501 --- [centromedico] [           main] org.springframework.test.context.cache   : Spring test ApplicationContext cache statistics: [DefaultContextCache@7611e295 size = 3, maxSize = 32, parentContextCount = 0, hitCount = 38, missCount = 3, failureCount = 0]
2024-05-05T13:25:48.849-04:00 DEBUG 87501 --- [centromedico] [           main] sContextBeforeModesTestExecutionListener : Before test method: class [CentroMedicoApplicationTests], method [contextLoads], class annotated with @DirtiesContext [false] with mode [null], method annotated with @DirtiesContext [false] with mode [null]
2024-05-05T13:25:48.849-04:00 DEBUG 87501 --- [centromedico] [           main] org.springframework.test.context.cache   : Spring test ApplicationContext cache statistics: [DefaultContextCache@7611e295 size = 3, maxSize = 32, parentContextCount = 0, hitCount = 39, missCount = 3, failureCount = 0]
2024-05-05T13:25:48.849-04:00 DEBUG 87501 --- [centromedico] [           main] org.springframework.test.context.cache   : Spring test ApplicationContext cache statistics: [DefaultContextCache@7611e295 size = 3, maxSize = 32, parentContextCount = 0, hitCount = 40, missCount = 3, failureCount = 0]
2024-05-05T13:25:48.851-04:00 DEBUG 87501 --- [centromedico] [           main] org.springframework.test.context.cache   : Spring test ApplicationContext cache statistics: [DefaultContextCache@7611e295 size = 3, maxSize = 32, parentContextCount = 0, hitCount = 41, missCount = 3, failureCount = 0]
2024-05-05T13:25:48.851-04:00 DEBUG 87501 --- [centromedico] [           main] org.springframework.test.context.cache   : Spring test ApplicationContext cache statistics: [DefaultContextCache@7611e295 size = 3, maxSize = 32, parentContextCount = 0, hitCount = 42, missCount = 3, failureCount = 0]
2024-05-05T13:25:48.851-04:00 DEBUG 87501 --- [centromedico] [           main] org.springframework.test.context.cache   : Spring test ApplicationContext cache statistics: [DefaultContextCache@7611e295 size = 3, maxSize = 32, parentContextCount = 0, hitCount = 43, missCount = 3, failureCount = 0]
2024-05-05T13:25:48.851-04:00 DEBUG 87501 --- [centromedico] [           main] org.springframework.test.context.cache   : Spring test ApplicationContext cache statistics: [DefaultContextCache@7611e295 size = 3, maxSize = 32, parentContextCount = 0, hitCount = 44, missCount = 3, failureCount = 0]
2024-05-05T13:25:48.851-04:00 DEBUG 87501 --- [centromedico] [           main] org.springframework.test.context.cache   : Spring test ApplicationContext cache statistics: [DefaultContextCache@7611e295 size = 3, maxSize = 32, parentContextCount = 0, hitCount = 45, missCount = 3, failureCount = 0]
2024-05-05T13:25:48.851-04:00 DEBUG 87501 --- [centromedico] [           main] org.springframework.test.context.cache   : Spring test ApplicationContext cache statistics: [DefaultContextCache@7611e295 size = 3, maxSize = 32, parentContextCount = 0, hitCount = 46, missCount = 3, failureCount = 0]
2024-05-05T13:25:48.852-04:00 DEBUG 87501 --- [centromedico] [           main] org.springframework.test.context.cache   : Spring test ApplicationContext cache statistics: [DefaultContextCache@7611e295 size = 3, maxSize = 32, parentContextCount = 0, hitCount = 47, missCount = 3, failureCount = 0]
2024-05-05T13:25:48.852-04:00 DEBUG 87501 --- [centromedico] [           main] .c.s.DirtiesContextTestExecutionListener : After test method: class [CentroMedicoApplicationTests], method [contextLoads], class annotated with @DirtiesContext [false] with mode [null], method annotated with @DirtiesContext [false] with mode [null]
2024-05-05T13:25:48.852-04:00 DEBUG 87501 --- [centromedico] [           main] o.s.t.c.w.ServletTestExecutionListener   : Resetting RequestContextHolder for test class com.CentroMedico.CentroMedico.CentroMedicoApplicationTests
]]></system-out>
  </testcase>
</testsuite>