<?xml version="1.0" encoding="UTF-8"?>
<testsuite xmlns:xsi="http://www.w3.org/2001/XMLSchema-instance" xsi:noNamespaceSchemaLocation="https://maven.apache.org/surefire/maven-surefire-plugin/xsd/surefire-test-report-3.0.xsd" version="3.0" name="com.CentroMedico.CentroMedico.repository.PacienteServiceTest" time="7.151" tests="2" errors="0" skipped="0" failures="0">
  <properties>
[...]
</properties>
  <testcase name="eliminarPacienteTest" classname="com.CentroMedico.CentroMedico.repository.PacienteServiceTest" time="1.052">
    <system-out><![CDATA[13:25:38.608 [main] INFO org.springframework.test.context.support.AnnotationConfigContextLoaderUtils -- Could not detect default configuration classes for test class [com.CentroMedico.CentroMedico.repository.PacienteServiceTest]: PacienteServiceTest does not declare any static, non-private, non-final, nested classes annotated with @Configuration.
13:25:38.671 [main] INFO org.springframework.boot.test.context.SpringBootTestContextBootstrapper -- Found @SpringBootConfiguration com.CentroMedico.CentroMedico.CentroMedicoApplication for test class com.CentroMedico.CentroMedico.repository.PacienteServiceTest
13:25:38.727 [main] INFO org.springframework.boot.devtools.restart.RestartApplicationListener -- Restart disabled due to context in which it is running

  .   ____          _            __ _ _
 /\\ / ___'_ __ _ _(_)_ __  __ _ \ \ \ \
( ( )\___ | '_ | '_| | '_ \/ _` | \ \ \ \
 \\/  ___)| |_)| | | | | || (_| |  ) ) ) )
  '  |____| .__|_| |_|_| |_\__, | / / / /
 =========|_|==============|___/=/_/_/_/
 :: Spring Boot ::                (v3.2.4)

2024-05-05T13:25:38.887-04:00  INFO 87501 --- [centromedico] [           main] c.C.C.repository.PacienteServiceTest     : Starting PacienteServiceTest using Java 21.0.2 with PID 87501 (started by pablojavier in /Users/pablojavier/Documents/Study/Entregas Examen /Ejemplos/centromedico)
2024-05-05T13:25:38.888-04:00  INFO 87501 --- [centromedico] [           main] c.C.C.repository.PacienteServiceTest     : No active profile set, falling back to 1 default profile: "default"
2024-05-05T13:25:38.888-04:00 DEBUG 87501 --- [centromedico] [           main] o.s.boot.SpringApplication               : Loading source class com.CentroMedico.CentroMedico.CentroMedicoApplication
2024-05-05T13:25:38.894-04:00 DEBUG 87501 --- [centromedico] [           main] s.c.a.AnnotationConfigApplicationContext : Refreshing org.springframework.context.annotation.AnnotationConfigApplicationContext@7048f722
2024-05-05T13:25:38.900-04:00 DEBUG 87501 --- [centromedico] [           main] o.s.b.f.s.DefaultListableBeanFactory     : Creating shared instance of singleton bean 'org.springframework.context.annotation.internalConfigurationAnnotationProcessor'
2024-05-05T13:25:38.907-04:00 DEBUG 87501 --- [centromedico] [           main] o.s.b.f.s.DefaultListableBeanFactory     : Creating shared instance of singleton bean 'org.springframework.boot.autoconfigure.internalCachingMetadataReaderFactory'
2024-05-05T13:25:39.077-04:00  INFO 87501 --- [centromedico] [           main] .s.d.r.c.RepositoryConfigurationDelegate : Bootstrapping Spring Data JPA repositories in DEFAULT mode.
2024-05-05T13:25:39.081-04:00 DEBUG 87501 --- [centromedico] [           main] o.s.b.f.s.DefaultListableBeanFactory     : Creating shared instance of singleton bean 'org.springframework.boot.autoconfigure.AutoConfigurationPackages'
2024-05-05T13:25:39.084-04:00 DEBUG 87501 --- [centromedico] [           main] o.s.b.a.AutoConfigurationPackages        : @EnableAutoConfiguration was declared on a class in the package 'com.CentroMedico.CentroMedico'. Automatic @Repository and @Entity scanning is enabled.
2024-05-05T13:25:39.085-04:00 DEBUG 87501 --- [centromedico] [           main] .s.d.r.c.RepositoryConfigurationDelegate : Scanning for JPA repositories in packages com.CentroMedico.CentroMedico.
2024-05-05T13:25:39.090-04:00 DEBUG 87501 --- [centromedico] [           main] o.s.d.r.c.RepositoryComponentProvider    : Identified candidate component class: file [/Users/pablojavier/Documents/Study/Entregas Examen /Ejemplos/centromedico/target/classes/com/CentroMedico/CentroMedico/repository/ConsultaMedicaRepository.class]
2024-05-05T13:25:39.090-04:00 DEBUG 87501 --- [centromedico] [           main] o.s.d.r.c.RepositoryComponentProvider    : Identified candidate component class: file [/Users/pablojavier/Documents/Study/Entregas Examen /Ejemplos/centromedico/target/classes/com/CentroMedico/CentroMedico/repository/EspecialidadRepository.class]
2024-05-05T13:25:39.090-04:00 DEBUG 87501 --- [centromedico] [           main] o.s.d.r.c.RepositoryComponentProvider    : Identified candidate component class: file [/Users/pablojavier/Documents/Study/Entregas Examen /Ejemplos/centromedico/target/classes/com/CentroMedico/CentroMedico/repository/PacienteRepository.class]
2024-05-05T13:25:39.090-04:00 DEBUG 87501 --- [centromedico] [           main] o.s.d.r.c.RepositoryComponentProvider    : Identified candidate component class: file [/Users/pablojavier/Documents/Study/Entregas Examen /Ejemplos/centromedico/target/classes/com/CentroMedico/CentroMedico/repository/ProfesionalRepository.class]
2024-05-05T13:25:39.102-04:00 DEBUG 87501 --- [centromedico] [           main] ssPathScanningCandidateComponentProvider : Identified candidate component class: file [/Users/pablojavier/Documents/Study/Entregas Examen /Ejemplos/centromedico/target/classes/com/CentroMedico/CentroMedico/service/ConsultaMedicaServiceImpl.class]
2024-05-05T13:25:39.103-04:00 DEBUG 87501 --- [centromedico] [           main] ssPathScanningCandidateComponentProvider : Identified candidate component class: file [/Users/pablojavier/Documents/Study/Entregas Examen /Ejemplos/centromedico/target/classes/com/CentroMedico/CentroMedico/service/EspecialidadServiceImpl.class]
2024-05-05T13:25:39.103-04:00 DEBUG 87501 --- [centromedico] [           main] ssPathScanningCandidateComponentProvider : Identified candidate component class: file [/Users/pablojavier/Documents/Study/Entregas Examen /Ejemplos/centromedico/target/classes/com/CentroMedico/CentroMedico/service/PacienteServiceImpl.class]
2024-05-05T13:25:39.103-04:00 DEBUG 87501 --- [centromedico] [           main] ssPathScanningCandidateComponentProvider : Identified candidate component class: file [/Users/pablojavier/Documents/Study/Entregas Examen /Ejemplos/centromedico/target/classes/com/CentroMedico/CentroMedico/service/ProfesionalServiceImpl.class]
2024-05-05T13:25:39.109-04:00  INFO 87501 --- [centromedico] [           main] .s.d.r.c.RepositoryConfigurationDelegate : Finished Spring Data repository scanning in 23 ms. Found 4 JPA repository interfaces.
2024-05-05T13:25:39.136-04:00 DEBUG 87501 --- [centromedico] [           main] o.s.b.f.s.DefaultListableBeanFactory     : Creating shared instance of singleton bean 'org.springframework.boot.test.context.ImportsContextCustomizer$ImportsCleanupPostProcessor'
2024-05-05T13:25:39.170-04:00 DEBUG 87501 --- [centromedico] [           main] o.s.b.f.s.DefaultListableBeanFactory     : Creating shared instance of singleton bean 'org.springframework.boot.test.mock.mockito.MockitoPostProcessor'
2024-05-05T13:25:39.170-04:00 DEBUG 87501 --- [centromedico] [           main] o.s.b.f.s.DefaultListableBeanFactory     : Creating shared instance of singleton bean 'emBeanDefinitionRegistrarPostProcessor'
2024-05-05T13:25:39.171-04:00 DEBUG 87501 --- [centromedico] [           main] o.s.b.f.s.DefaultListableBeanFactory     : Creating shared instance of singleton bean 'org.springframework.boot.sql.init.dependency.DatabaseInitializationDependencyConfigurer$DependsOnDatabaseInitializationPostProcessor'
2024-05-05T13:25:39.187-04:00 DEBUG 87501 --- [centromedico] [           main] o.s.b.f.s.DefaultListableBeanFactory     : Creating shared instance of singleton bean 'org.springframework.context.event.internalEventListenerProcessor'
2024-05-05T13:25:39.188-04:00 DEBUG 87501 --- [centromedico] [           main] o.s.b.f.s.DefaultListableBeanFactory     : Creating shared instance of singleton bean 'org.springframework.context.event.internalEventListenerFactory'
2024-05-05T13:25:39.189-04:00 DEBUG 87501 --- [centromedico] [           main] o.s.b.f.s.DefaultListableBeanFactory     : Creating shared instance of singleton bean 'org.springframework.transaction.config.internalTransactionalEventListenerFactory'
2024-05-05T13:25:39.190-04:00 DEBUG 87501 --- [centromedico] [           main] o.s.b.f.s.DefaultListableBeanFactory     : Creating shared instance of singleton bean 'org.springframework.context.annotation.internalAutowiredAnnotationProcessor'
2024-05-05T13:25:39.190-04:00 DEBUG 87501 --- [centromedico] [           main] o.s.b.f.s.DefaultListableBeanFactory     : Creating shared instance of singleton bean 'org.springframework.context.annotation.internalCommonAnnotationProcessor'
2024-05-05T13:25:39.192-04:00 DEBUG 87501 --- [centromedico] [           main] o.s.b.f.s.DefaultListableBeanFactory     : Creating shared instance of singleton bean 'org.springframework.context.annotation.internalPersistenceAnnotationProcessor'
2024-05-05T13:25:39.192-04:00 DEBUG 87501 --- [centromedico] [           main] o.s.b.f.s.DefaultListableBeanFactory     : Creating shared instance of singleton bean 'org.springframework.boot.test.mock.mockito.MockitoPostProcessor$SpyPostProcessor'
2024-05-05T13:25:39.193-04:00 DEBUG 87501 --- [centromedico] [           main] o.s.b.f.s.DefaultListableBeanFactory     : Creating shared instance of singleton bean 'jdbcConnectionDetailsHikariBeanPostProcessor'
2024-05-05T13:25:39.195-04:00 DEBUG 87501 --- [centromedico] [           main] o.s.b.f.s.DefaultListableBeanFactory     : Creating shared instance of singleton bean 'org.springframework.boot.context.properties.ConfigurationPropertiesBindingPostProcessor'
2024-05-05T13:25:39.195-04:00 DEBUG 87501 --- [centromedico] [           main] o.s.b.f.s.DefaultListableBeanFactory     : Creating shared instance of singleton bean 'org.springframework.boot.context.internalConfigurationPropertiesBinder'
2024-05-05T13:25:39.197-04:00 DEBUG 87501 --- [centromedico] [           main] o.s.b.f.s.DefaultListableBeanFactory     : Creating shared instance of singleton bean 'org.springframework.aop.config.internalAutoProxyCreator'
2024-05-05T13:25:39.204-04:00 DEBUG 87501 --- [centromedico] [           main] o.s.b.f.s.DefaultListableBeanFactory     : Creating shared instance of singleton bean 'dataSourceScriptDatabaseInitializer'
2024-05-05T13:25:39.204-04:00 DEBUG 87501 --- [centromedico] [           main] o.s.b.f.s.DefaultListableBeanFactory     : Creating shared instance of singleton bean 'org.springframework.boot.autoconfigure.sql.init.DataSourceInitializationConfiguration'
2024-05-05T13:25:39.205-04:00 DEBUG 87501 --- [centromedico] [           main] o.s.b.f.s.DefaultListableBeanFactory     : Creating shared instance of singleton bean 'org.springframework.transaction.config.internalTransactionAdvisor'
2024-05-05T13:25:39.205-04:00 DEBUG 87501 --- [centromedico] [           main] o.s.b.f.s.DefaultListableBeanFactory     : Creating shared instance of singleton bean 'org.springframework.transaction.annotation.ProxyTransactionManagementConfiguration'
2024-05-05T13:25:39.215-04:00 DEBUG 87501 --- [centromedico] [           main] o.s.b.f.s.DefaultListableBeanFactory     : Creating shared instance of singleton bean 'transactionAttributeSource'
2024-05-05T13:25:39.215-04:00 DEBUG 87501 --- [centromedico] [           main] o.s.b.f.s.DefaultListableBeanFactory     : Creating shared instance of singleton bean 'transactionInterceptor'
2024-05-05T13:25:39.216-04:00 DEBUG 87501 --- [centromedico] [           main] o.s.b.f.s.DefaultListableBeanFactory     : Autowiring by type from bean name 'transactionInterceptor' via factory method to bean named 'transactionAttributeSource'
2024-05-05T13:25:39.223-04:00 DEBUG 87501 --- [centromedico] [           main] o.s.b.f.s.DefaultListableBeanFactory     : Autowiring by type from bean name 'org.springframework.transaction.config.internalTransactionAdvisor' via factory method to bean named 'transactionAttributeSource'
2024-05-05T13:25:39.223-04:00 DEBUG 87501 --- [centromedico] [           main] o.s.b.f.s.DefaultListableBeanFactory     : Autowiring by type from bean name 'org.springframework.transaction.config.internalTransactionAdvisor' via factory method to bean named 'transactionInterceptor'
2024-05-05T13:25:39.225-04:00 DEBUG 87501 --- [centromedico] [           main] o.s.b.f.s.DefaultListableBeanFactory     : Creating shared instance of singleton bean 'dataSource'
2024-05-05T13:25:39.225-04:00 DEBUG 87501 --- [centromedico] [           main] o.s.b.f.s.DefaultListableBeanFactory     : Creating shared instance of singleton bean 'org.springframework.boot.autoconfigure.jdbc.DataSourceConfiguration$Hikari'
2024-05-05T13:25:39.226-04:00 DEBUG 87501 --- [centromedico] [           main] o.s.b.f.s.DefaultListableBeanFactory     : Creating shared instance of singleton bean 'spring.datasource-org.springframework.boot.autoconfigure.jdbc.DataSourceProperties'
2024-05-05T13:25:39.226-04:00 DEBUG 87501 --- [centromedico] [           main] o.s.b.f.s.DefaultListableBeanFactory     : Creating shared instance of singleton bean 'org.springframework.boot.context.properties.BoundConfigurationProperties'
2024-05-05T13:25:39.236-04:00 DEBUG 87501 --- [centromedico] [           main] o.s.b.f.s.DefaultListableBeanFactory     : Creating shared instance of singleton bean 'jdbcConnectionDetails'
2024-05-05T13:25:39.236-04:00 DEBUG 87501 --- [centromedico] [           main] o.s.b.f.s.DefaultListableBeanFactory     : Creating shared instance of singleton bean 'org.springframework.boot.autoconfigure.jdbc.DataSourceAutoConfiguration$PooledDataSourceConfiguration'
2024-05-05T13:25:39.236-04:00 DEBUG 87501 --- [centromedico] [           main] o.s.b.f.s.DefaultListableBeanFactory     : Autowiring by type from bean name 'jdbcConnectionDetails' via factory method to bean named 'spring.datasource-org.springframework.boot.autoconfigure.jdbc.DataSourceProperties'
2024-05-05T13:25:39.237-04:00 DEBUG 87501 --- [centromedico] [           main] o.s.b.f.s.DefaultListableBeanFactory     : Autowiring by type from bean name 'dataSource' via factory method to bean named 'spring.datasource-org.springframework.boot.autoconfigure.jdbc.DataSourceProperties'
2024-05-05T13:25:39.237-04:00 DEBUG 87501 --- [centromedico] [           main] o.s.b.f.s.DefaultListableBeanFactory     : Autowiring by type from bean name 'dataSource' via factory method to bean named 'jdbcConnectionDetails'
2024-05-05T13:25:39.323-04:00 DEBUG 87501 --- [centromedico] [           main] o.s.b.f.s.DefaultListableBeanFactory     : Creating shared instance of singleton bean 'spring.sql.init-org.springframework.boot.autoconfigure.sql.init.SqlInitializationProperties'
2024-05-05T13:25:39.325-04:00 DEBUG 87501 --- [centromedico] [           main] o.s.b.f.s.DefaultListableBeanFactory     : Autowiring by type from bean name 'dataSourceScriptDatabaseInitializer' via factory method to bean named 'dataSource'
2024-05-05T13:25:39.325-04:00 DEBUG 87501 --- [centromedico] [           main] o.s.b.f.s.DefaultListableBeanFactory     : Autowiring by type from bean name 'dataSourceScriptDatabaseInitializer' via factory method to bean named 'spring.sql.init-org.springframework.boot.autoconfigure.sql.init.SqlInitializationProperties'
2024-05-05T13:25:39.327-04:00 DEBUG 87501 --- [centromedico] [           main] o.s.b.f.s.DefaultListableBeanFactory     : Creating shared instance of singleton bean 'entityManagerFactory'
2024-05-05T13:25:39.327-04:00 DEBUG 87501 --- [centromedico] [           main] o.s.b.f.s.DefaultListableBeanFactory     : Creating shared instance of singleton bean 'org.springframework.boot.autoconfigure.orm.jpa.HibernateJpaConfiguration'
2024-05-05T13:25:39.328-04:00 DEBUG 87501 --- [centromedico] [           main] o.s.b.f.s.DefaultListableBeanFactory     : Creating shared instance of singleton bean 'spring.jpa-org.springframework.boot.autoconfigure.orm.jpa.JpaProperties'
2024-05-05T13:25:39.331-04:00 DEBUG 87501 --- [centromedico] [           main] o.s.b.f.s.DefaultListableBeanFactory     : Creating shared instance of singleton bean 'spring.jpa.hibernate-org.springframework.boot.autoconfigure.orm.jpa.HibernateProperties'
2024-05-05T13:25:39.332-04:00 DEBUG 87501 --- [centromedico] [           main] o.s.b.f.s.DefaultListableBeanFactory     : Autowiring by type from bean name 'org.springframework.boot.autoconfigure.orm.jpa.HibernateJpaConfiguration' via constructor to bean named 'dataSource'
2024-05-05T13:25:39.332-04:00 DEBUG 87501 --- [centromedico] [           main] o.s.b.f.s.DefaultListableBeanFactory     : Autowiring by type from bean name 'org.springframework.boot.autoconfigure.orm.jpa.HibernateJpaConfiguration' via constructor to bean named 'spring.jpa-org.springframework.boot.autoconfigure.orm.jpa.JpaProperties'
2024-05-05T13:25:39.332-04:00 DEBUG 87501 --- [centromedico] [           main] o.s.b.f.s.DefaultListableBeanFactory     : Autowiring by type from bean name 'org.springframework.boot.autoconfigure.orm.jpa.HibernateJpaConfiguration' via constructor to bean named 'org.springframework.beans.factory.support.DefaultListableBeanFactory@7dc51783'
2024-05-05T13:25:39.332-04:00 DEBUG 87501 --- [centromedico] [           main] o.s.b.f.s.DefaultListableBeanFactory     : Autowiring by type from bean name 'org.springframework.boot.autoconfigure.orm.jpa.HibernateJpaConfiguration' via constructor to bean named 'spring.jpa.hibernate-org.springframework.boot.autoconfigure.orm.jpa.HibernateProperties'
2024-05-05T13:25:39.334-04:00 DEBUG 87501 --- [centromedico] [           main] o.s.b.f.s.DefaultListableBeanFactory     : Creating shared instance of singleton bean 'oracleUcpPoolDataSourceMetadataProvider'
2024-05-05T13:25:39.334-04:00 DEBUG 87501 --- [centromedico] [           main] o.s.b.f.s.DefaultListableBeanFactory     : Creating shared instance of singleton bean 'org.springframework.boot.autoconfigure.jdbc.metadata.DataSourcePoolMetadataProvidersConfiguration$OracleUcpPoolDataSourceMetadataProviderConfiguration'
2024-05-05T13:25:39.334-04:00 DEBUG 87501 --- [centromedico] [           main] o.s.b.f.s.DefaultListableBeanFactory     : Creating shared instance of singleton bean 'hikariPoolDataSourceMetadataProvider'
2024-05-05T13:25:39.335-04:00 DEBUG 87501 --- [centromedico] [           main] o.s.b.f.s.DefaultListableBeanFactory     : Creating shared instance of singleton bean 'org.springframework.boot.autoconfigure.jdbc.metadata.DataSourcePoolMetadataProvidersConfiguration$HikariPoolDataSourceMetadataProviderConfiguration'
2024-05-05T13:25:39.337-04:00 DEBUG 87501 --- [centromedico] [           main] o.s.b.f.s.DefaultListableBeanFactory     : Creating shared instance of singleton bean 'entityManagerFactoryBuilder'
2024-05-05T13:25:39.338-04:00 DEBUG 87501 --- [centromedico] [           main] o.s.b.f.s.DefaultListableBeanFactory     : Creating shared instance of singleton bean 'jpaVendorAdapter'
2024-05-05T13:25:39.345-04:00 DEBUG 87501 --- [centromedico] [           main] o.s.b.f.s.DefaultListableBeanFactory     : Autowiring by type from bean name 'entityManagerFactoryBuilder' via factory method to bean named 'jpaVendorAdapter'
2024-05-05T13:25:39.347-04:00 DEBUG 87501 --- [centromedico] [           main] o.s.b.f.s.DefaultListableBeanFactory     : Creating shared instance of singleton bean 'persistenceManagedTypes'
2024-05-05T13:25:39.347-04:00 DEBUG 87501 --- [centromedico] [           main] o.s.b.f.s.DefaultListableBeanFactory     : Autowiring by type from bean name 'persistenceManagedTypes' via factory method to bean named 'org.springframework.beans.factory.support.DefaultListableBeanFactory@7dc51783'
2024-05-05T13:25:39.348-04:00 DEBUG 87501 --- [centromedico] [           main] o.s.b.f.s.DefaultListableBeanFactory     : Autowiring by type from bean name 'persistenceManagedTypes' via factory method to bean named 'org.springframework.context.annotation.AnnotationConfigApplicationContext@7048f722'
2024-05-05T13:25:39.351-04:00 DEBUG 87501 --- [centromedico] [           main] o.s.b.f.s.DefaultListableBeanFactory     : Autowiring by type from bean name 'entityManagerFactory' via factory method to bean named 'entityManagerFactoryBuilder'
2024-05-05T13:25:39.351-04:00 DEBUG 87501 --- [centromedico] [           main] o.s.b.f.s.DefaultListableBeanFactory     : Autowiring by type from bean name 'entityManagerFactory' via factory method to bean named 'persistenceManagedTypes'
2024-05-05T13:25:39.359-04:00 DEBUG 87501 --- [centromedico] [           main] j.LocalContainerEntityManagerFactoryBean : Building JPA container EntityManagerFactory for persistence unit 'default'
2024-05-05T13:25:39.369-04:00 DEBUG 87501 --- [centromedico] [           main] o.hibernate.jpa.internal.util.LogHelper  : PersistenceUnitInfo [
	name: default
	persistence provider classname: null
	classloader: jdk.internal.loader.ClassLoaders$AppClassLoader@1cf4f579
	excludeUnlistedClasses: true
	JTA datasource: null
	Non JTA datasource: HikariDataSource (null)
	Transaction type: RESOURCE_LOCAL
	PU root URL: file:/Users/pablojavier/Documents/Study/Entregas%20Examen%20/Ejemplos/centromedico/target/test-classes/
	Shared Cache Mode: UNSPECIFIED
	Validation Mode: AUTO
	Jar files URLs []
	Managed classes names [
		com.CentroMedico.CentroMedico.model.ConsultaMedica
		com.CentroMedico.CentroMedico.model.Especialidad
		com.CentroMedico.CentroMedico.model.Paciente
		com.CentroMedico.CentroMedico.model.Profesional]
	Mapping files names []
	Properties []
2024-05-05T13:25:39.374-04:00 DEBUG 87501 --- [centromedico] [           main] o.h.i.internal.IntegratorServiceImpl     : Adding Integrator [org.hibernate.boot.beanvalidation.BeanValidationIntegrator].
2024-05-05T13:25:39.375-04:00 DEBUG 87501 --- [centromedico] [           main] o.h.i.internal.IntegratorServiceImpl     : Adding Integrator [org.hibernate.cache.internal.CollectionCacheInvalidator].
2024-05-05T13:25:39.400-04:00  INFO 87501 --- [centromedico] [           main] org.hibernate.Version                    : HHH000412: Hibernate ORM core version 6.4.4.Final
2024-05-05T13:25:39.401-04:00 DEBUG 87501 --- [centromedico] [           main] org.hibernate.cfg.Environment            : HHH000206: 'hibernate.properties' not found
2024-05-05T13:25:39.413-04:00 DEBUG 87501 --- [centromedico] [           main] org.hibernate.orm.idgen.factory          : Registering IdentifierGenerator strategy [uuid2] -> [org.hibernate.id.UUIDGenerator]
2024-05-05T13:25:39.413-04:00 DEBUG 87501 --- [centromedico] [           main] org.hibernate.orm.idgen.factory          : Registering IdentifierGenerator strategy [guid] -> [org.hibernate.id.GUIDGenerator]
2024-05-05T13:25:39.413-04:00 DEBUG 87501 --- [centromedico] [           main] org.hibernate.orm.idgen.factory          : Registering IdentifierGenerator strategy [uuid] -> [org.hibernate.id.UUIDHexGenerator]
2024-05-05T13:25:39.413-04:00 DEBUG 87501 --- [centromedico] [           main] org.hibernate.orm.idgen.factory          : Registering IdentifierGenerator strategy [uuid.hex] -> [org.hibernate.id.UUIDHexGenerator]
2024-05-05T13:25:39.414-04:00 DEBUG 87501 --- [centromedico] [           main] org.hibernate.orm.idgen.factory          : Registering IdentifierGenerator strategy [assigned] -> [org.hibernate.id.Assigned]
2024-05-05T13:25:39.414-04:00 DEBUG 87501 --- [centromedico] [           main] org.hibernate.orm.idgen.factory          : Registering IdentifierGenerator strategy [identity] -> [org.hibernate.id.IdentityGenerator]
2024-05-05T13:25:39.414-04:00 DEBUG 87501 --- [centromedico] [           main] org.hibernate.orm.idgen.factory          : Registering IdentifierGenerator strategy [select] -> [org.hibernate.id.SelectGenerator]
2024-05-05T13:25:39.415-04:00 DEBUG 87501 --- [centromedico] [           main] org.hibernate.orm.idgen.factory          : Registering IdentifierGenerator strategy [sequence] -> [org.hibernate.id.enhanced.SequenceStyleGenerator]
2024-05-05T13:25:39.415-04:00 DEBUG 87501 --- [centromedico] [           main] org.hibernate.orm.idgen.factory          : Registering IdentifierGenerator strategy [increment] -> [org.hibernate.id.IncrementGenerator]
2024-05-05T13:25:39.415-04:00 DEBUG 87501 --- [centromedico] [           main] org.hibernate.orm.idgen.factory          : Registering IdentifierGenerator strategy [foreign] -> [org.hibernate.id.ForeignGenerator]
2024-05-05T13:25:39.415-04:00 DEBUG 87501 --- [centromedico] [           main] org.hibernate.orm.idgen.factory          : Registering IdentifierGenerator strategy [enhanced-sequence] -> [org.hibernate.id.enhanced.SequenceStyleGenerator]
2024-05-05T13:25:39.416-04:00 DEBUG 87501 --- [centromedico] [           main] org.hibernate.orm.idgen.factory          : Registering IdentifierGenerator strategy [enhanced-table] -> [org.hibernate.id.enhanced.TableGenerator]
2024-05-05T13:25:39.419-04:00 DEBUG 87501 --- [centromedico] [           main] o.h.c.internal.RegionFactoryInitiator    : Cannot default RegionFactory based on registered strategies as `[]` RegionFactory strategies were registered
2024-05-05T13:25:39.419-04:00  INFO 87501 --- [centromedico] [           main] o.h.c.internal.RegionFactoryInitiator    : HHH000026: Second-level cache disabled
2024-05-05T13:25:39.455-04:00 DEBUG 87501 --- [centromedico] [           main] org.hibernate.type.BasicTypeRegistry     : Adding type registration boolean -> org.hibernate.type.BasicTypeReference@259b85d6
2024-05-05T13:25:39.455-04:00 DEBUG 87501 --- [centromedico] [           main] org.hibernate.type.BasicTypeRegistry     : Adding type registration boolean -> org.hibernate.type.BasicTypeReference@259b85d6
2024-05-05T13:25:39.455-04:00 DEBUG 87501 --- [centromedico] [           main] org.hibernate.type.BasicTypeRegistry     : Adding type registration java.lang.Boolean -> org.hibernate.type.BasicTypeReference@259b85d6
2024-05-05T13:25:39.455-04:00 DEBUG 87501 --- [centromedico] [           main] org.hibernate.type.BasicTypeRegistry     : Adding type registration numeric_boolean -> org.hibernate.type.BasicTypeReference@48eaf42f
2024-05-05T13:25:39.455-04:00 DEBUG 87501 --- [centromedico] [           main] org.hibernate.type.BasicTypeRegistry     : Adding type registration org.hibernate.type.NumericBooleanConverter -> org.hibernate.type.BasicTypeReference@48eaf42f
2024-05-05T13:25:39.455-04:00 DEBUG 87501 --- [centromedico] [           main] org.hibernate.type.BasicTypeRegistry     : Adding type registration true_false -> org.hibernate.type.BasicTypeReference@488f3dd1
2024-05-05T13:25:39.455-04:00 DEBUG 87501 --- [centromedico] [           main] org.hibernate.type.BasicTypeRegistry     : Adding type registration org.hibernate.type.TrueFalseConverter -> org.hibernate.type.BasicTypeReference@488f3dd1
2024-05-05T13:25:39.455-04:00 DEBUG 87501 --- [centromedico] [           main] org.hibernate.type.BasicTypeRegistry     : Adding type registration yes_no -> org.hibernate.type.BasicTypeReference@2091833
2024-05-05T13:25:39.455-04:00 DEBUG 87501 --- [centromedico] [           main] org.hibernate.type.BasicTypeRegistry     : Adding type registration org.hibernate.type.YesNoConverter -> org.hibernate.type.BasicTypeReference@2091833
2024-05-05T13:25:39.455-04:00 DEBUG 87501 --- [centromedico] [           main] org.hibernate.type.BasicTypeRegistry     : Adding type registration byte -> org.hibernate.type.BasicTypeReference@7bc58891
2024-05-05T13:25:39.455-04:00 DEBUG 87501 --- [centromedico] [           main] org.hibernate.type.BasicTypeRegistry     : Adding type registration byte -> org.hibernate.type.BasicTypeReference@7bc58891
2024-05-05T13:25:39.455-04:00 DEBUG 87501 --- [centromedico] [           main] org.hibernate.type.BasicTypeRegistry     : Adding type registration java.lang.Byte -> org.hibernate.type.BasicTypeReference@7bc58891
2024-05-05T13:25:39.455-04:00 DEBUG 87501 --- [centromedico] [           main] org.hibernate.type.BasicTypeRegistry     : Adding type registration binary -> org.hibernate.type.BasicTypeReference@6411504a
2024-05-05T13:25:39.455-04:00 DEBUG 87501 --- [centromedico] [           main] org.hibernate.type.BasicTypeRegistry     : Adding type registration byte[] -> org.hibernate.type.BasicTypeReference@6411504a
2024-05-05T13:25:39.455-04:00 DEBUG 87501 --- [centromedico] [           main] org.hibernate.type.BasicTypeRegistry     : Adding type registration [B -> org.hibernate.type.BasicTypeReference@6411504a
2024-05-05T13:25:39.455-04:00 DEBUG 87501 --- [centromedico] [           main] org.hibernate.type.BasicTypeRegistry     : Adding type registration binary_wrapper -> org.hibernate.type.BasicTypeReference@554188ac
2024-05-05T13:25:39.455-04:00 DEBUG 87501 --- [centromedico] [           main] org.hibernate.type.BasicTypeRegistry     : Adding type registration wrapper-binary -> org.hibernate.type.BasicTypeReference@554188ac
2024-05-05T13:25:39.456-04:00 DEBUG 87501 --- [centromedico] [           main] org.hibernate.type.BasicTypeRegistry     : Adding type registration image -> org.hibernate.type.BasicTypeReference@1f43cab7
2024-05-05T13:25:39.456-04:00 DEBUG 87501 --- [centromedico] [           main] org.hibernate.type.BasicTypeRegistry     : Adding type registration blob -> org.hibernate.type.BasicTypeReference@481558ce
2024-05-05T13:25:39.456-04:00 DEBUG 87501 --- [centromedico] [           main] org.hibernate.type.BasicTypeRegistry     : Adding type registration java.sql.Blob -> org.hibernate.type.BasicTypeReference@481558ce
2024-05-05T13:25:39.456-04:00 DEBUG 87501 --- [centromedico] [           main] org.hibernate.type.BasicTypeRegistry     : Adding type registration materialized_blob -> org.hibernate.type.BasicTypeReference@2668c286
2024-05-05T13:25:39.456-04:00 DEBUG 87501 --- [centromedico] [           main] org.hibernate.type.BasicTypeRegistry     : Adding type registration materialized_blob_wrapper -> org.hibernate.type.BasicTypeReference@7f353a0f
2024-05-05T13:25:39.456-04:00 DEBUG 87501 --- [centromedico] [           main] org.hibernate.type.BasicTypeRegistry     : Adding type registration short -> org.hibernate.type.BasicTypeReference@7ea2412c
2024-05-05T13:25:39.456-04:00 DEBUG 87501 --- [centromedico] [           main] org.hibernate.type.BasicTypeRegistry     : Adding type registration short -> org.hibernate.type.BasicTypeReference@7ea2412c
2024-05-05T13:25:39.456-04:00 DEBUG 87501 --- [centromedico] [           main] org.hibernate.type.BasicTypeRegistry     : Adding type registration java.lang.Short -> org.hibernate.type.BasicTypeReference@7ea2412c
2024-05-05T13:25:39.456-04:00 DEBUG 87501 --- [centromedico] [           main] org.hibernate.type.BasicTypeRegistry     : Adding type registration integer -> org.hibernate.type.BasicTypeReference@1c93b51e
2024-05-05T13:25:39.456-04:00 DEBUG 87501 --- [centromedico] [           main] org.hibernate.type.BasicTypeRegistry     : Adding type registration int -> org.hibernate.type.BasicTypeReference@1c93b51e
2024-05-05T13:25:39.456-04:00 DEBUG 87501 --- [centromedico] [           main] org.hibernate.type.BasicTypeRegistry     : Adding type registration java.lang.Integer -> org.hibernate.type.BasicTypeReference@1c93b51e
2024-05-05T13:25:39.456-04:00 DEBUG 87501 --- [centromedico] [           main] org.hibernate.type.BasicTypeRegistry     : Adding type registration long -> org.hibernate.type.BasicTypeReference@7c0f28f8
2024-05-05T13:25:39.456-04:00 DEBUG 87501 --- [centromedico] [           main] org.hibernate.type.BasicTypeRegistry     : Adding type registration long -> org.hibernate.type.BasicTypeReference@7c0f28f8
2024-05-05T13:25:39.456-04:00 DEBUG 87501 --- [centromedico] [           main] org.hibernate.type.BasicTypeRegistry     : Adding type registration java.lang.Long -> org.hibernate.type.BasicTypeReference@7c0f28f8
2024-05-05T13:25:39.456-04:00 DEBUG 87501 --- [centromedico] [           main] org.hibernate.type.BasicTypeRegistry     : Adding type registration float -> org.hibernate.type.BasicTypeReference@2abc8034
2024-05-05T13:25:39.456-04:00 DEBUG 87501 --- [centromedico] [           main] org.hibernate.type.BasicTypeRegistry     : Adding type registration float -> org.hibernate.type.BasicTypeReference@2abc8034
2024-05-05T13:25:39.456-04:00 DEBUG 87501 --- [centromedico] [           main] org.hibernate.type.BasicTypeRegistry     : Adding type registration java.lang.Float -> org.hibernate.type.BasicTypeReference@2abc8034
2024-05-05T13:25:39.456-04:00 DEBUG 87501 --- [centromedico] [           main] org.hibernate.type.BasicTypeRegistry     : Adding type registration double -> org.hibernate.type.BasicTypeReference@467b0f6e
2024-05-05T13:25:39.456-04:00 DEBUG 87501 --- [centromedico] [           main] org.hibernate.type.BasicTypeRegistry     : Adding type registration double -> org.hibernate.type.BasicTypeReference@467b0f6e
2024-05-05T13:25:39.456-04:00 DEBUG 87501 --- [centromedico] [           main] org.hibernate.type.BasicTypeRegistry     : Adding type registration java.lang.Double -> org.hibernate.type.BasicTypeReference@467b0f6e
2024-05-05T13:25:39.456-04:00 DEBUG 87501 --- [centromedico] [           main] org.hibernate.type.BasicTypeRegistry     : Adding type registration big_integer -> org.hibernate.type.BasicTypeReference@474179fa
2024-05-05T13:25:39.456-04:00 DEBUG 87501 --- [centromedico] [           main] org.hibernate.type.BasicTypeRegistry     : Adding type registration java.math.BigInteger -> org.hibernate.type.BasicTypeReference@474179fa
2024-05-05T13:25:39.456-04:00 DEBUG 87501 --- [centromedico] [           main] org.hibernate.type.BasicTypeRegistry     : Adding type registration big_decimal -> org.hibernate.type.BasicTypeReference@420cd102
2024-05-05T13:25:39.456-04:00 DEBUG 87501 --- [centromedico] [           main] org.hibernate.type.BasicTypeRegistry     : Adding type registration java.math.BigDecimal -> org.hibernate.type.BasicTypeReference@420cd102
2024-05-05T13:25:39.456-04:00 DEBUG 87501 --- [centromedico] [           main] org.hibernate.type.BasicTypeRegistry     : Adding type registration character -> org.hibernate.type.BasicTypeReference@c7f4457
2024-05-05T13:25:39.456-04:00 DEBUG 87501 --- [centromedico] [           main] org.hibernate.type.BasicTypeRegistry     : Adding type registration char -> org.hibernate.type.BasicTypeReference@c7f4457
2024-05-05T13:25:39.457-04:00 DEBUG 87501 --- [centromedico] [           main] org.hibernate.type.BasicTypeRegistry     : Adding type registration java.lang.Character -> org.hibernate.type.BasicTypeReference@c7f4457
2024-05-05T13:25:39.457-04:00 DEBUG 87501 --- [centromedico] [           main] org.hibernate.type.BasicTypeRegistry     : Adding type registration character_nchar -> org.hibernate.type.BasicTypeReference@12e12ac9
2024-05-05T13:25:39.457-04:00 DEBUG 87501 --- [centromedico] [           main] org.hibernate.type.BasicTypeRegistry     : Adding type registration string -> org.hibernate.type.BasicTypeReference@5e230fc6
2024-05-05T13:25:39.457-04:00 DEBUG 87501 --- [centromedico] [           main] org.hibernate.type.BasicTypeRegistry     : Adding type registration java.lang.String -> org.hibernate.type.BasicTypeReference@5e230fc6
2024-05-05T13:25:39.457-04:00 DEBUG 87501 --- [centromedico] [           main] org.hibernate.type.BasicTypeRegistry     : Adding type registration nstring -> org.hibernate.type.BasicTypeReference@7a8341c1
2024-05-05T13:25:39.457-04:00 DEBUG 87501 --- [centromedico] [           main] org.hibernate.type.BasicTypeRegistry     : Adding type registration characters -> org.hibernate.type.BasicTypeReference@ca8ef3a
2024-05-05T13:25:39.457-04:00 DEBUG 87501 --- [centromedico] [           main] org.hibernate.type.BasicTypeRegistry     : Adding type registration char[] -> org.hibernate.type.BasicTypeReference@ca8ef3a
2024-05-05T13:25:39.457-04:00 DEBUG 87501 --- [centromedico] [           main] org.hibernate.type.BasicTypeRegistry     : Adding type registration [C -> org.hibernate.type.BasicTypeReference@ca8ef3a
2024-05-05T13:25:39.457-04:00 DEBUG 87501 --- [centromedico] [           main] org.hibernate.type.BasicTypeRegistry     : Adding type registration wrapper-characters -> org.hibernate.type.BasicTypeReference@17043b04
2024-05-05T13:25:39.457-04:00 DEBUG 87501 --- [centromedico] [           main] org.hibernate.type.BasicTypeRegistry     : Adding type registration text -> org.hibernate.type.BasicTypeReference@511f5b1d
2024-05-05T13:25:39.457-04:00 DEBUG 87501 --- [centromedico] [           main] org.hibernate.type.BasicTypeRegistry     : Adding type registration ntext -> org.hibernate.type.BasicTypeReference@31f295b6
2024-05-05T13:25:39.457-04:00 DEBUG 87501 --- [centromedico] [           main] org.hibernate.type.BasicTypeRegistry     : Adding type registration clob -> org.hibernate.type.BasicTypeReference@7a687d8d
2024-05-05T13:25:39.457-04:00 DEBUG 87501 --- [centromedico] [           main] org.hibernate.type.BasicTypeRegistry     : Adding type registration java.sql.Clob -> org.hibernate.type.BasicTypeReference@7a687d8d
2024-05-05T13:25:39.457-04:00 DEBUG 87501 --- [centromedico] [           main] org.hibernate.type.BasicTypeRegistry     : Adding type registration nclob -> org.hibernate.type.BasicTypeReference@4c82b5df
2024-05-05T13:25:39.457-04:00 DEBUG 87501 --- [centromedico] [           main] org.hibernate.type.BasicTypeRegistry     : Adding type registration java.sql.NClob -> org.hibernate.type.BasicTypeReference@4c82b5df
2024-05-05T13:25:39.457-04:00 DEBUG 87501 --- [centromedico] [           main] org.hibernate.type.BasicTypeRegistry     : Adding type registration materialized_clob -> org.hibernate.type.BasicTypeReference@67eec8e1
2024-05-05T13:25:39.457-04:00 DEBUG 87501 --- [centromedico] [           main] org.hibernate.type.BasicTypeRegistry     : Adding type registration materialized_clob_char_array -> org.hibernate.type.BasicTypeReference@4214ae8f
2024-05-05T13:25:39.457-04:00 DEBUG 87501 --- [centromedico] [           main] org.hibernate.type.BasicTypeRegistry     : Adding type registration materialized_clob_character_array -> org.hibernate.type.BasicTypeReference@7ba93755
2024-05-05T13:25:39.457-04:00 DEBUG 87501 --- [centromedico] [           main] org.hibernate.type.BasicTypeRegistry     : Adding type registration materialized_nclob -> org.hibernate.type.BasicTypeReference@22dc59b2
2024-05-05T13:25:39.457-04:00 DEBUG 87501 --- [centromedico] [           main] org.hibernate.type.BasicTypeRegistry     : Adding type registration materialized_nclob_character_array -> org.hibernate.type.BasicTypeReference@33e434c8
2024-05-05T13:25:39.457-04:00 DEBUG 87501 --- [centromedico] [           main] org.hibernate.type.BasicTypeRegistry     : Adding type registration materialized_nclob_char_array -> org.hibernate.type.BasicTypeReference@546394ed
2024-05-05T13:25:39.457-04:00 DEBUG 87501 --- [centromedico] [           main] org.hibernate.type.BasicTypeRegistry     : Adding type registration Duration -> org.hibernate.type.BasicTypeReference@664212ab
2024-05-05T13:25:39.457-04:00 DEBUG 87501 --- [centromedico] [           main] org.hibernate.type.BasicTypeRegistry     : Adding type registration java.time.Duration -> org.hibernate.type.BasicTypeReference@664212ab
2024-05-05T13:25:39.457-04:00 DEBUG 87501 --- [centromedico] [           main] org.hibernate.type.BasicTypeRegistry     : Adding type registration LocalDateTime -> org.hibernate.type.BasicTypeReference@2693c618
2024-05-05T13:25:39.457-04:00 DEBUG 87501 --- [centromedico] [           main] org.hibernate.type.BasicTypeRegistry     : Adding type registration java.time.LocalDateTime -> org.hibernate.type.BasicTypeReference@2693c618
2024-05-05T13:25:39.457-04:00 DEBUG 87501 --- [centromedico] [           main] org.hibernate.type.BasicTypeRegistry     : Adding type registration LocalDate -> org.hibernate.type.BasicTypeReference@3443e476
2024-05-05T13:25:39.457-04:00 DEBUG 87501 --- [centromedico] [           main] org.hibernate.type.BasicTypeRegistry     : Adding type registration java.time.LocalDate -> org.hibernate.type.BasicTypeReference@3443e476
2024-05-05T13:25:39.457-04:00 DEBUG 87501 --- [centromedico] [           main] org.hibernate.type.BasicTypeRegistry     : Adding type registration LocalTime -> org.hibernate.type.BasicTypeReference@7ccfdaef
2024-05-05T13:25:39.458-04:00 DEBUG 87501 --- [centromedico] [           main] org.hibernate.type.BasicTypeRegistry     : Adding type registration java.time.LocalTime -> org.hibernate.type.BasicTypeReference@7ccfdaef
2024-05-05T13:25:39.458-04:00 DEBUG 87501 --- [centromedico] [           main] org.hibernate.type.BasicTypeRegistry     : Adding type registration OffsetDateTime -> org.hibernate.type.BasicTypeReference@a6e4897
2024-05-05T13:25:39.458-04:00 DEBUG 87501 --- [centromedico] [           main] org.hibernate.type.BasicTypeRegistry     : Adding type registration java.time.OffsetDateTime -> org.hibernate.type.BasicTypeReference@a6e4897
2024-05-05T13:25:39.458-04:00 DEBUG 87501 --- [centromedico] [           main] org.hibernate.type.BasicTypeRegistry     : Adding type registration OffsetDateTimeWithTimezone -> org.hibernate.type.BasicTypeReference@32f5ecc4
2024-05-05T13:25:39.458-04:00 DEBUG 87501 --- [centromedico] [           main] org.hibernate.type.BasicTypeRegistry     : Adding type registration OffsetDateTimeWithoutTimezone -> org.hibernate.type.BasicTypeReference@19bedeb8
2024-05-05T13:25:39.458-04:00 DEBUG 87501 --- [centromedico] [           main] org.hibernate.type.BasicTypeRegistry     : Adding type registration OffsetTime -> org.hibernate.type.BasicTypeReference@1ba467c2
2024-05-05T13:25:39.458-04:00 DEBUG 87501 --- [centromedico] [           main] org.hibernate.type.BasicTypeRegistry     : Adding type registration java.time.OffsetTime -> org.hibernate.type.BasicTypeReference@1ba467c2
2024-05-05T13:25:39.458-04:00 DEBUG 87501 --- [centromedico] [           main] org.hibernate.type.BasicTypeRegistry     : Adding type registration OffsetTimeUtc -> org.hibernate.type.BasicTypeReference@63f6bed1
2024-05-05T13:25:39.458-04:00 DEBUG 87501 --- [centromedico] [           main] org.hibernate.type.BasicTypeRegistry     : Adding type registration OffsetTimeWithTimezone -> org.hibernate.type.BasicTypeReference@7ef8eda7
2024-05-05T13:25:39.458-04:00 DEBUG 87501 --- [centromedico] [           main] org.hibernate.type.BasicTypeRegistry     : Adding type registration OffsetTimeWithoutTimezone -> org.hibernate.type.BasicTypeReference@115ca7de
2024-05-05T13:25:39.458-04:00 DEBUG 87501 --- [centromedico] [           main] org.hibernate.type.BasicTypeRegistry     : Adding type registration ZonedDateTime -> org.hibernate.type.BasicTypeReference@29fe4840
2024-05-05T13:25:39.458-04:00 DEBUG 87501 --- [centromedico] [           main] org.hibernate.type.BasicTypeRegistry     : Adding type registration java.time.ZonedDateTime -> org.hibernate.type.BasicTypeReference@29fe4840
2024-05-05T13:25:39.458-04:00 DEBUG 87501 --- [centromedico] [           main] org.hibernate.type.BasicTypeRegistry     : Adding type registration ZonedDateTimeWithTimezone -> org.hibernate.type.BasicTypeReference@7f287b98
2024-05-05T13:25:39.458-04:00 DEBUG 87501 --- [centromedico] [           main] org.hibernate.type.BasicTypeRegistry     : Adding type registration ZonedDateTimeWithoutTimezone -> org.hibernate.type.BasicTypeReference@4684240f
2024-05-05T13:25:39.458-04:00 DEBUG 87501 --- [centromedico] [           main] org.hibernate.type.BasicTypeRegistry     : Adding type registration date -> org.hibernate.type.BasicTypeReference@32120956
2024-05-05T13:25:39.458-04:00 DEBUG 87501 --- [centromedico] [           main] org.hibernate.type.BasicTypeRegistry     : Adding type registration java.sql.Date -> org.hibernate.type.BasicTypeReference@32120956
2024-05-05T13:25:39.458-04:00 DEBUG 87501 --- [centromedico] [           main] org.hibernate.type.BasicTypeRegistry     : Adding type registration time -> org.hibernate.type.BasicTypeReference@6975fb1c
2024-05-05T13:25:39.458-04:00 DEBUG 87501 --- [centromedico] [           main] org.hibernate.type.BasicTypeRegistry     : Adding type registration java.sql.Time -> org.hibernate.type.BasicTypeReference@6975fb1c
2024-05-05T13:25:39.458-04:00 DEBUG 87501 --- [centromedico] [           main] org.hibernate.type.BasicTypeRegistry     : Adding type registration timestamp -> org.hibernate.type.BasicTypeReference@553da911
2024-05-05T13:25:39.458-04:00 DEBUG 87501 --- [centromedico] [           main] org.hibernate.type.BasicTypeRegistry     : Adding type registration java.sql.Timestamp -> org.hibernate.type.BasicTypeReference@553da911
2024-05-05T13:25:39.458-04:00 DEBUG 87501 --- [centromedico] [           main] org.hibernate.type.BasicTypeRegistry     : Adding type registration java.util.Date -> org.hibernate.type.BasicTypeReference@553da911
2024-05-05T13:25:39.458-04:00 DEBUG 87501 --- [centromedico] [           main] org.hibernate.type.BasicTypeRegistry     : Adding type registration calendar -> org.hibernate.type.BasicTypeReference@327e5be5
2024-05-05T13:25:39.458-04:00 DEBUG 87501 --- [centromedico] [           main] org.hibernate.type.BasicTypeRegistry     : Adding type registration java.util.Calendar -> org.hibernate.type.BasicTypeReference@327e5be5
2024-05-05T13:25:39.458-04:00 DEBUG 87501 --- [centromedico] [           main] org.hibernate.type.BasicTypeRegistry     : Adding type registration java.util.GregorianCalendar -> org.hibernate.type.BasicTypeReference@327e5be5
2024-05-05T13:25:39.458-04:00 DEBUG 87501 --- [centromedico] [           main] org.hibernate.type.BasicTypeRegistry     : Adding type registration calendar_date -> org.hibernate.type.BasicTypeReference@1084ac45
2024-05-05T13:25:39.458-04:00 DEBUG 87501 --- [centromedico] [           main] org.hibernate.type.BasicTypeRegistry     : Adding type registration calendar_time -> org.hibernate.type.BasicTypeReference@566f1852
2024-05-05T13:25:39.458-04:00 DEBUG 87501 --- [centromedico] [           main] org.hibernate.type.BasicTypeRegistry     : Adding type registration instant -> org.hibernate.type.BasicTypeReference@6ea246af
2024-05-05T13:25:39.458-04:00 DEBUG 87501 --- [centromedico] [           main] org.hibernate.type.BasicTypeRegistry     : Adding type registration java.time.Instant -> org.hibernate.type.BasicTypeReference@6ea246af
2024-05-05T13:25:39.458-04:00 DEBUG 87501 --- [centromedico] [           main] org.hibernate.type.BasicTypeRegistry     : Adding type registration uuid -> org.hibernate.type.BasicTypeReference@2e4389ed
2024-05-05T13:25:39.458-04:00 DEBUG 87501 --- [centromedico] [           main] org.hibernate.type.BasicTypeRegistry     : Adding type registration java.util.UUID -> org.hibernate.type.BasicTypeReference@2e4389ed
2024-05-05T13:25:39.459-04:00 DEBUG 87501 --- [centromedico] [           main] org.hibernate.type.BasicTypeRegistry     : Adding type registration pg-uuid -> org.hibernate.type.BasicTypeReference@2e4389ed
2024-05-05T13:25:39.459-04:00 DEBUG 87501 --- [centromedico] [           main] org.hibernate.type.BasicTypeRegistry     : Adding type registration uuid-binary -> org.hibernate.type.BasicTypeReference@1b90fee4
2024-05-05T13:25:39.459-04:00 DEBUG 87501 --- [centromedico] [           main] org.hibernate.type.BasicTypeRegistry     : Adding type registration uuid-char -> org.hibernate.type.BasicTypeReference@3513c84c
2024-05-05T13:25:39.459-04:00 DEBUG 87501 --- [centromedico] [           main] org.hibernate.type.BasicTypeRegistry     : Adding type registration class -> org.hibernate.type.BasicTypeReference@4978777f
2024-05-05T13:25:39.459-04:00 DEBUG 87501 --- [centromedico] [           main] org.hibernate.type.BasicTypeRegistry     : Adding type registration java.lang.Class -> org.hibernate.type.BasicTypeReference@4978777f
2024-05-05T13:25:39.459-04:00 DEBUG 87501 --- [centromedico] [           main] org.hibernate.type.BasicTypeRegistry     : Adding type registration currency -> org.hibernate.type.BasicTypeReference@7bc6935c
2024-05-05T13:25:39.459-04:00 DEBUG 87501 --- [centromedico] [           main] org.hibernate.type.BasicTypeRegistry     : Adding type registration Currency -> org.hibernate.type.BasicTypeReference@7bc6935c
2024-05-05T13:25:39.459-04:00 DEBUG 87501 --- [centromedico] [           main] org.hibernate.type.BasicTypeRegistry     : Adding type registration java.util.Currency -> org.hibernate.type.BasicTypeReference@7bc6935c
2024-05-05T13:25:39.459-04:00 DEBUG 87501 --- [centromedico] [           main] org.hibernate.type.BasicTypeRegistry     : Adding type registration locale -> org.hibernate.type.BasicTypeReference@4cc7d00d
2024-05-05T13:25:39.459-04:00 DEBUG 87501 --- [centromedico] [           main] org.hibernate.type.BasicTypeRegistry     : Adding type registration java.util.Locale -> org.hibernate.type.BasicTypeReference@4cc7d00d
2024-05-05T13:25:39.459-04:00 DEBUG 87501 --- [centromedico] [           main] org.hibernate.type.BasicTypeRegistry     : Adding type registration serializable -> org.hibernate.type.BasicTypeReference@468e8565
2024-05-05T13:25:39.459-04:00 DEBUG 87501 --- [centromedico] [           main] org.hibernate.type.BasicTypeRegistry     : Adding type registration java.io.Serializable -> org.hibernate.type.BasicTypeReference@468e8565
2024-05-05T13:25:39.459-04:00 DEBUG 87501 --- [centromedico] [           main] org.hibernate.type.BasicTypeRegistry     : Adding type registration timezone -> org.hibernate.type.BasicTypeReference@91da29b
2024-05-05T13:25:39.459-04:00 DEBUG 87501 --- [centromedico] [           main] org.hibernate.type.BasicTypeRegistry     : Adding type registration java.util.TimeZone -> org.hibernate.type.BasicTypeReference@91da29b
2024-05-05T13:25:39.459-04:00 DEBUG 87501 --- [centromedico] [           main] org.hibernate.type.BasicTypeRegistry     : Adding type registration ZoneOffset -> org.hibernate.type.BasicTypeReference@7066363
2024-05-05T13:25:39.459-04:00 DEBUG 87501 --- [centromedico] [           main] org.hibernate.type.BasicTypeRegistry     : Adding type registration java.time.ZoneOffset -> org.hibernate.type.BasicTypeReference@7066363
2024-05-05T13:25:39.459-04:00 DEBUG 87501 --- [centromedico] [           main] org.hibernate.type.BasicTypeRegistry     : Adding type registration url -> org.hibernate.type.BasicTypeReference@75b38c36
2024-05-05T13:25:39.459-04:00 DEBUG 87501 --- [centromedico] [           main] org.hibernate.type.BasicTypeRegistry     : Adding type registration java.net.URL -> org.hibernate.type.BasicTypeReference@75b38c36
2024-05-05T13:25:39.459-04:00 DEBUG 87501 --- [centromedico] [           main] org.hibernate.type.BasicTypeRegistry     : Adding type registration vector -> org.hibernate.type.BasicTypeReference@47248a48
2024-05-05T13:25:39.459-04:00 DEBUG 87501 --- [centromedico] [           main] org.hibernate.type.BasicTypeRegistry     : Adding type registration row_version -> org.hibernate.type.BasicTypeReference@2349f14d
2024-05-05T13:25:39.462-04:00 DEBUG 87501 --- [centromedico] [           main] org.hibernate.type.BasicTypeRegistry     : Adding type registration object -> org.hibernate.type.JavaObjectType@39666e42
2024-05-05T13:25:39.462-04:00 DEBUG 87501 --- [centromedico] [           main] org.hibernate.type.BasicTypeRegistry     : Adding type registration java.lang.Object -> org.hibernate.type.JavaObjectType@39666e42
2024-05-05T13:25:39.462-04:00 DEBUG 87501 --- [centromedico] [           main] org.hibernate.type.BasicTypeRegistry     : Adding type registration null -> org.hibernate.type.NullType@52ae997b
2024-05-05T13:25:39.462-04:00 DEBUG 87501 --- [centromedico] [           main] org.hibernate.type.BasicTypeRegistry     : Adding type registration imm_date -> org.hibernate.type.BasicTypeReference@f557c37
2024-05-05T13:25:39.462-04:00 DEBUG 87501 --- [centromedico] [           main] org.hibernate.type.BasicTypeRegistry     : Adding type registration imm_time -> org.hibernate.type.BasicTypeReference@1a01d7f0
2024-05-05T13:25:39.462-04:00 DEBUG 87501 --- [centromedico] [           main] org.hibernate.type.BasicTypeRegistry     : Adding type registration imm_timestamp -> org.hibernate.type.BasicTypeReference@5856dbe4
2024-05-05T13:25:39.462-04:00 DEBUG 87501 --- [centromedico] [           main] org.hibernate.type.BasicTypeRegistry     : Adding type registration imm_calendar -> org.hibernate.type.BasicTypeReference@7e15f4d4
2024-05-05T13:25:39.462-04:00 DEBUG 87501 --- [centromedico] [           main] org.hibernate.type.BasicTypeRegistry     : Adding type registration imm_calendar_date -> org.hibernate.type.BasicTypeReference@5a058be5
2024-05-05T13:25:39.462-04:00 DEBUG 87501 --- [centromedico] [           main] org.hibernate.type.BasicTypeRegistry     : Adding type registration imm_calendar_time -> org.hibernate.type.BasicTypeReference@4eaf7902
2024-05-05T13:25:39.462-04:00 DEBUG 87501 --- [centromedico] [           main] org.hibernate.type.BasicTypeRegistry     : Adding type registration imm_binary -> org.hibernate.type.BasicTypeReference@20c812c8
2024-05-05T13:25:39.462-04:00 DEBUG 87501 --- [centromedico] [           main] org.hibernate.type.BasicTypeRegistry     : Adding type registration imm_serializable -> org.hibernate.type.BasicTypeReference@71aaf151
2024-05-05T13:25:39.464-04:00 DEBUG 87501 --- [centromedico] [           main] o.h.boot.internal.BootstrapContextImpl   : Injecting JPA temp ClassLoader [org.springframework.instrument.classloading.SimpleThrowawayClassLoader@66c9b52f] into BootstrapContext; was [null]
2024-05-05T13:25:39.465-04:00 DEBUG 87501 --- [centromedico] [           main] o.h.boot.internal.ClassLoaderAccessImpl  : ClassLoaderAccessImpl#injectTempClassLoader(org.springframework.instrument.classloading.SimpleThrowawayClassLoader@66c9b52f) [was null]
2024-05-05T13:25:39.465-04:00 DEBUG 87501 --- [centromedico] [           main] o.h.boot.internal.BootstrapContextImpl   : Injecting ScanEnvironment [org.hibernate.jpa.boot.internal.StandardJpaScanEnvironmentImpl@7e1ffe70] into BootstrapContext; was [null]
2024-05-05T13:25:39.465-04:00 DEBUG 87501 --- [centromedico] [           main] o.h.boot.internal.BootstrapContextImpl   : Injecting ScanOptions [org.hibernate.boot.archive.scan.internal.StandardScanOptions@73041b7d] into BootstrapContext; was [org.hibernate.boot.archive.scan.internal.StandardScanOptions@1235151c]
2024-05-05T13:25:39.543-04:00  INFO 87501 --- [centromedico] [           main] o.s.o.j.p.SpringPersistenceUnitInfo      : No LoadTimeWeaver setup: ignoring JPA class transformer
2024-05-05T13:25:39.544-04:00 DEBUG 87501 --- [centromedico] [           main] o.h.boot.internal.BootstrapContextImpl   : Injecting JPA temp ClassLoader [null] into BootstrapContext; was [org.springframework.instrument.classloading.SimpleThrowawayClassLoader@66c9b52f]
2024-05-05T13:25:39.544-04:00 DEBUG 87501 --- [centromedico] [           main] o.h.boot.internal.ClassLoaderAccessImpl  : ClassLoaderAccessImpl#injectTempClassLoader(null) [was org.springframework.instrument.classloading.SimpleThrowawayClassLoader@66c9b52f]
2024-05-05T13:25:39.562-04:00  INFO 87501 --- [centromedico] [           main] com.zaxxer.hikari.HikariDataSource       : HikariPool-1 - Starting...
2024-05-05T13:25:39.565-04:00  WARN 87501 --- [centromedico] [           main] c.zaxxer.hikari.util.DriverDataSource    : Registered driver with driverClassName=oracle.jdbc.driver.OracleDriver was not found, trying direct instantiation.
2024-05-05T13:25:41.057-04:00  INFO 87501 --- [centromedico] [           main] com.zaxxer.hikari.pool.HikariPool        : HikariPool-1 - Added connection oracle.jdbc.driver.T4CConnection@3dfd6220
2024-05-05T13:25:41.059-04:00  INFO 87501 --- [centromedico] [           main] com.zaxxer.hikari.HikariDataSource       : HikariPool-1 - Start completed.
2024-05-05T13:25:41.063-04:00 DEBUG 87501 --- [centromedico] [           main] o.h.e.j.e.i.JdbcEnvironmentInitiator     : Database ->
       name : Oracle
    version : Oracle Database 19c Enterprise Edition Release 19.0.0.0.0 - Production
Version 19.23.0.1.0
      major : 19
      minor : 0
2024-05-05T13:25:41.063-04:00 DEBUG 87501 --- [centromedico] [           main] o.h.e.j.e.i.JdbcEnvironmentInitiator     : Driver ->
       name : Oracle JDBC driver
    version : 21.9.0.0.0
      major : 21
      minor : 9
2024-05-05T13:25:41.063-04:00 DEBUG 87501 --- [centromedico] [           main] o.h.e.j.e.i.JdbcEnvironmentInitiator     : JDBC version : 4.3
2024-05-05T13:25:41.164-04:00  WARN 87501 --- [centromedico] [           main] org.hibernate.orm.deprecation            : HHH90000025: OracleDialect does not need to be specified explicitly using 'hibernate.dialect' (remove the property setting and it will be selected by default)
2024-05-05T13:25:41.165-04:00 DEBUG 87501 --- [centromedico] [           main] org.hibernate.orm.dialect                : HHH035001: Using dialect: org.hibernate.dialect.OracleDialect, version: 19.0
2024-05-05T13:25:41.241-04:00 DEBUG 87501 --- [centromedico] [           main] o.h.t.d.jdbc.spi.JdbcTypeRegistry        : addDescriptor(NCharTypeDescriptor) replaced previous registration(CharTypeDescriptor)
2024-05-05T13:25:41.241-04:00 DEBUG 87501 --- [centromedico] [           main] o.h.t.d.jdbc.spi.JdbcTypeRegistry        : addDescriptor(NVarcharTypeDescriptor) replaced previous registration(VarcharTypeDescriptor)
2024-05-05T13:25:41.241-04:00 DEBUG 87501 --- [centromedico] [           main] o.h.t.d.jdbc.spi.JdbcTypeRegistry        : addDescriptor(LongNVarcharTypeDescriptor) replaced previous registration(LongVarcharTypeDescriptor)
2024-05-05T13:25:41.242-04:00 DEBUG 87501 --- [centromedico] [           main] o.h.t.d.jdbc.spi.JdbcTypeRegistry        : addDescriptor(NClobTypeDescriptor(DEFAULT)) replaced previous registration(ClobTypeDescriptor(DEFAULT))
2024-05-05T13:25:41.242-04:00 DEBUG 87501 --- [centromedico] [           main] o.h.t.d.jdbc.spi.JdbcTypeRegistry        : addDescriptor(2005, ClobTypeDescriptor(STREAM_BINDING)) replaced previous registration(ClobTypeDescriptor(DEFAULT))
2024-05-05T13:25:41.243-04:00 DEBUG 87501 --- [centromedico] [           main] o.h.t.d.jdbc.spi.JdbcTypeRegistry        : addDescriptor(BooleanTypeDescriptor) replaced previous registration(BooleanTypeDescriptor)
2024-05-05T13:25:41.247-04:00 DEBUG 87501 --- [centromedico] [           main] org.hibernate.type.BasicTypeRegistry     : Adding type registration null -> org.hibernate.type.NullType@3c6bd624
2024-05-05T13:25:41.247-04:00 DEBUG 87501 --- [centromedico] [           main] org.hibernate.type.BasicTypeRegistry     : Type registration key [null] overrode previous entry : `org.hibernate.type.NullType@52ae997b`
2024-05-05T13:25:41.247-04:00 DEBUG 87501 --- [centromedico] [           main] org.hibernate.type.BasicTypeRegistry     : Adding type registration JAVA_OBJECT -> org.hibernate.type.JavaObjectType@536da29c
2024-05-05T13:25:41.247-04:00 DEBUG 87501 --- [centromedico] [           main] org.hibernate.type.BasicTypeRegistry     : Adding type registration java.lang.Object -> org.hibernate.type.JavaObjectType@536da29c
2024-05-05T13:25:41.247-04:00 DEBUG 87501 --- [centromedico] [           main] org.hibernate.type.BasicTypeRegistry     : Type registration key [java.lang.Object] overrode previous entry : `org.hibernate.type.JavaObjectType@39666e42`
2024-05-05T13:25:41.249-04:00 DEBUG 87501 --- [centromedico] [           main] org.hibernate.type.BasicTypeRegistry     : Adding type registration org.hibernate.type.DurationType -> basicType@1(java.time.Duration,3015)
2024-05-05T13:25:41.249-04:00 DEBUG 87501 --- [centromedico] [           main] org.hibernate.type.BasicTypeRegistry     : Adding type registration Duration -> basicType@1(java.time.Duration,3015)
2024-05-05T13:25:41.249-04:00 DEBUG 87501 --- [centromedico] [           main] org.hibernate.type.BasicTypeRegistry     : Adding type registration java.time.Duration -> basicType@1(java.time.Duration,3015)
2024-05-05T13:25:41.251-04:00 DEBUG 87501 --- [centromedico] [           main] o.h.type.spi.TypeConfiguration$Scope     : Scoping TypeConfiguration [org.hibernate.type.spi.TypeConfiguration@12f8682a] to MetadataBuildingContext [org.hibernate.boot.internal.MetadataBuildingContextRootImpl@6f7a20da]
2024-05-05T13:25:41.269-04:00 DEBUG 87501 --- [centromedico] [           main] o.h.boot.model.relational.Namespace      : Created database namespace [logicalName=Name{catalog=null, schema=null}, physicalName=Name{catalog=null, schema=null}]
2024-05-05T13:25:41.280-04:00 DEBUG 87501 --- [centromedico] [           main] o.h.boot.model.internal.EntityBinder     : Binding entity from annotated class: com.CentroMedico.CentroMedico.model.ConsultaMedica
2024-05-05T13:25:41.284-04:00 DEBUG 87501 --- [centromedico] [           main] o.h.boot.model.internal.EntityBinder     : Import with entity name ConsultaMedica
2024-05-05T13:25:41.287-04:00 DEBUG 87501 --- [centromedico] [           main] o.h.boot.model.internal.EntityBinder     : Bind entity com.CentroMedico.CentroMedico.model.ConsultaMedica on table consultamedica
2024-05-05T13:25:41.290-04:00 DEBUG 87501 --- [centromedico] [           main] o.h.boot.model.internal.AnnotatedColumn  : Binding column: AnnotatedDiscriminatorColumn(column='DTYPE')
2024-05-05T13:25:41.298-04:00 DEBUG 87501 --- [centromedico] [           main] o.h.boot.model.internal.AnnotatedColumn  : Binding column: AnnotatedColumn(column='idcon')
2024-05-05T13:25:41.298-04:00 DEBUG 87501 --- [centromedico] [           main] o.h.boot.internal.ClassLoaderAccessImpl  : Not known whether passed class name [com.CentroMedico.CentroMedico.model.ConsultaMedica] is safe
2024-05-05T13:25:41.298-04:00 DEBUG 87501 --- [centromedico] [           main] o.h.boot.internal.ClassLoaderAccessImpl  : No temp ClassLoader provided; using live ClassLoader for loading potentially unsafe class : com.CentroMedico.CentroMedico.model.ConsultaMedica
2024-05-05T13:25:41.300-04:00 DEBUG 87501 --- [centromedico] [           main] o.h.boot.model.internal.PropertyBinder   : MetadataSourceProcessor property idcon with lazy=false
2024-05-05T13:25:41.307-04:00 DEBUG 87501 --- [centromedico] [           main] o.h.b.m.internal.AbstractPropertyHolder  : Attempting to locate auto-apply AttributeConverter for property [com.CentroMedico.CentroMedico.model.ConsultaMedica:idcon]
2024-05-05T13:25:41.309-04:00 DEBUG 87501 --- [centromedico] [           main] o.h.b.model.internal.BasicValueBinder    : building BasicValue for idcon
2024-05-05T13:25:41.310-04:00 DEBUG 87501 --- [centromedico] [           main] org.hibernate.mapping.BasicValue         : Skipping column re-registration: consultamedica.idcon
2024-05-05T13:25:41.310-04:00 DEBUG 87501 --- [centromedico] [           main] o.h.boot.model.internal.PropertyBinder   : Building property idcon
2024-05-05T13:25:41.312-04:00 DEBUG 87501 --- [centromedico] [           main] o.h.boot.model.internal.BinderHelper     : #makeIdGenerator(BasicValue([Column(idcon)]), idcon, identity, , ...)
2024-05-05T13:25:41.312-04:00 DEBUG 87501 --- [centromedico] [           main] o.h.boot.model.internal.AnnotatedColumn  : Binding column: AnnotatedColumn(column='diagnostico')
2024-05-05T13:25:41.312-04:00 DEBUG 87501 --- [centromedico] [           main] o.h.boot.model.internal.PropertyBinder   : MetadataSourceProcessor property diagnostico with lazy=false
2024-05-05T13:25:41.312-04:00 DEBUG 87501 --- [centromedico] [           main] o.h.b.m.internal.AbstractPropertyHolder  : Attempting to locate auto-apply AttributeConverter for property [com.CentroMedico.CentroMedico.model.ConsultaMedica:diagnostico]
2024-05-05T13:25:41.312-04:00 DEBUG 87501 --- [centromedico] [           main] o.h.b.model.internal.BasicValueBinder    : building BasicValue for diagnostico
2024-05-05T13:25:41.312-04:00 DEBUG 87501 --- [centromedico] [           main] org.hibernate.mapping.BasicValue         : Skipping column re-registration: consultamedica.diagnostico
2024-05-05T13:25:41.312-04:00 DEBUG 87501 --- [centromedico] [           main] o.h.boot.model.internal.PropertyBinder   : Building property diagnostico
2024-05-05T13:25:41.313-04:00 DEBUG 87501 --- [centromedico] [           main] o.h.boot.model.internal.AnnotatedColumn  : Binding column: AnnotatedColumn(column='fechaconsulta')
2024-05-05T13:25:41.313-04:00 DEBUG 87501 --- [centromedico] [           main] o.h.boot.model.internal.PropertyBinder   : MetadataSourceProcessor property fechaconsulta with lazy=false
2024-05-05T13:25:41.313-04:00 DEBUG 87501 --- [centromedico] [           main] o.h.b.m.internal.AbstractPropertyHolder  : Attempting to locate auto-apply AttributeConverter for property [com.CentroMedico.CentroMedico.model.ConsultaMedica:fechaconsulta]
2024-05-05T13:25:41.313-04:00 DEBUG 87501 --- [centromedico] [           main] o.h.b.model.internal.BasicValueBinder    : building BasicValue for fechaconsulta
2024-05-05T13:25:41.313-04:00 DEBUG 87501 --- [centromedico] [           main] org.hibernate.mapping.BasicValue         : Skipping column re-registration: consultamedica.fechaconsulta
2024-05-05T13:25:41.313-04:00 DEBUG 87501 --- [centromedico] [           main] o.h.boot.model.internal.PropertyBinder   : Building property fechaconsulta
2024-05-05T13:25:41.313-04:00 DEBUG 87501 --- [centromedico] [           main] o.h.boot.model.internal.AnnotatedColumn  : Binding column: AnnotatedColumn()
2024-05-05T13:25:41.313-04:00 DEBUG 87501 --- [centromedico] [           main] o.h.boot.model.internal.PropertyBinder   : MetadataSourceProcessor property horario with lazy=false
2024-05-05T13:25:41.313-04:00 DEBUG 87501 --- [centromedico] [           main] o.h.b.m.internal.AbstractPropertyHolder  : Attempting to locate auto-apply AttributeConverter for property [com.CentroMedico.CentroMedico.model.ConsultaMedica:horario]
2024-05-05T13:25:41.314-04:00 DEBUG 87501 --- [centromedico] [           main] o.h.b.model.internal.BasicValueBinder    : building BasicValue for horario
2024-05-05T13:25:41.314-04:00 DEBUG 87501 --- [centromedico] [           main] org.hibernate.mapping.BasicValue         : Skipping column re-registration: consultamedica.horario
2024-05-05T13:25:41.314-04:00 DEBUG 87501 --- [centromedico] [           main] o.h.boot.model.internal.PropertyBinder   : Building property horario
2024-05-05T13:25:41.315-04:00 DEBUG 87501 --- [centromedico] [           main] o.h.boot.model.internal.AnnotatedColumn  : Binding column: AnnotatedJoinColumn(column='idpac')
2024-05-05T13:25:41.315-04:00 DEBUG 87501 --- [centromedico] [           main] o.h.boot.model.internal.AnnotatedColumn  : Binding column: AnnotatedColumn()
2024-05-05T13:25:41.317-04:00 DEBUG 87501 --- [centromedico] [           main] o.h.boot.model.internal.PropertyBinder   : Building property paciente
2024-05-05T13:25:41.317-04:00 DEBUG 87501 --- [centromedico] [           main] o.h.boot.model.internal.AnnotatedColumn  : Binding column: AnnotatedJoinColumn(column='idprof')
2024-05-05T13:25:41.318-04:00 DEBUG 87501 --- [centromedico] [           main] o.h.boot.model.internal.AnnotatedColumn  : Binding column: AnnotatedColumn()
2024-05-05T13:25:41.318-04:00 DEBUG 87501 --- [centromedico] [           main] o.h.boot.model.internal.PropertyBinder   : Building property profesional
2024-05-05T13:25:41.318-04:00 DEBUG 87501 --- [centromedico] [           main] o.h.boot.model.internal.AnnotatedColumn  : Binding column: AnnotatedColumn(column='tratamiento')
2024-05-05T13:25:41.318-04:00 DEBUG 87501 --- [centromedico] [           main] o.h.boot.model.internal.PropertyBinder   : MetadataSourceProcessor property tratamiento with lazy=false
2024-05-05T13:25:41.318-04:00 DEBUG 87501 --- [centromedico] [           main] o.h.b.m.internal.AbstractPropertyHolder  : Attempting to locate auto-apply AttributeConverter for property [com.CentroMedico.CentroMedico.model.ConsultaMedica:tratamiento]
2024-05-05T13:25:41.318-04:00 DEBUG 87501 --- [centromedico] [           main] o.h.b.model.internal.BasicValueBinder    : building BasicValue for tratamiento
2024-05-05T13:25:41.318-04:00 DEBUG 87501 --- [centromedico] [           main] org.hibernate.mapping.BasicValue         : Skipping column re-registration: consultamedica.tratamiento
2024-05-05T13:25:41.318-04:00 DEBUG 87501 --- [centromedico] [           main] o.h.boot.model.internal.PropertyBinder   : Building property tratamiento
2024-05-05T13:25:41.319-04:00 DEBUG 87501 --- [centromedico] [           main] o.h.b.r.c.i.ClassLoaderServiceImpl       : HHH000194: Package not found or wo package-info.java: com.CentroMedico.CentroMedico.model
2024-05-05T13:25:41.321-04:00 DEBUG 87501 --- [centromedico] [           main] o.h.boot.model.internal.EntityBinder     : Binding entity from annotated class: com.CentroMedico.CentroMedico.model.Especialidad
2024-05-05T13:25:41.321-04:00 DEBUG 87501 --- [centromedico] [           main] o.h.boot.model.internal.EntityBinder     : Import with entity name Especialidad
2024-05-05T13:25:41.321-04:00 DEBUG 87501 --- [centromedico] [           main] o.h.boot.model.internal.EntityBinder     : Bind entity com.CentroMedico.CentroMedico.model.Especialidad on table especialidad
2024-05-05T13:25:41.321-04:00 DEBUG 87501 --- [centromedico] [           main] o.h.boot.model.internal.AnnotatedColumn  : Binding column: AnnotatedDiscriminatorColumn(column='DTYPE')
2024-05-05T13:25:41.321-04:00 DEBUG 87501 --- [centromedico] [           main] o.h.boot.model.internal.AnnotatedColumn  : Binding column: AnnotatedColumn(column='ides')
2024-05-05T13:25:41.321-04:00 DEBUG 87501 --- [centromedico] [           main] o.h.boot.internal.ClassLoaderAccessImpl  : Not known whether passed class name [com.CentroMedico.CentroMedico.model.Especialidad] is safe
2024-05-05T13:25:41.321-04:00 DEBUG 87501 --- [centromedico] [           main] o.h.boot.internal.ClassLoaderAccessImpl  : No temp ClassLoader provided; using live ClassLoader for loading potentially unsafe class : com.CentroMedico.CentroMedico.model.Especialidad
2024-05-05T13:25:41.321-04:00 DEBUG 87501 --- [centromedico] [           main] o.h.boot.model.internal.PropertyBinder   : MetadataSourceProcessor property ides with lazy=false
2024-05-05T13:25:41.321-04:00 DEBUG 87501 --- [centromedico] [           main] o.h.b.m.internal.AbstractPropertyHolder  : Attempting to locate auto-apply AttributeConverter for property [com.CentroMedico.CentroMedico.model.Especialidad:ides]
2024-05-05T13:25:41.321-04:00 DEBUG 87501 --- [centromedico] [           main] o.h.b.model.internal.BasicValueBinder    : building BasicValue for ides
2024-05-05T13:25:41.321-04:00 DEBUG 87501 --- [centromedico] [           main] org.hibernate.mapping.BasicValue         : Skipping column re-registration: especialidad.ides
2024-05-05T13:25:41.321-04:00 DEBUG 87501 --- [centromedico] [           main] o.h.boot.model.internal.PropertyBinder   : Building property ides
2024-05-05T13:25:41.322-04:00 DEBUG 87501 --- [centromedico] [           main] o.h.boot.model.internal.BinderHelper     : #makeIdGenerator(BasicValue([Column(ides)]), ides, identity, , ...)
2024-05-05T13:25:41.322-04:00 DEBUG 87501 --- [centromedico] [           main] o.h.boot.model.internal.AnnotatedColumn  : Binding column: AnnotatedColumn(column='nombre')
2024-05-05T13:25:41.322-04:00 DEBUG 87501 --- [centromedico] [           main] o.h.boot.model.internal.PropertyBinder   : MetadataSourceProcessor property nombre with lazy=false
2024-05-05T13:25:41.322-04:00 DEBUG 87501 --- [centromedico] [           main] o.h.b.m.internal.AbstractPropertyHolder  : Attempting to locate auto-apply AttributeConverter for property [com.CentroMedico.CentroMedico.model.Especialidad:nombre]
2024-05-05T13:25:41.322-04:00 DEBUG 87501 --- [centromedico] [           main] o.h.b.model.internal.BasicValueBinder    : building BasicValue for nombre
2024-05-05T13:25:41.322-04:00 DEBUG 87501 --- [centromedico] [           main] org.hibernate.mapping.BasicValue         : Skipping column re-registration: especialidad.nombre
2024-05-05T13:25:41.322-04:00 DEBUG 87501 --- [centromedico] [           main] o.h.boot.model.internal.PropertyBinder   : Building property nombre
2024-05-05T13:25:41.322-04:00 DEBUG 87501 --- [centromedico] [           main] o.h.b.r.c.i.ClassLoaderServiceImpl       : HHH000194: Package not found or wo package-info.java: com.CentroMedico.CentroMedico.model
2024-05-05T13:25:41.322-04:00 DEBUG 87501 --- [centromedico] [           main] o.h.boot.model.internal.EntityBinder     : Binding entity from annotated class: com.CentroMedico.CentroMedico.model.Paciente
2024-05-05T13:25:41.322-04:00 DEBUG 87501 --- [centromedico] [           main] o.h.boot.model.internal.EntityBinder     : Import with entity name Paciente
2024-05-05T13:25:41.322-04:00 DEBUG 87501 --- [centromedico] [           main] o.h.boot.model.internal.EntityBinder     : Bind entity com.CentroMedico.CentroMedico.model.Paciente on table paciente
2024-05-05T13:25:41.322-04:00 DEBUG 87501 --- [centromedico] [           main] o.h.boot.model.internal.AnnotatedColumn  : Binding column: AnnotatedDiscriminatorColumn(column='DTYPE')
2024-05-05T13:25:41.324-04:00 DEBUG 87501 --- [centromedico] [           main] o.h.boot.model.internal.AnnotatedColumn  : Binding column: AnnotatedColumn(column='idpac')
2024-05-05T13:25:41.324-04:00 DEBUG 87501 --- [centromedico] [           main] o.h.boot.internal.ClassLoaderAccessImpl  : Not known whether passed class name [com.CentroMedico.CentroMedico.model.Paciente] is safe
2024-05-05T13:25:41.324-04:00 DEBUG 87501 --- [centromedico] [           main] o.h.boot.internal.ClassLoaderAccessImpl  : No temp ClassLoader provided; using live ClassLoader for loading potentially unsafe class : com.CentroMedico.CentroMedico.model.Paciente
2024-05-05T13:25:41.324-04:00 DEBUG 87501 --- [centromedico] [           main] o.h.boot.model.internal.PropertyBinder   : MetadataSourceProcessor property idpac with lazy=false
2024-05-05T13:25:41.324-04:00 DEBUG 87501 --- [centromedico] [           main] o.h.b.m.internal.AbstractPropertyHolder  : Attempting to locate auto-apply AttributeConverter for property [com.CentroMedico.CentroMedico.model.Paciente:idpac]
2024-05-05T13:25:41.324-04:00 DEBUG 87501 --- [centromedico] [           main] o.h.b.model.internal.BasicValueBinder    : building BasicValue for idpac
2024-05-05T13:25:41.324-04:00 DEBUG 87501 --- [centromedico] [           main] org.hibernate.mapping.BasicValue         : Skipping column re-registration: paciente.idpac
2024-05-05T13:25:41.324-04:00 DEBUG 87501 --- [centromedico] [           main] o.h.boot.model.internal.PropertyBinder   : Building property idpac
2024-05-05T13:25:41.324-04:00 DEBUG 87501 --- [centromedico] [           main] o.h.boot.model.internal.BinderHelper     : #makeIdGenerator(BasicValue([Column(idpac)]), idpac, identity, , ...)
2024-05-05T13:25:41.324-04:00 DEBUG 87501 --- [centromedico] [           main] o.h.boot.model.internal.AnnotatedColumn  : Binding column: AnnotatedColumn(column='apellidos')
2024-05-05T13:25:41.324-04:00 DEBUG 87501 --- [centromedico] [           main] o.h.boot.model.internal.PropertyBinder   : MetadataSourceProcessor property apellidos with lazy=false
2024-05-05T13:25:41.324-04:00 DEBUG 87501 --- [centromedico] [           main] o.h.b.m.internal.AbstractPropertyHolder  : Attempting to locate auto-apply AttributeConverter for property [com.CentroMedico.CentroMedico.model.Paciente:apellidos]
2024-05-05T13:25:41.324-04:00 DEBUG 87501 --- [centromedico] [           main] o.h.b.model.internal.BasicValueBinder    : building BasicValue for apellidos
2024-05-05T13:25:41.324-04:00 DEBUG 87501 --- [centromedico] [           main] org.hibernate.mapping.BasicValue         : Skipping column re-registration: paciente.apellidos
2024-05-05T13:25:41.324-04:00 DEBUG 87501 --- [centromedico] [           main] o.h.boot.model.internal.PropertyBinder   : Building property apellidos
2024-05-05T13:25:41.325-04:00 DEBUG 87501 --- [centromedico] [           main] o.h.boot.model.internal.AnnotatedColumn  : Binding column: AnnotatedJoinColumn()
2024-05-05T13:25:41.325-04:00 DEBUG 87501 --- [centromedico] [           main] o.h.boot.model.internal.AnnotatedColumn  : Binding column: AnnotatedColumn()
2024-05-05T13:25:41.330-04:00 DEBUG 87501 --- [centromedico] [           main] o.h.boot.model.internal.AnnotatedColumn  : Binding column: IndexColumn(column='consultasMedicas_ORDER')
2024-05-05T13:25:41.330-04:00 DEBUG 87501 --- [centromedico] [           main] o.h.boot.model.internal.AnnotatedColumn  : Binding column: AnnotatedColumn()
2024-05-05T13:25:41.331-04:00 DEBUG 87501 --- [centromedico] [           main] o.h.boot.model.internal.AnnotatedColumn  : Binding column: AnnotatedColumn(column='consultasMedicas_KEY')
2024-05-05T13:25:41.331-04:00 DEBUG 87501 --- [centromedico] [           main] o.h.boot.model.internal.AnnotatedColumn  : Binding column: AnnotatedJoinColumn(column='consultasMedicas_KEY')
2024-05-05T13:25:41.331-04:00 DEBUG 87501 --- [centromedico] [           main] o.h.boot.model.internal.AnnotatedColumn  : Binding column: AnnotatedJoinColumn()
2024-05-05T13:25:41.331-04:00 DEBUG 87501 --- [centromedico] [           main] o.h.boot.model.internal.AnnotatedColumn  : Binding column: AnnotatedJoinColumn()
2024-05-05T13:25:41.333-04:00 DEBUG 87501 --- [centromedico] [           main] o.h.b.model.internal.CollectionBinder    : Collection role: com.CentroMedico.CentroMedico.model.Paciente.consultasMedicas
2024-05-05T13:25:41.333-04:00 DEBUG 87501 --- [centromedico] [           main] o.h.boot.model.internal.PropertyBinder   : Building property consultasMedicas
2024-05-05T13:25:41.334-04:00 DEBUG 87501 --- [centromedico] [           main] o.h.boot.model.internal.AnnotatedColumn  : Binding column: AnnotatedColumn(column='edad')
2024-05-05T13:25:41.334-04:00 DEBUG 87501 --- [centromedico] [           main] o.h.boot.model.internal.PropertyBinder   : MetadataSourceProcessor property edad with lazy=false
2024-05-05T13:25:41.334-04:00 DEBUG 87501 --- [centromedico] [           main] o.h.b.m.internal.AbstractPropertyHolder  : Attempting to locate auto-apply AttributeConverter for property [com.CentroMedico.CentroMedico.model.Paciente:edad]
2024-05-05T13:25:41.334-04:00 DEBUG 87501 --- [centromedico] [           main] o.h.b.model.internal.BasicValueBinder    : building BasicValue for edad
2024-05-05T13:25:41.334-04:00 DEBUG 87501 --- [centromedico] [           main] org.hibernate.mapping.BasicValue         : Skipping column re-registration: paciente.edad
2024-05-05T13:25:41.334-04:00 DEBUG 87501 --- [centromedico] [           main] o.h.boot.model.internal.PropertyBinder   : Building property edad
2024-05-05T13:25:41.334-04:00 DEBUG 87501 --- [centromedico] [           main] o.h.boot.model.internal.AnnotatedColumn  : Binding column: AnnotatedColumn(column='nombres')
2024-05-05T13:25:41.335-04:00 DEBUG 87501 --- [centromedico] [           main] o.h.boot.model.internal.PropertyBinder   : MetadataSourceProcessor property nombres with lazy=false
2024-05-05T13:25:41.335-04:00 DEBUG 87501 --- [centromedico] [           main] o.h.b.m.internal.AbstractPropertyHolder  : Attempting to locate auto-apply AttributeConverter for property [com.CentroMedico.CentroMedico.model.Paciente:nombres]
2024-05-05T13:25:41.335-04:00 DEBUG 87501 --- [centromedico] [           main] o.h.b.model.internal.BasicValueBinder    : building BasicValue for nombres
2024-05-05T13:25:41.335-04:00 DEBUG 87501 --- [centromedico] [           main] org.hibernate.mapping.BasicValue         : Skipping column re-registration: paciente.nombres
2024-05-05T13:25:41.335-04:00 DEBUG 87501 --- [centromedico] [           main] o.h.boot.model.internal.PropertyBinder   : Building property nombres
2024-05-05T13:25:41.335-04:00 DEBUG 87501 --- [centromedico] [           main] o.h.boot.model.internal.AnnotatedColumn  : Binding column: AnnotatedColumn(column='rut')
2024-05-05T13:25:41.335-04:00 DEBUG 87501 --- [centromedico] [           main] o.h.boot.model.internal.PropertyBinder   : MetadataSourceProcessor property rut with lazy=false
[...]
2024-05-05T13:25:45.277-04:00 DEBUG 87501 --- [centromedico] [           main] org.hibernate.orm.sql.ast.create         : Registration of TableGroup [StandardTableGroup(com.CentroMedico.CentroMedico.model.Paciente(x))] with identifierForTableGroup [com.CentroMedico.CentroMedico.model.Paciente] for NavigablePath [com.CentroMedico.CentroMedico.model.Paciente] 
2024-05-05T13:25:45.282-04:00 DEBUG 87501 --- [centromedico] [           main] o.h.q.sqm.sql.BaseSqmToSqlAstConverter   : Determining mapping-model type for SqmParameter : SqmNamedParameter(idpac)
2024-05-05T13:25:45.283-04:00 DEBUG 87501 --- [centromedico] [           main] o.h.q.sqm.sql.BaseSqmToSqlAstConverter   : Determining mapping-model type for SqmPath : SqmBasicValuedSimplePath(com.CentroMedico.CentroMedico.model.Paciente(x).idpac) 
2024-05-05T13:25:45.290-04:00 DEBUG 87501 --- [centromedico] [           main] org.hibernate.orm.results.graph.AST      : DomainResult Graph:
 \-BasicResult

2024-05-05T13:25:45.291-04:00 DEBUG 87501 --- [centromedico] [           main] org.hibernate.orm.sql.ast.tree           : SQL AST Tree:
    SelectStatement {
      FromClause {
        StandardTableGroup (p1 : com.CentroMedico.CentroMedico.model.Paciente(x)) {
          primaryTableReference : paciente as p1_0
        }
      }
    }

2024-05-05T13:25:45.292-04:00 DEBUG 87501 --- [centromedico] [           main] o.h.e.i.AbstractFlushingEventListener    : Processing flush-time cascades
2024-05-05T13:25:45.293-04:00 DEBUG 87501 --- [centromedico] [           main] o.h.e.i.AbstractFlushingEventListener    : Dirty checking collections
2024-05-05T13:25:45.295-04:00 DEBUG 87501 --- [centromedico] [           main] o.h.e.i.AbstractFlushingEventListener    : Flushed: 0 insertions, 0 updates, 0 deletions to 1 objects
2024-05-05T13:25:45.295-04:00 DEBUG 87501 --- [centromedico] [           main] o.h.e.i.AbstractFlushingEventListener    : Flushed: 0 (re)creations, 0 updates, 0 removals to 0 collections
2024-05-05T13:25:45.296-04:00 DEBUG 87501 --- [centromedico] [           main] o.hibernate.internal.util.EntityPrinter  : Listing entities:
2024-05-05T13:25:45.296-04:00 DEBUG 87501 --- [centromedico] [           main] o.hibernate.internal.util.EntityPrinter  : com.CentroMedico.CentroMedico.model.Paciente{apellidos=null, rut=null, idpac=1, consultasMedicas=null, edad=null, nombres=Wayne Smith}
2024-05-05T13:25:45.300-04:00 DEBUG 87501 --- [centromedico] [           main] org.hibernate.orm.sql.exec               : Skipping reading Query result cache data: cache-enabled = false, cache-mode = NORMAL
2024-05-05T13:25:45.302-04:00 DEBUG 87501 --- [centromedico] [           main] org.hibernate.orm.results                : Initializer list is empty
2024-05-05T13:25:45.304-04:00 DEBUG 87501 --- [centromedico] [           main] org.hibernate.SQL                        : select count(*) from paciente p1_0 where p1_0.idpac=?
Hibernate: select count(*) from paciente p1_0 where p1_0.idpac=?
2024-05-05T13:25:45.335-04:00 DEBUG 87501 --- [centromedico] [           main] org.hibernate.orm.results.loading        : Calling top-level assembler (0 / 1) : org.hibernate.sql.results.graph.basic.BasicResultAssembler@66b9f727
2024-05-05T13:25:45.335-04:00 DEBUG 87501 --- [centromedico] [           main] org.hibernate.orm.results                : Extracted JDBC value [0] - [1]
2024-05-05T13:25:45.337-04:00 DEBUG 87501 --- [centromedico] [           main] o.s.orm.jpa.JpaTransactionManager        : Found thread-bound EntityManager [SessionImpl(311725690<open>)] for JPA transaction
2024-05-05T13:25:45.337-04:00 DEBUG 87501 --- [centromedico] [           main] o.s.orm.jpa.JpaTransactionManager        : Participating in existing transaction
2024-05-05T13:25:45.340-04:00 DEBUG 87501 --- [centromedico] [           main] o.h.j.internal.PersistenceUnitUtilImpl   : jakarta.persistence.PersistenceUnitUtil.getIdentifier is only intended to work with enhanced entities (although Hibernate also adapts this support to its proxies); however the passed entity was not enhanced (nor a proxy).. may not be able to read identifier
2024-05-05T13:25:45.340-04:00 DEBUG 87501 --- [centromedico] [           main] o.h.j.internal.PersistenceUnitUtilImpl   : jakarta.persistence.PersistenceUnitUtil.getIdentifier is only intended to work with enhanced entities (although Hibernate also adapts this support to its proxies); however the passed entity was not enhanced (nor a proxy).. may not be able to read identifier
2024-05-05T13:25:45.342-04:00 DEBUG 87501 --- [centromedico] [           main] o.s.orm.jpa.JpaTransactionManager        : Found thread-bound EntityManager [SessionImpl(311725690<open>)] for JPA transaction
2024-05-05T13:25:45.342-04:00 DEBUG 87501 --- [centromedico] [           main] o.s.orm.jpa.JpaTransactionManager        : Participating in existing transaction
2024-05-05T13:25:45.342-04:00 DEBUG 87501 --- [centromedico] [           main] o.h.e.i.AbstractFlushingEventListener    : Processing flush-time cascades
2024-05-05T13:25:45.342-04:00 DEBUG 87501 --- [centromedico] [           main] o.h.e.i.AbstractFlushingEventListener    : Dirty checking collections
2024-05-05T13:25:45.343-04:00 DEBUG 87501 --- [centromedico] [           main] o.h.e.i.AbstractFlushingEventListener    : Flushed: 0 insertions, 0 updates, 1 deletions to 1 objects
2024-05-05T13:25:45.343-04:00 DEBUG 87501 --- [centromedico] [           main] o.h.e.i.AbstractFlushingEventListener    : Flushed: 0 (re)creations, 0 updates, 0 removals to 0 collections
2024-05-05T13:25:45.343-04:00 DEBUG 87501 --- [centromedico] [           main] o.hibernate.internal.util.EntityPrinter  : Listing entities:
2024-05-05T13:25:45.343-04:00 DEBUG 87501 --- [centromedico] [           main] o.hibernate.internal.util.EntityPrinter  : com.CentroMedico.CentroMedico.model.Paciente{apellidos=null, rut=null, idpac=1, consultasMedicas=null, edad=null, nombres=Wayne Smith}
2024-05-05T13:25:45.343-04:00 DEBUG 87501 --- [centromedico] [           main] org.hibernate.engine.spi.ActionQueue     : Changes must be flushed to space: paciente
2024-05-05T13:25:45.345-04:00 DEBUG 87501 --- [centromedico] [           main] org.hibernate.SQL                        : delete from paciente where idpac=?
Hibernate: delete from paciente where idpac=?
2024-05-05T13:25:45.376-04:00 DEBUG 87501 --- [centromedico] [           main] org.hibernate.orm.sql.exec               : Skipping reading Query result cache data: cache-enabled = false, cache-mode = NORMAL
2024-05-05T13:25:45.376-04:00 DEBUG 87501 --- [centromedico] [           main] org.hibernate.orm.results                : Initializer list is empty
2024-05-05T13:25:45.376-04:00 DEBUG 87501 --- [centromedico] [           main] org.hibernate.SQL                        : select count(*) from paciente p1_0 where p1_0.idpac=?
Hibernate: select count(*) from paciente p1_0 where p1_0.idpac=?
2024-05-05T13:25:45.392-04:00 DEBUG 87501 --- [centromedico] [           main] org.hibernate.orm.results.loading        : Calling top-level assembler (0 / 1) : org.hibernate.sql.results.graph.basic.BasicResultAssembler@66b9f727
2024-05-05T13:25:45.392-04:00 DEBUG 87501 --- [centromedico] [           main] org.hibernate.orm.results                : Extracted JDBC value [0] - [0]
2024-05-05T13:25:45.393-04:00 DEBUG 87501 --- [centromedico] [           main] org.springframework.test.context.cache   : Spring test ApplicationContext cache statistics: [DefaultContextCache@7611e295 size = 1, maxSize = 32, parentContextCount = 0, hitCount = 6, missCount = 1, failureCount = 0]
2024-05-05T13:25:45.394-04:00 DEBUG 87501 --- [centromedico] [           main] org.springframework.test.context.cache   : Spring test ApplicationContext cache statistics: [DefaultContextCache@7611e295 size = 1, maxSize = 32, parentContextCount = 0, hitCount = 7, missCount = 1, failureCount = 0]
2024-05-05T13:25:45.394-04:00 DEBUG 87501 --- [centromedico] [           main] org.springframework.test.context.cache   : Spring test ApplicationContext cache statistics: [DefaultContextCache@7611e295 size = 1, maxSize = 32, parentContextCount = 0, hitCount = 8, missCount = 1, failureCount = 0]
2024-05-05T13:25:45.394-04:00 DEBUG 87501 --- [centromedico] [           main] org.springframework.test.context.cache   : Spring test ApplicationContext cache statistics: [DefaultContextCache@7611e295 size = 1, maxSize = 32, parentContextCount = 0, hitCount = 9, missCount = 1, failureCount = 0]
2024-05-05T13:25:45.395-04:00 DEBUG 87501 --- [centromedico] [           main] org.springframework.test.context.cache   : Spring test ApplicationContext cache statistics: [DefaultContextCache@7611e295 size = 1, maxSize = 32, parentContextCount = 0, hitCount = 10, missCount = 1, failureCount = 0]
2024-05-05T13:25:45.396-04:00 DEBUG 87501 --- [centromedico] [           main] org.springframework.test.context.cache   : Spring test ApplicationContext cache statistics: [DefaultContextCache@7611e295 size = 1, maxSize = 32, parentContextCount = 0, hitCount = 11, missCount = 1, failureCount = 0]
2024-05-05T13:25:45.396-04:00 DEBUG 87501 --- [centromedico] [           main] o.s.orm.jpa.JpaTransactionManager        : Initiating transaction rollback
2024-05-05T13:25:45.396-04:00 DEBUG 87501 --- [centromedico] [           main] o.s.orm.jpa.JpaTransactionManager        : Rolling back JPA transaction on EntityManager [SessionImpl(311725690<open>)]
2024-05-05T13:25:45.397-04:00 DEBUG 87501 --- [centromedico] [           main] o.h.e.t.internal.TransactionImpl         : rolling back
2024-05-05T13:25:45.536-04:00 DEBUG 87501 --- [centromedico] [           main] o.s.orm.jpa.JpaTransactionManager        : Closing JPA EntityManager [SessionImpl(311725690<open>)] after transaction
2024-05-05T13:25:45.536-04:00 DEBUG 87501 --- [centromedico] [           main] o.s.t.c.transaction.TransactionContext   : Rolled back transaction (1) for test class [com.CentroMedico.CentroMedico.repository.PacienteServiceTest]; test method [eliminarPacienteTest]
2024-05-05T13:25:45.537-04:00 DEBUG 87501 --- [centromedico] [           main] .c.s.DirtiesContextTestExecutionListener : After test method: class [PacienteServiceTest], method [eliminarPacienteTest], class annotated with @DirtiesContext [false] with mode [null], method annotated with @DirtiesContext [false] with mode [null]
]]></system-out>
    <system-err><![CDATA[WARNING: A Java agent has been loaded dynamically (/Users/pablojavier/.m2/repository/net/bytebuddy/byte-buddy-agent/1.14.12/byte-buddy-agent-1.14.12.jar)
WARNING: If a serviceability tool is in use, please run with -XX:+EnableDynamicAgentLoading to hide this warning
WARNING: If a serviceability tool is not in use, please run with -Djdk.instrument.traceUsage for more information
WARNING: Dynamic loading of agents will be disallowed by default in a future release
]]></system-err>
  </testcase>
  <testcase name="guardarPacienteTest" classname="com.CentroMedico.CentroMedico.repository.PacienteServiceTest" time="0.114">
    <system-out><![CDATA[2024-05-05T13:25:45.544-04:00 DEBUG 87501 --- [centromedico] [           main] DependencyInjectionTestExecutionListener : Performing dependency injection for test class com.CentroMedico.CentroMedico.repository.PacienteServiceTest
2024-05-05T13:25:45.544-04:00 DEBUG 87501 --- [centromedico] [           main] org.springframework.test.context.cache   : Spring test ApplicationContext cache statistics: [DefaultContextCache@7611e295 size = 1, maxSize = 32, parentContextCount = 0, hitCount = 12, missCount = 1, failureCount = 0]
2024-05-05T13:25:45.545-04:00 DEBUG 87501 --- [centromedico] [           main] org.springframework.test.context.cache   : Spring test ApplicationContext cache statistics: [DefaultContextCache@7611e295 size = 1, maxSize = 32, parentContextCount = 0, hitCount = 13, missCount = 1, failureCount = 0]
2024-05-05T13:25:45.545-04:00 DEBUG 87501 --- [centromedico] [           main] sContextBeforeModesTestExecutionListener : Before test method: class [PacienteServiceTest], method [guardarPacienteTest], class annotated with @DirtiesContext [false] with mode [null], method annotated with @DirtiesContext [false] with mode [null]
2024-05-05T13:25:45.546-04:00 DEBUG 87501 --- [centromedico] [           main] t.c.t.TransactionalTestExecutionListener : Explicit transaction definition [PROPAGATION_REQUIRED,ISOLATION_DEFAULT] found for test class [com.CentroMedico.CentroMedico.repository.PacienteServiceTest] and test method [guardarPacienteTest]
2024-05-05T13:25:45.546-04:00 DEBUG 87501 --- [centromedico] [           main] org.springframework.test.context.cache   : Spring test ApplicationContext cache statistics: [DefaultContextCache@7611e295 size = 1, maxSize = 32, parentContextCount = 0, hitCount = 14, missCount = 1, failureCount = 0]
2024-05-05T13:25:45.546-04:00 DEBUG 87501 --- [centromedico] [           main] t.c.t.TransactionalTestExecutionListener : No method-level @Rollback override: using default rollback [true] for test method [public void com.CentroMedico.CentroMedico.repository.PacienteServiceTest.guardarPacienteTest()]
2024-05-05T13:25:45.546-04:00 DEBUG 87501 --- [centromedico] [           main] o.s.orm.jpa.JpaTransactionManager        : Creating new transaction with name [com.CentroMedico.CentroMedico.repository.PacienteServiceTest.guardarPacienteTest]: PROPAGATION_REQUIRED,ISOLATION_DEFAULT
2024-05-05T13:25:45.546-04:00 DEBUG 87501 --- [centromedico] [           main] o.s.orm.jpa.JpaTransactionManager        : Opened new EntityManager [SessionImpl(1986088913<open>)] for JPA transaction
2024-05-05T13:25:45.546-04:00 DEBUG 87501 --- [centromedico] [           main] o.h.e.t.internal.TransactionImpl         : On TransactionImpl creation, JpaCompliance#isJpaTransactionComplianceEnabled == false
2024-05-05T13:25:45.546-04:00 DEBUG 87501 --- [centromedico] [           main] o.h.e.t.internal.TransactionImpl         : begin
2024-05-05T13:25:45.546-04:00 DEBUG 87501 --- [centromedico] [           main] o.s.orm.jpa.JpaTransactionManager        : Exposing JPA transaction as JDBC [org.springframework.orm.jpa.vendor.HibernateJpaDialect$HibernateConnectionHandle@1a2b23f2]
2024-05-05T13:25:45.546-04:00 DEBUG 87501 --- [centromedico] [           main] o.s.t.c.transaction.TransactionContext   : Began transaction (1) for test class [com.CentroMedico.CentroMedico.repository.PacienteServiceTest]; test method [guardarPacienteTest]; transaction manager [org.springframework.orm.jpa.JpaTransactionManager@72406594]; rollback [true]
2024-05-05T13:25:45.546-04:00 DEBUG 87501 --- [centromedico] [           main] org.springframework.test.context.cache   : Spring test ApplicationContext cache statistics: [DefaultContextCache@7611e295 size = 1, maxSize = 32, parentContextCount = 0, hitCount = 15, missCount = 1, failureCount = 0]
2024-05-05T13:25:45.547-04:00 DEBUG 87501 --- [centromedico] [           main] org.springframework.test.context.cache   : Spring test ApplicationContext cache statistics: [DefaultContextCache@7611e295 size = 1, maxSize = 32, parentContextCount = 0, hitCount = 16, missCount = 1, failureCount = 0]
2024-05-05T13:25:45.547-04:00 DEBUG 87501 --- [centromedico] [           main] org.springframework.test.context.cache   : Spring test ApplicationContext cache statistics: [DefaultContextCache@7611e295 size = 1, maxSize = 32, parentContextCount = 0, hitCount = 17, missCount = 1, failureCount = 0]
2024-05-05T13:25:45.547-04:00 DEBUG 87501 --- [centromedico] [           main] o.s.orm.jpa.JpaTransactionManager        : Found thread-bound EntityManager [SessionImpl(1986088913<open>)] for JPA transaction
2024-05-05T13:25:45.547-04:00 DEBUG 87501 --- [centromedico] [           main] o.s.orm.jpa.JpaTransactionManager        : Participating in existing transaction
2024-05-05T13:25:45.548-04:00 DEBUG 87501 --- [centromedico] [           main] o.h.j.internal.PersistenceUnitUtilImpl   : jakarta.persistence.PersistenceUnitUtil.getIdentifier is only intended to work with enhanced entities (although Hibernate also adapts this support to its proxies); however the passed entity was not enhanced (nor a proxy).. may not be able to read identifier
2024-05-05T13:25:45.548-04:00 DEBUG 87501 --- [centromedico] [           main] org.hibernate.engine.spi.ActionQueue     : Executing identity-insert immediately
2024-05-05T13:25:45.548-04:00 DEBUG 87501 --- [centromedico] [           main] org.hibernate.SQL                        : insert into paciente (apellidos,edad,nombres,rut,idpac) values (?,?,?,?,default)
Hibernate: insert into paciente (apellidos,edad,nombres,rut,idpac) values (?,?,?,?,default)
2024-05-05T13:25:45.582-04:00 DEBUG 87501 --- [centromedico] [           main] o.h.id.IdentifierGeneratorHelper         : Natively generated identity (com.CentroMedico.CentroMedico.model.Paciente) : 2
2024-05-05T13:25:45.583-04:00 DEBUG 87501 --- [centromedico] [           main] org.springframework.test.context.cache   : Spring test ApplicationContext cache statistics: [DefaultContextCache@7611e295 size = 1, maxSize = 32, parentContextCount = 0, hitCount = 18, missCount = 1, failureCount = 0]
2024-05-05T13:25:45.584-04:00 DEBUG 87501 --- [centromedico] [           main] org.springframework.test.context.cache   : Spring test ApplicationContext cache statistics: [DefaultContextCache@7611e295 size = 1, maxSize = 32, parentContextCount = 0, hitCount = 19, missCount = 1, failureCount = 0]
2024-05-05T13:25:45.584-04:00 DEBUG 87501 --- [centromedico] [           main] org.springframework.test.context.cache   : Spring test ApplicationContext cache statistics: [DefaultContextCache@7611e295 size = 1, maxSize = 32, parentContextCount = 0, hitCount = 20, missCount = 1, failureCount = 0]
2024-05-05T13:25:45.584-04:00 DEBUG 87501 --- [centromedico] [           main] org.springframework.test.context.cache   : Spring test ApplicationContext cache statistics: [DefaultContextCache@7611e295 size = 1, maxSize = 32, parentContextCount = 0, hitCount = 21, missCount = 1, failureCount = 0]
2024-05-05T13:25:45.584-04:00 DEBUG 87501 --- [centromedico] [           main] org.springframework.test.context.cache   : Spring test ApplicationContext cache statistics: [DefaultContextCache@7611e295 size = 1, maxSize = 32, parentContextCount = 0, hitCount = 22, missCount = 1, failureCount = 0]
2024-05-05T13:25:45.584-04:00 DEBUG 87501 --- [centromedico] [           main] org.springframework.test.context.cache   : Spring test ApplicationContext cache statistics: [DefaultContextCache@7611e295 size = 1, maxSize = 32, parentContextCount = 0, hitCount = 23, missCount = 1, failureCount = 0]
2024-05-05T13:25:45.584-04:00 DEBUG 87501 --- [centromedico] [           main] o.s.orm.jpa.JpaTransactionManager        : Initiating transaction rollback
2024-05-05T13:25:45.584-04:00 DEBUG 87501 --- [centromedico] [           main] o.s.orm.jpa.JpaTransactionManager        : Rolling back JPA transaction on EntityManager [SessionImpl(1986088913<open>)]
2024-05-05T13:25:45.584-04:00 DEBUG 87501 --- [centromedico] [           main] o.h.e.t.internal.TransactionImpl         : rolling back
2024-05-05T13:25:45.658-04:00 DEBUG 87501 --- [centromedico] [           main] o.s.orm.jpa.JpaTransactionManager        : Closing JPA EntityManager [SessionImpl(1986088913<open>)] after transaction
2024-05-05T13:25:45.658-04:00 DEBUG 87501 --- [centromedico] [           main] o.s.t.c.transaction.TransactionContext   : Rolled back transaction (1) for test class [com.CentroMedico.CentroMedico.repository.PacienteServiceTest]; test method [guardarPacienteTest]
2024-05-05T13:25:45.658-04:00 DEBUG 87501 --- [centromedico] [           main] .c.s.DirtiesContextTestExecutionListener : After test method: class [PacienteServiceTest], method [guardarPacienteTest], class annotated with @DirtiesContext [false] with mode [null], method annotated with @DirtiesContext [false] with mode [null]
]]></system-out>
  </testcase>
</testsuite>